#
# There is insufficient memory for the Java Runtime Environment to continue.
# Native memory allocation (malloc) failed to allocate 1060016 bytes for Chunk::new
# Possible reasons:
#   The system is out of physical RAM or swap space
#   In 32 bit mode, the process size limit was hit
# Possible solutions:
#   Reduce memory load on the system
#   Increase physical memory or swap space
#   Check if swap backing store is full
#   Use 64 bit Java on a 64 bit OS
#   Decrease Java heap size (-Xmx/-Xms)
#   Decrease number of Java threads
#   Decrease Java thread stack sizes (-Xss)
#   Set larger code cache with -XX:ReservedCodeCacheSize=
# This output file may be truncated or incomplete.
#
#  Out of Memory Error (allocation.cpp:390), pid=9556, tid=9076
#
# JRE version: Java(TM) SE Runtime Environment (8.0_20-b26) (build 1.8.0_20-b26)
# Java VM: Java HotSpot(TM) 64-Bit Server VM (25.20-b23 mixed mode windows-amd64 compressed oops)
# Failed to write core dump. Minidumps are not enabled by default on client versions of Windows
#

---------------  T H R E A D  ---------------

Current thread (0x0000000016e69000):  JavaThread "C2 CompilerThread1" daemon [_thread_in_native, id=9076, stack(0x0000000017540000,0x0000000017640000)]

Stack: [0x0000000017540000,0x0000000017640000]
Native frames: (J=compiled Java code, j=interpreted, Vv=VM code, C=native code)
V  [jvm.dll+0x3152fa]


Current CompileTask:
C2:   5097 1576       4       com.android.dx.dex.code.RopToDop::dopFor (792 bytes)


---------------  P R O C E S S  ---------------

Java Threads: ( => current thread )
  0x0000000016ed2800 JavaThread "Service Thread" daemon [_thread_blocked, id=9700, stack(0x0000000017840000,0x0000000017940000)]
  0x0000000016ec7800 JavaThread "C1 CompilerThread3" daemon [_thread_blocked, id=6808, stack(0x0000000017740000,0x0000000017840000)]
  0x0000000016ec5000 JavaThread "C2 CompilerThread2" daemon [_thread_in_native, id=11284, stack(0x0000000017640000,0x0000000017740000)]
=>0x0000000016e69000 JavaThread "C2 CompilerThread1" daemon [_thread_in_native, id=9076, stack(0x0000000017540000,0x0000000017640000)]
  0x0000000016e65800 JavaThread "C2 CompilerThread0" daemon [_thread_in_native, id=5560, stack(0x0000000017440000,0x0000000017540000)]
  0x0000000016e64800 JavaThread "Attach Listener" daemon [_thread_blocked, id=10028, stack(0x0000000017340000,0x0000000017440000)]
  0x0000000016e63800 JavaThread "Signal Dispatcher" daemon [_thread_blocked, id=8872, stack(0x0000000017240000,0x0000000017340000)]
  0x0000000002328000 JavaThread "Finalizer" daemon [_thread_blocked, id=7828, stack(0x0000000016d40000,0x0000000016e40000)]
  0x0000000002321000 JavaThread "Reference Handler" daemon [_thread_blocked, id=3980, stack(0x0000000016c40000,0x0000000016d40000)]
  0x0000000002230800 JavaThread "main" [_thread_in_Java, id=8372, stack(0x0000000002130000,0x0000000002230000)]

Other Threads:
  0x0000000014e49000 VMThread [stack: 0x0000000016b40000,0x0000000016c40000] [id=12172]
  0x0000000016ed4800 WatcherThread [stack: 0x0000000017940000,0x0000000017a40000] [id=6864]

VM state:not at safepoint (normal execution)

VM Mutex/Monitor currently owned by a thread: None

Heap:
 PSYoungGen      total 37888K, used 30088K [0x00000000eab00000, 0x00000000ef500000, 0x0000000100000000)
  eden space 32768K, 76% used [0x00000000eab00000,0x00000000ec3644b0,0x00000000ecb00000)
  from space 5120K, 99% used [0x00000000ecb00000,0x00000000ecffdc88,0x00000000ed000000)
  to   space 5120K, 0% used [0x00000000ef000000,0x00000000ef000000,0x00000000ef500000)
 ParOldGen       total 86016K, used 1451K [0x00000000c0000000, 0x00000000c5400000, 0x00000000eab00000)
  object space 86016K, 1% used [0x00000000c0000000,0x00000000c016ad68,0x00000000c5400000)
 Metaspace       used 5897K, capacity 7024K, committed 7296K, reserved 1056768K
  class space    used 575K, capacity 616K, committed 640K, reserved 1048576K

Card table byte_map: [0x00000000116f0000,0x0000000011900000] byte_map_base: 0x00000000110f0000

Marking Bits: (ParMarkBitMap*) 0x000000006124b460
 Begin Bits: [0x0000000012260000, 0x0000000013260000)
 End Bits:   [0x0000000013260000, 0x0000000014260000)

Polling page: 0x0000000000880000

CodeCache: size=245760Kb used=6713Kb max_used=6725Kb free=239046Kb
 bounds [0x0000000002330000, 0x00000000029d0000, 0x0000000011330000]
 total_blobs=1826 nmethods=1565 adapters=174
 compilation: enabled

Compilation events (10 events):
Event: 4.986 Thread 0x0000000016e69000 nmethod 1551 0x00000000029c6a10 code [0x00000000029c6c20, 0x00000000029c7a80]
Event: 4.986 Thread 0x0000000016e69000 1550       4       com.android.dx.ssa.SsaConverter::needsNewSuccessor (53 bytes)
Event: 4.990 Thread 0x0000000016e69000 nmethod 1550 0x00000000029bac50 code [0x00000000029bada0, 0x00000000029baf78]
Event: 5.019 Thread 0x0000000016e69000 1573       4       com.android.dx.cf.code.BaseMachine::getLocalTarget (151 bytes)
Event: 5.023 Thread 0x0000000016e69000 nmethod 1573 0x00000000029bc590 code [0x00000000029bc720, 0x00000000029bc970]
Event: 5.025 Thread 0x0000000016e69000 1574       4       com.android.dx.ssa.SsaRenamer$1::visitBlock (16 bytes)
Event: 5.032 Thread 0x0000000016e69000 nmethod 1574 0x00000000029bbbd0 code [0x00000000029bbd60, 0x00000000029bc1c8]
Event: 5.032 Thread 0x0000000016e69000 1575       4       com.android.dx.ssa.SsaRenamer$BlockRenamer::<init> (72 bytes)
Event: 5.037 Thread 0x0000000016e69000 nmethod 1575 0x00000000029bb390 code [0x00000000029bb500, 0x00000000029bb898]
Event: 5.042 Thread 0x0000000016e69000 1576       4       com.android.dx.dex.code.RopToDop::dopFor (792 bytes)

GC Heap History (2 events):
Event: 3.469 GC heap before
{Heap before GC invocations=1 (full 0):
 PSYoungGen      total 37888K, used 32768K [0x00000000eab00000, 0x00000000ed500000, 0x0000000100000000)
  eden space 32768K, 100% used [0x00000000eab00000,0x00000000ecb00000,0x00000000ecb00000)
  from space 5120K, 0% used [0x00000000ed000000,0x00000000ed000000,0x00000000ed500000)
  to   space 5120K, 0% used [0x00000000ecb00000,0x00000000ecb00000,0x00000000ed000000)
 ParOldGen       total 86016K, used 0K [0x00000000c0000000, 0x00000000c5400000, 0x00000000eab00000)
  object space 86016K, 0% used [0x00000000c0000000,0x00000000c0000000,0x00000000c5400000)
 Metaspace       used 5740K, capacity 6960K, committed 7040K, reserved 1056768K
  class space    used 555K, capacity 616K, committed 640K, reserved 1048576K
Event: 4.332 GC heap after
Heap after GC invocations=1 (full 0):
 PSYoungGen      total 37888K, used 5111K [0x00000000eab00000, 0x00000000ef500000, 0x0000000100000000)
  eden space 32768K, 0% used [0x00000000eab00000,0x00000000eab00000,0x00000000ecb00000)
  from space 5120K, 99% used [0x00000000ecb00000,0x00000000ecffdc88,0x00000000ed000000)
  to   space 5120K, 0% used [0x00000000ef000000,0x00000000ef000000,0x00000000ef500000)
 ParOldGen       total 86016K, used 1451K [0x00000000c0000000, 0x00000000c5400000, 0x00000000eab00000)
  object space 86016K, 1% used [0x00000000c0000000,0x00000000c016ad68,0x00000000c5400000)
 Metaspace       used 5740K, capacity 6960K, committed 7040K, reserved 1056768K
  class space    used 555K, capacity 616K, committed 640K, reserved 1048576K
}

Deoptimization events (10 events):
Event: 4.489 Thread 0x0000000002230800 Uncommon trap: reason=class_check action=maybe_recompile pc=0x0000000002799370 method=java.util.HashMap.putVal(ILjava/lang/Object;Ljava/lang/Object;ZZ)Ljava/lang/Object; @ 203
Event: 4.489 Thread 0x0000000002230800 Uncommon trap: reason=bimorphic action=maybe_recompile pc=0x000000000256a590 method=java.util.HashMap.getNode(ILjava/lang/Object;)Ljava/util/HashMap$Node; @ 126
Event: 4.489 Thread 0x0000000002230800 Uncommon trap: reason=class_check action=maybe_recompile pc=0x0000000002799370 method=java.util.HashMap.putVal(ILjava/lang/Object;Ljava/lang/Object;ZZ)Ljava/lang/Object; @ 203
Event: 4.499 Thread 0x0000000002230800 Uncommon trap: reason=unreached action=reinterpret pc=0x00000000025c8d1c method=java.util.HashMap.getNode(ILjava/lang/Object;)Ljava/util/HashMap$Node; @ 84
Event: 4.506 Thread 0x0000000002230800 Uncommon trap: reason=class_check action=maybe_recompile pc=0x00000000027aa038 method=com.android.dx.rop.cst.CstKnownNull.equals(Ljava/lang/Object;)Z @ 1
Event: 4.534 Thread 0x0000000002230800 Uncommon trap: reason=unloaded action=reinterpret pc=0x000000000294a500 method=com.android.dx.cf.cst.ConstantPoolParser.parse0(ILjava/util/BitSet;)Lcom/android/dx/rop/cst/Constant; @ 220
Event: 4.685 Thread 0x0000000002230800 Uncommon trap: reason=bimorphic action=maybe_recompile pc=0x000000000299a998 method=com.android.dx.ssa.SCCP.setLatticeValueTo(IILcom/android/dx/rop/cst/Constant;)Z @ 43
Event: 4.794 Thread 0x0000000002230800 Uncommon trap: reason=bimorphic action=maybe_recompile pc=0x000000000299a998 method=com.android.dx.ssa.SCCP.setLatticeValueTo(IILcom/android/dx/rop/cst/Constant;)Z @ 43
Event: 4.794 Thread 0x0000000002230800 Uncommon trap: reason=bimorphic action=maybe_recompile pc=0x000000000299a998 method=com.android.dx.ssa.SCCP.setLatticeValueTo(IILcom/android/dx/rop/cst/Constant;)Z @ 43
Event: 4.796 Thread 0x0000000002230800 Uncommon trap: reason=bimorphic action=maybe_recompile pc=0x000000000299a998 method=com.android.dx.ssa.SCCP.setLatticeValueTo(IILcom/android/dx/rop/cst/Constant;)Z @ 43

Internal exceptions (10 events):
Event: 1.157 Thread 0x0000000002230800 Implicit null exception at 0x000000000269999f to 0x000000000269b87d
Event: 1.158 Thread 0x0000000002230800 Exception <a 'java/security/PrivilegedActionException'> (0x00000000eb93e628) thrown at [D:\re\workspace\8-2-build-windows-amd64-cygwin\jdk8u20\1074\hotspot\src\share\vm\prims\jvm.cpp, line 1275]
Event: 1.274 Thread 0x0000000002230800 Exception <a 'java/security/PrivilegedActionException'> (0x00000000eb9bc558) thrown at [D:\re\workspace\8-2-build-windows-amd64-cygwin\jdk8u20\1074\hotspot\src\share\vm\prims\jvm.cpp, line 1275]
Event: 1.274 Thread 0x0000000002230800 Exception <a 'java/security/PrivilegedActionException'> (0x00000000eb9beb80) thrown at [D:\re\workspace\8-2-build-windows-amd64-cygwin\jdk8u20\1074\hotspot\src\share\vm\prims\jvm.cpp, line 1275]
Event: 1.834 Thread 0x0000000002230800 Implicit null exception at 0x000000000276a722 to 0x000000000276a815
Event: 3.048 Thread 0x0000000002230800 Exception <a 'java/security/PrivilegedActionException'> (0x00000000ec8e13f8) thrown at [D:\re\workspace\8-2-build-windows-amd64-cygwin\jdk8u20\1074\hotspot\src\share\vm\prims\jvm.cpp, line 1275]
Event: 4.378 Thread 0x0000000002230800 Exception <a 'java/security/PrivilegedActionException'> (0x00000000ead52348) thrown at [D:\re\workspace\8-2-build-windows-amd64-cygwin\jdk8u20\1074\hotspot\src\share\vm\prims\jvm.cpp, line 1275]
Event: 4.499 Thread 0x0000000002230800 Exception <a 'java/lang/ArrayIndexOutOfBoundsException': 18> (0x00000000eb2af708) thrown at [D:\re\workspace\8-2-build-windows-amd64-cygwin\jdk8u20\1074\hotspot\src\share\vm\interpreter\interpreterRuntime.cpp, line 366]
Event: 4.545 Thread 0x0000000002230800 Exception <a 'java/lang/ArrayIndexOutOfBoundsException': 145> (0x00000000eb6a1588) thrown at [D:\re\workspace\8-2-build-windows-amd64-cygwin\jdk8u20\1074\hotspot\src\share\vm\interpreter\interpreterRuntime.cpp, line 366]
Event: 4.546 Thread 0x0000000002230800 Exception <a 'java/lang/ArrayIndexOutOfBoundsException'> (0x00000000eb6a27a0) thrown at [D:\re\workspace\8-2-build-windows-amd64-cygwin\jdk8u20\1074\hotspot\src\share\vm\runtime\sharedRuntime.cpp, line 604]

Events (10 events):
Event: 4.685 Thread 0x0000000002230800 DEOPT UNPACKING pc=0x000000000237556a sp=0x000000000222e738 mode 2
Event: 4.794 Thread 0x0000000002230800 Uncommon trap: trap_request=0xffffffc6 fr.pc=0x000000000299a998
Event: 4.794 Thread 0x0000000002230800 DEOPT PACKING pc=0x000000000299a998 sp=0x000000000222e7c0
Event: 4.794 Thread 0x0000000002230800 DEOPT UNPACKING pc=0x000000000237556a sp=0x000000000222e728 mode 2
Event: 4.794 Thread 0x0000000002230800 Uncommon trap: trap_request=0xffffffc6 fr.pc=0x000000000299a998
Event: 4.794 Thread 0x0000000002230800 DEOPT PACKING pc=0x000000000299a998 sp=0x000000000222e860
Event: 4.794 Thread 0x0000000002230800 DEOPT UNPACKING pc=0x000000000237556a sp=0x000000000222e7c8 mode 2
Event: 4.796 Thread 0x0000000002230800 Uncommon trap: trap_request=0xffffffc6 fr.pc=0x000000000299a998
Event: 4.796 Thread 0x0000000002230800 DEOPT PACKING pc=0x000000000299a998 sp=0x000000000222e730
Event: 4.796 Thread 0x0000000002230800 DEOPT UNPACKING pc=0x000000000237556a sp=0x000000000222e698 mode 2


Dynamic libraries:
0x00007ff6ec110000 - 0x00007ff6ec144000 	C:\Program Files\Java\jdk1.8.0_20\bin\java.exe
0x00007ffbeb580000 - 0x00007ffbeb741000 	C:\WINDOWS\SYSTEM32\ntdll.dll
0x00007ffbeae20000 - 0x00007ffbeaecd000 	C:\WINDOWS\system32\KERNEL32.DLL
0x00007ffbe8840000 - 0x00007ffbe8a1d000 	C:\WINDOWS\system32\KERNELBASE.dll
0x00007ffbe94e0000 - 0x00007ffbe9586000 	C:\WINDOWS\system32\ADVAPI32.dll
0x00007ffbe9590000 - 0x00007ffbe962d000 	C:\WINDOWS\system32\msvcrt.dll
0x00007ffbe8ff0000 - 0x00007ffbe904b000 	C:\WINDOWS\system32\sechost.dll
0x00007ffbe8c50000 - 0x00007ffbe8d76000 	C:\WINDOWS\system32\RPCRT4.dll
0x00007ffbeb190000 - 0x00007ffbeb2de000 	C:\WINDOWS\system32\USER32.dll
0x00007ffbeb2e0000 - 0x00007ffbeb466000 	C:\WINDOWS\system32\GDI32.dll
0x00007ffbdd030000 - 0x00007ffbdd2a4000 	C:\WINDOWS\WinSxS\amd64_microsoft.windows.common-controls_6595b64144ccf1df_6.0.10240.16384_none_f41f7b285750ef43\COMCTL32.dll
0x00007ffbe8e50000 - 0x00007ffbe8e86000 	C:\WINDOWS\system32\IMM32.DLL
0x00007ffbe8e90000 - 0x00007ffbe8fec000 	C:\WINDOWS\system32\MSCTF.dll
0x0000000060060000 - 0x0000000060132000 	C:\Program Files\Java\jdk1.8.0_20\jre\bin\msvcr100.dll
0x0000000060a70000 - 0x00000000612c8000 	C:\Program Files\Java\jdk1.8.0_20\jre\bin\server\jvm.dll
0x00007ffbe98e0000 - 0x00007ffbe98e8000 	C:\WINDOWS\system32\PSAPI.DLL
0x00007ffbe4430000 - 0x00007ffbe4439000 	C:\WINDOWS\SYSTEM32\WSOCK32.dll
0x00007ffbe6370000 - 0x00007ffbe6393000 	C:\WINDOWS\SYSTEM32\WINMM.dll
0x00007ffbe9630000 - 0x00007ffbe9699000 	C:\WINDOWS\system32\WS2_32.dll
0x00007ffbe9700000 - 0x00007ffbe9708000 	C:\WINDOWS\system32\NSI.dll
0x0000000001fc0000 - 0x0000000001fec000 	C:\WINDOWS\SYSTEM32\WINMMBASE.dll
0x00007ffbe8050000 - 0x00007ffbe8094000 	C:\WINDOWS\system32\cfgmgr32.dll
0x00007ffbe6880000 - 0x00007ffbe68a7000 	C:\WINDOWS\SYSTEM32\DEVOBJ.dll
0x0000000060a60000 - 0x0000000060a6f000 	C:\Program Files\Java\jdk1.8.0_20\jre\bin\verify.dll
0x0000000060a30000 - 0x0000000060a58000 	C:\Program Files\Java\jdk1.8.0_20\jre\bin\java.dll
0x0000000060a10000 - 0x0000000060a26000 	C:\Program Files\Java\jdk1.8.0_20\jre\bin\zip.dll
0x00007ffbe98f0000 - 0x00007ffbeae12000 	C:\WINDOWS\system32\SHELL32.dll
0x00007ffbe8210000 - 0x00007ffbe8838000 	C:\WINDOWS\system32\windows.storage.dll
0x00007ffbe9050000 - 0x00007ffbe92cc000 	C:\WINDOWS\system32\combase.dll
0x00007ffbe8df0000 - 0x00007ffbe8e41000 	C:\WINDOWS\system32\shlwapi.dll
0x00007ffbe8040000 - 0x00007ffbe804f000 	C:\WINDOWS\system32\kernel.appcore.dll
0x00007ffbe8150000 - 0x00007ffbe8203000 	C:\WINDOWS\system32\shcore.dll
0x00007ffbe7ff0000 - 0x00007ffbe803a000 	C:\WINDOWS\system32\powrprof.dll
0x00007ffbe7fd0000 - 0x00007ffbe7fe3000 	C:\WINDOWS\system32\profapi.dll

VM Arguments:
jvm_args: -Xmx1024M -Dfile.encoding=windows-1252 -Duser.country=US -Duser.language=en -Duser.variant 
java_command: com.android.dx.command.Main --dex --output C:\Users\Bharath\AndroidStudioProjects\Whale\app\build\intermediates\pre-dexed\debug\classes-1a9347b2e97bb3a8488cf5e567719253b32d5ce2.jar C:\Users\Bharath\AndroidStudioProjects\Whale\app\build\intermediates\exploded-aar\com.android.support\support-v4\23.1.0\jars\classes.jar
java_class_path (initial): C:\Users\Bharath\AppData\Local\Android\sdk\build-tools\22.0.1\lib\dx.jar
Launcher Type: SUN_STANDARD

Environment Variables:
JAVA_HOME=C:\Program Files\Java\jdk1.8.0_20
PATH=C:\ProgramData\Oracle\Java\javapath;C:\Program Files\Java\jdk1.8.0_25\bin;C:\WINDOWS\system32;C:\WINDOWS;C:\WINDOWS\System32\Wbem;C:\WINDOWS\System32\WindowsPowerShell\v1.0\;C:\Program Files (x86)\Skype\Phone\;%USERPROFILE%\.dnx\bin;C:\Program Files\Microsoft DNX\Dnvm\;C:\Program Files\Microsoft SQL Server\120\Tools\Binn\;C:\Strawberry\c\bin;C:\Strawberry\perl\site\bin;C:\Strawberry\perl\bin;C:\Program Files\nodejs\;C:\Users\Bharath\AppData\Roaming\npm
USERNAME=Bharath
OS=Windows_NT
PROCESSOR_IDENTIFIER=Intel64 Family 6 Model 60 Stepping 3, GenuineIntel



---------------  S Y S T E M  ---------------

OS: Windows 8.1 , 64 bit Build 9600 

CPU:total 8 (4 cores per cpu, 2 threads per core) family 6 model 60 stepping 3, cmov, cx8, fxsr, mmx, sse, sse2, sse3, ssse3, sse4.1, sse4.2, popcnt, avx, avx2, aes, clmul, erms, lzcnt, ht, tsc, tscinvbit, bmi1, bmi2

Memory: 4k page, physical 8134936k(1472780k free), swap 12790040k(6144k free)

vm_info: Java HotSpot(TM) 64-Bit Server VM (25.20-b23) for windows-amd64 JRE (1.8.0_20-b26), built on Jul 30 2014 13:51:23 by "java_re" with MS VC++ 10.0 (VS2010)

time: Tue Nov 24 00:03:36 2015
elapsed time: 5 seconds (0d 0h 0m 5s)

