#
# There is insufficient memory for the Java Runtime Environment to continue.
# Native memory allocation (malloc) failed to allocate 1048576 bytes for AllocateHeap
# Possible reasons:
#   The system is out of physical RAM or swap space
#   In 32 bit mode, the process size limit was hit
# Possible solutions:
#   Reduce memory load on the system
#   Increase physical memory or swap space
#   Check if swap backing store is full
#   Use 64 bit Java on a 64 bit OS
#   Decrease Java heap size (-Xmx/-Xms)
#   Decrease number of Java threads
#   Decrease Java thread stack sizes (-Xss)
#   Set larger code cache with -XX:ReservedCodeCacheSize=
# This output file may be truncated or incomplete.
#
#  Out of Memory Error (memory/allocation.inline.hpp:62), pid=10124, tid=12096
#
# JRE version:  (8.0_20-b26) (build )
# Java VM: Java HotSpot(TM) 64-Bit Server VM (25.20-b23 mixed mode windows-amd64 compressed oops)
# Failed to write core dump. Minidumps are not enabled by default on client versions of Windows
#

---------------  T H R E A D  ---------------

Current thread (0x00000000022c0800):  JavaThread "Unknown thread" [_thread_in_vm, id=12096, stack(0x00000000021c0000,0x00000000022c0000)]

Stack: [0x00000000021c0000,0x00000000022c0000]
[error occurred during error reporting (printing stack bounds), id 0xc0000005]

Native frames: (J=compiled Java code, j=interpreted, Vv=VM code, C=native code)
V  [jvm.dll+0x3152fa]
V  [jvm.dll+0x265d03]
V  [jvm.dll+0x266943]
V  [jvm.dll+0x286de4]
C  [KERNELBASE.dll+0x702ce]
C  [ntdll.dll+0x98992]
C  [ntdll.dll+0x83f66]
C  [ntdll.dll+0x9633d]
C  [ntdll.dll+0x13c00]
C  [ntdll.dll+0x9544a]
V  [jvm.dll+0x205611]


---------------  P R O C E S S  ---------------

Java Threads: ( => current thread )

Other Threads:

=>0x00000000022c0800 (exited) JavaThread "Unknown thread" [_thread_in_vm, id=12096, stack(0x00000000021c0000,0x00000000022c0000)]

VM state:not at safepoint (normal execution)

VM Mutex/Monitor currently owned by a thread: None

Heap:
 PSYoungGen      total 37888K, used 655K [0x00000000eab00000, 0x00000000ed500000, 0x0000000100000000)
  eden space 32768K, 2% used [0x00000000eab00000,0x00000000eaba3d80,0x00000000ecb00000)
  from space 5120K, 0% used [0x00000000ed000000,0x00000000ed000000,0x00000000ed500000)
  to   space 5120K, 0% used [0x00000000ecb00000,0x00000000ecb00000,0x00000000ed000000)
 ParOldGen       total 86016K, used 0K [0x00000000c0000000, 0x00000000c5400000, 0x00000000eab00000)
  object space 86016K, 0% used [0x00000000c0000000,0x00000000c0000000,0x00000000c5400000)
 Metaspace       used 674K, capacity 4480K, committed 4480K, reserved 1056768K
  class space    used 66K, capacity 384K, committed 384K, reserved 1048576K

Card table byte_map: [0x0000000011780000,0x0000000011990000] byte_map_base: 0x0000000011180000

Marking Bits: (ParMarkBitMap*) 0x000000006fc1b460
 Begin Bits: [0x00000000122f0000, 0x00000000132f0000)
 End Bits:   [0x00000000132f0000, 0x00000000142f0000)

Polling page: 0x0000000001f80000

CodeCache: size=245760Kb used=327Kb max_used=327Kb free=245432Kb
 bounds [0x00000000023c0000, 0x0000000002630000, 0x00000000113c0000]
 total_blobs=56 nmethods=0 adapters=37
 compilation: enabled

Compilation events (0 events):
No events

GC Heap History (0 events):
No events

Deoptimization events (0 events):
No events

Internal exceptions (0 events):
No events

Events (10 events):
Event: 0.036 loading class java/lang/Short
Event: 0.036 loading class java/lang/Short done
Event: 0.036 loading class java/lang/Integer
Event: 0.036 loading class java/lang/Integer done
Event: 0.036 loading class java/lang/Long
Event: 0.036 loading class java/lang/Long done
Event: 0.038 loading class java/lang/NullPointerException
Event: 0.038 loading class java/lang/NullPointerException done
Event: 0.038 loading class java/lang/ArithmeticException
Event: 0.038 loading class java/lang/ArithmeticException done


Dynamic libraries:
0x00007ff611d50000 - 0x00007ff611d84000 	C:\Program Files\Java\jdk1.8.0_20\bin\java.exe
0x00007ff951670000 - 0x00007ff951831000 	C:\WINDOWS\SYSTEM32\ntdll.dll
0x00007ff950b10000 - 0x00007ff950bbd000 	C:\WINDOWS\system32\KERNEL32.DLL
0x00007ff94eb00000 - 0x00007ff94ecdd000 	C:\WINDOWS\system32\KERNELBASE.dll
0x00007ff951270000 - 0x00007ff951316000 	C:\WINDOWS\system32\ADVAPI32.dll
0x00007ff951170000 - 0x00007ff95120d000 	C:\WINDOWS\system32\msvcrt.dll
0x00007ff950c30000 - 0x00007ff950c8b000 	C:\WINDOWS\system32\sechost.dll
0x00007ff9514a0000 - 0x00007ff9515c6000 	C:\WINDOWS\system32\RPCRT4.dll
0x00007ff950f60000 - 0x00007ff9510ae000 	C:\WINDOWS\system32\USER32.dll
0x00007ff950980000 - 0x00007ff950b06000 	C:\WINDOWS\system32\GDI32.dll
0x00007ff9450e0000 - 0x00007ff945354000 	C:\WINDOWS\WinSxS\amd64_microsoft.windows.common-controls_6595b64144ccf1df_6.0.10240.16384_none_f41f7b285750ef43\COMCTL32.dll
0x00007ff951630000 - 0x00007ff951666000 	C:\WINDOWS\system32\IMM32.DLL
0x00007ff951320000 - 0x00007ff95147c000 	C:\WINDOWS\system32\MSCTF.dll
0x000000006efd0000 - 0x000000006f0a2000 	C:\Program Files\Java\jdk1.8.0_20\jre\bin\msvcr100.dll
0x000000006f440000 - 0x000000006fc98000 	C:\Program Files\Java\jdk1.8.0_20\jre\bin\server\jvm.dll
0x00007ff951490000 - 0x00007ff951498000 	C:\WINDOWS\system32\PSAPI.DLL
0x00007ff94bd00000 - 0x00007ff94bd09000 	C:\WINDOWS\SYSTEM32\WSOCK32.dll
0x00007ff94c0b0000 - 0x00007ff94c0d3000 	C:\WINDOWS\SYSTEM32\WINMM.dll
0x00007ff950c90000 - 0x00007ff950cf9000 	C:\WINDOWS\system32\WS2_32.dll
0x00007ff950290000 - 0x00007ff950298000 	C:\WINDOWS\system32\NSI.dll
0x00007ff94c080000 - 0x00007ff94c0ac000 	C:\WINDOWS\SYSTEM32\WINMMBASE.dll
0x00007ff94e770000 - 0x00007ff94e7b4000 	C:\WINDOWS\system32\cfgmgr32.dll
0x00007ff94c970000 - 0x00007ff94c997000 	C:\WINDOWS\SYSTEM32\DEVOBJ.dll
0x00000000711d0000 - 0x00000000711df000 	C:\Program Files\Java\jdk1.8.0_20\jre\bin\verify.dll
0x000000006f410000 - 0x000000006f438000 	C:\Program Files\Java\jdk1.8.0_20\jre\bin\java.dll
0x000000006f3f0000 - 0x000000006f406000 	C:\Program Files\Java\jdk1.8.0_20\jre\bin\zip.dll
0x00007ff93e6b0000 - 0x00007ff93e83a000 	C:\WINDOWS\SYSTEM32\dbghelp.dll

VM Arguments:
jvm_args: -Xmx1024M -Dfile.encoding=windows-1252 -Duser.country=US -Duser.language=en -Duser.variant 
java_command: com.android.dx.command.Main --dex --output C:\Users\Bharath\AndroidStudioProjects\Whale\app\build\intermediates\pre-dexed\debug\classes-95093461d10a88b1a7b2e819ee0ee30ec09358e3.jar C:\Users\Bharath\AndroidStudioProjects\Whale\app\build\intermediates\exploded-aar\com.android.support\design\23.1.0\jars\classes.jar
java_class_path (initial): C:\Users\Bharath\AppData\Local\Android\sdk\build-tools\22.0.1\lib\dx.jar
Launcher Type: SUN_STANDARD

Environment Variables:
JAVA_HOME=C:\Program Files\Java\jdk1.8.0_20
PATH=C:\ProgramData\Oracle\Java\javapath;C:\Program Files\Java\jdk1.8.0_25\bin;C:\WINDOWS\system32;C:\WINDOWS;C:\WINDOWS\System32\Wbem;C:\WINDOWS\System32\WindowsPowerShell\v1.0\;C:\Program Files (x86)\Skype\Phone\;C:\WINDOWS\system32\config\systemprofile\.dnx\bin;C:\Program Files\Microsoft DNX\Dnvm\;C:\Program Files\Microsoft SQL Server\120\Tools\Binn\;C:\Strawberry\c\bin;C:\Strawberry\perl\site\bin;C:\Strawberry\perl\bin;C:\Program Files\nodejs\;C:\Users\Bharath\AppData\Roaming\npm
USERNAME=Bharath
OS=Windows_NT
PROCESSOR_IDENTIFIER=Intel64 Family 6 Model 60 Stepping 3, GenuineIntel



---------------  S Y S T E M  ---------------

OS: Windows 8.1 , 64 bit Build 9600 

CPU:total 8 (4 cores per cpu, 2 threads per core) family 6 model 60 stepping 3, cmov, cx8, fxsr, mmx, sse, sse2, sse3, ssse3, sse4.1, sse4.2, popcnt, avx, avx2, aes, clmul, erms, lzcnt, ht, tsc, tscinvbit, bmi1, bmi2

Memory: 4k page, physical 8134936k(1340180k free), swap 12790040k(14996k free)

vm_info: Java HotSpot(TM) 64-Bit Server VM (25.20-b23) for windows-amd64 JRE (1.8.0_20-b26), built on Jul 30 2014 13:51:23 by "java_re" with MS VC++ 10.0 (VS2010)

time: Wed Dec 02 00:57:50 2015
elapsed time: 0 seconds (0d 0h 0m 0s)

