#
# There is insufficient memory for the Java Runtime Environment to continue.
# Native memory allocation (malloc) failed to allocate 823248 bytes for Chunk::new
# Possible reasons:
#   The system is out of physical RAM or swap space
#   In 32 bit mode, the process size limit was hit
# Possible solutions:
#   Reduce memory load on the system
#   Increase physical memory or swap space
#   Check if swap backing store is full
#   Use 64 bit Java on a 64 bit OS
#   Decrease Java heap size (-Xmx/-Xms)
#   Decrease number of Java threads
#   Decrease Java thread stack sizes (-Xss)
#   Set larger code cache with -XX:ReservedCodeCacheSize=
# This output file may be truncated or incomplete.
#
#  Out of Memory Error (allocation.cpp:390), pid=11164, tid=5968
#
# JRE version: Java(TM) SE Runtime Environment (8.0_20-b26) (build 1.8.0_20-b26)
# Java VM: Java HotSpot(TM) 64-Bit Server VM (25.20-b23 mixed mode windows-amd64 compressed oops)
# Failed to write core dump. Minidumps are not enabled by default on client versions of Windows
#

---------------  T H R E A D  ---------------

Current thread (0x00000000179ef800):  JavaThread "C2 CompilerThread2" daemon [_thread_in_native, id=5968, stack(0x00000000181c0000,0x00000000182c0000)]

Stack: [0x00000000181c0000,0x00000000182c0000]
[error occurred during error reporting (printing stack bounds), id 0xc0000005]

Native frames: (J=compiled Java code, j=interpreted, Vv=VM code, C=native code)
V  [jvm.dll+0x3152fa]
V  [jvm.dll+0x265d03]
V  [jvm.dll+0x266943]
V  [jvm.dll+0x27f586]
V  [jvm.dll+0x28311c]
V  [jvm.dll+0x5ad52f]
C  [msvcr100.dll+0x712e3]
V  [jvm.dll+0x5acc2d]
C  [ntdll.dll+0x9633d]
C  [ntdll.dll+0x13c00]
C  [ntdll.dll+0x9544a]
V  [jvm.dll+0x205611]


Current CompileTask:
C2:   1844 1390       4       com.android.dx.ssa.SCCP::simulateBranch (666 bytes)


---------------  P R O C E S S  ---------------

Java Threads: ( => current thread )
  0x0000000017a79800 JavaThread "Service Thread" daemon [_thread_blocked, id=6160, stack(0x00000000183c0000,0x00000000184c0000)]
  0x0000000017a38800 JavaThread "C1 CompilerThread3" daemon [_thread_blocked, id=1152, stack(0x00000000182c0000,0x00000000183c0000)]
=>0x00000000179ef800 JavaThread "C2 CompilerThread2" daemon [_thread_in_native, id=5968, stack(0x00000000181c0000,0x00000000182c0000)]
  0x00000000179e9000 JavaThread "C2 CompilerThread1" daemon [_thread_in_native, id=2808, stack(0x00000000180c0000,0x00000000181c0000)]
  0x00000000179e5800 JavaThread "C2 CompilerThread0" daemon [_thread_in_native, id=5612, stack(0x0000000017fc0000,0x00000000180c0000)]
  0x00000000179e4800 JavaThread "Attach Listener" daemon [_thread_blocked, id=10724, stack(0x0000000017ec0000,0x0000000017fc0000)]
  0x00000000179e3800 JavaThread "Signal Dispatcher" daemon [_thread_blocked, id=10392, stack(0x0000000017dc0000,0x0000000017ec0000)]
  0x0000000002eb2000 JavaThread "Finalizer" daemon [_thread_blocked, id=7696, stack(0x00000000178c0000,0x00000000179c0000)]
  0x0000000002eb1000 JavaThread "Reference Handler" daemon [_thread_blocked, id=11748, stack(0x00000000177c0000,0x00000000178c0000)]
  0x0000000002dc0800 JavaThread "main" [_thread_in_Java, id=9628, stack(0x0000000002c80000,0x0000000002d80000)]

Other Threads:
  0x00000000159d9000 VMThread [stack: 0x00000000176c0000,0x00000000177c0000] [id=5832]
  0x0000000017a86800 WatcherThread [stack: 0x00000000184c0000,0x00000000185c0000] [id=6488]

VM state:not at safepoint (normal execution)

VM Mutex/Monitor currently owned by a thread: None

Heap:
 PSYoungGen      total 37888K, used 23131K [0x00000000eab00000, 0x00000000ed500000, 0x0000000100000000)
  eden space 32768K, 54% used [0x00000000eab00000,0x00000000ebc974a0,0x00000000ecb00000)
  from space 5120K, 99% used [0x00000000ecb00000,0x00000000ecfffa10,0x00000000ed000000)
  to   space 5120K, 0% used [0x00000000ed000000,0x00000000ed000000,0x00000000ed500000)
 ParOldGen       total 86016K, used 1424K [0x00000000c0000000, 0x00000000c5400000, 0x00000000eab00000)
  object space 86016K, 1% used [0x00000000c0000000,0x00000000c01641d8,0x00000000c5400000)
 Metaspace       used 5752K, capacity 7024K, committed 7296K, reserved 1056768K
  class space    used 555K, capacity 616K, committed 640K, reserved 1048576K

Card table byte_map: [0x0000000012280000,0x0000000012490000] byte_map_base: 0x0000000011c80000

Marking Bits: (ParMarkBitMap*) 0x000000006124b460
 Begin Bits: [0x0000000012df0000, 0x0000000013df0000)
 End Bits:   [0x0000000013df0000, 0x0000000014df0000)

Polling page: 0x0000000001350000

CodeCache: size=245760Kb used=5913Kb max_used=5913Kb free=239846Kb
 bounds [0x0000000002ec0000, 0x0000000003490000, 0x0000000011ec0000]
 total_blobs=1707 nmethods=1447 adapters=174
 compilation: enabled

Compilation events (10 events):
Event: 1.817 Thread 0x0000000017a38800 nmethod 1453 0x000000000347d1d0 code [0x000000000347d320, 0x000000000347d570]
Event: 1.827 Thread 0x0000000017a38800 1454       3       com.android.dx.util.ByteArray::<init> (9 bytes)
Event: 1.827 Thread 0x0000000017a38800 nmethod 1454 0x000000000347d610 code [0x000000000347d780, 0x000000000347d908]
Event: 1.827 Thread 0x0000000017a38800 1455       3       com.android.dx.dex.file.ValueEncoder::addContents (75 bytes)
Event: 1.828 Thread 0x0000000017a38800 nmethod 1455 0x000000000347d9d0 code [0x000000000347dbc0, 0x000000000347e7e8]
Event: 1.829 Thread 0x0000000017a38800 1456       3       com.android.dx.rop.cst.CstString::stringToUtf8Bytes (175 bytes)
Event: 1.830 Thread 0x0000000017a38800 nmethod 1456 0x000000000347eb50 code [0x000000000347ed20, 0x000000000347f598]
Event: 1.830 Thread 0x0000000017a38800 1457       3       java.util.TreeMap::containsKey (14 bytes)
Event: 1.830 Thread 0x0000000017a38800 nmethod 1457 0x000000000347f990 code [0x000000000347fb00, 0x000000000347fd68]
Event: 1.830 Thread 0x0000000017a38800 1458       3       com.android.dx.ssa.back.FirstFitLocalCombiningAllocator::handleCheckCastResults (413 bytes)

GC Heap History (2 events):
Event: 1.348 GC heap before
{Heap before GC invocations=1 (full 0):
 PSYoungGen      total 37888K, used 32768K [0x00000000eab00000, 0x00000000ed500000, 0x0000000100000000)
  eden space 32768K, 100% used [0x00000000eab00000,0x00000000ecb00000,0x00000000ecb00000)
  from space 5120K, 0% used [0x00000000ed000000,0x00000000ed000000,0x00000000ed500000)
  to   space 5120K, 0% used [0x00000000ecb00000,0x00000000ecb00000,0x00000000ed000000)
 ParOldGen       total 86016K, used 0K [0x00000000c0000000, 0x00000000c5400000, 0x00000000eab00000)
  object space 86016K, 0% used [0x00000000c0000000,0x00000000c0000000,0x00000000c5400000)
 Metaspace       used 5652K, capacity 6896K, committed 7040K, reserved 1056768K
  class space    used 555K, capacity 616K, committed 640K, reserved 1048576K
Event: 1.396 GC heap after
Heap after GC invocations=1 (full 0):
 PSYoungGen      total 37888K, used 5118K [0x00000000eab00000, 0x00000000ed500000, 0x0000000100000000)
  eden space 32768K, 0% used [0x00000000eab00000,0x00000000eab00000,0x00000000ecb00000)
  from space 5120K, 99% used [0x00000000ecb00000,0x00000000ecfffa10,0x00000000ed000000)
  to   space 5120K, 0% used [0x00000000ed000000,0x00000000ed000000,0x00000000ed500000)
 ParOldGen       total 86016K, used 1424K [0x00000000c0000000, 0x00000000c5400000, 0x00000000eab00000)
  object space 86016K, 1% used [0x00000000c0000000,0x00000000c01641d8,0x00000000c5400000)
 Metaspace       used 5652K, capacity 6896K, committed 7040K, reserved 1056768K
  class space    used 555K, capacity 616K, committed 640K, reserved 1048576K
}

Deoptimization events (10 events):
Event: 1.627 Thread 0x0000000002dc0800 Uncommon trap: reason=bimorphic action=maybe_recompile pc=0x00000000033ed300 method=com.android.dx.cf.code.BytecodeArray.parseInstruction(ILcom/android/dx/cf/code/BytecodeArray$Visitor;)I @ 2484
Event: 1.654 Thread 0x0000000002dc0800 Uncommon trap: reason=bimorphic action=maybe_recompile pc=0x00000000030c4690 method=java.util.HashMap.getNode(ILjava/lang/Object;)Ljava/util/HashMap$Node; @ 126
Event: 1.654 Thread 0x0000000002dc0800 Uncommon trap: reason=class_check action=maybe_recompile pc=0x0000000003337bbc method=java.util.HashMap.putVal(ILjava/lang/Object;Ljava/lang/Object;ZZ)Ljava/lang/Object; @ 203
Event: 1.654 Thread 0x0000000002dc0800 Uncommon trap: reason=bimorphic action=maybe_recompile pc=0x00000000030c4690 method=java.util.HashMap.getNode(ILjava/lang/Object;)Ljava/util/HashMap$Node; @ 126
Event: 1.654 Thread 0x0000000002dc0800 Uncommon trap: reason=class_check action=maybe_recompile pc=0x0000000003337bbc method=java.util.HashMap.putVal(ILjava/lang/Object;Ljava/lang/Object;ZZ)Ljava/lang/Object; @ 203
Event: 1.654 Thread 0x0000000002dc0800 Uncommon trap: reason=bimorphic action=maybe_recompile pc=0x0000000003135570 method=java.util.HashMap.getNode(ILjava/lang/Object;)Ljava/util/HashMap$Node; @ 126
Event: 1.693 Thread 0x0000000002dc0800 Uncommon trap: reason=bimorphic action=maybe_recompile pc=0x0000000003135570 method=java.util.HashMap.getNode(ILjava/lang/Object;)Ljava/util/HashMap$Node; @ 126
Event: 1.785 Thread 0x0000000002dc0800 Uncommon trap: reason=bimorphic action=maybe_recompile pc=0x00000000030c4690 method=java.util.HashMap.getNode(ILjava/lang/Object;)Ljava/util/HashMap$Node; @ 126
Event: 1.785 Thread 0x0000000002dc0800 Uncommon trap: reason=class_check action=maybe_recompile pc=0x0000000003337bbc method=java.util.HashMap.putVal(ILjava/lang/Object;Ljava/lang/Object;ZZ)Ljava/lang/Object; @ 203
Event: 1.785 Thread 0x0000000002dc0800 Uncommon trap: reason=class_check action=maybe_recompile pc=0x0000000003337bbc method=java.util.HashMap.putVal(ILjava/lang/Object;Ljava/lang/Object;ZZ)Ljava/lang/Object; @ 203

Internal exceptions (10 events):
Event: 1.021 Thread 0x0000000002dc0800 Exception <a 'java/security/PrivilegedActionException'> (0x00000000ebb884a8) thrown at [D:\re\workspace\8-2-build-windows-amd64-cygwin\jdk8u20\1074\hotspot\src\share\vm\prims\jvm.cpp, line 1275]
Event: 1.022 Thread 0x0000000002dc0800 Exception <a 'java/security/PrivilegedActionException'> (0x00000000ebb8d8c0) thrown at [D:\re\workspace\8-2-build-windows-amd64-cygwin\jdk8u20\1074\hotspot\src\share\vm\prims\jvm.cpp, line 1275]
Event: 1.139 Thread 0x0000000002dc0800 Exception <a 'java/security/PrivilegedActionException'> (0x00000000ebe50c60) thrown at [D:\re\workspace\8-2-build-windows-amd64-cygwin\jdk8u20\1074\hotspot\src\share\vm\prims\jvm.cpp, line 1275]
Event: 1.154 Thread 0x0000000002dc0800 Exception <a 'java/security/PrivilegedActionException'> (0x00000000ebe8dad0) thrown at [D:\re\workspace\8-2-build-windows-amd64-cygwin\jdk8u20\1074\hotspot\src\share\vm\prims\jvm.cpp, line 1275]
Event: 1.174 Thread 0x0000000002dc0800 Exception <a 'java/security/PrivilegedActionException'> (0x00000000ebf86b68) thrown at [D:\re\workspace\8-2-build-windows-amd64-cygwin\jdk8u20\1074\hotspot\src\share\vm\prims\jvm.cpp, line 1275]
Event: 1.174 Thread 0x0000000002dc0800 Exception <a 'java/security/PrivilegedActionException'> (0x00000000ebf8b098) thrown at [D:\re\workspace\8-2-build-windows-amd64-cygwin\jdk8u20\1074\hotspot\src\share\vm\prims\jvm.cpp, line 1275]
Event: 1.176 Thread 0x0000000002dc0800 Implicit null exception at 0x00000000031b7128 to 0x00000000031b919d
Event: 1.209 Thread 0x0000000002dc0800 Exception <a 'java/security/PrivilegedActionException'> (0x00000000ebffee60) thrown at [D:\re\workspace\8-2-build-windows-amd64-cygwin\jdk8u20\1074\hotspot\src\share\vm\prims\jvm.cpp, line 1275]
Event: 1.264 Thread 0x0000000002dc0800 Exception <a 'java/security/PrivilegedActionException'> (0x00000000ec3b9508) thrown at [D:\re\workspace\8-2-build-windows-amd64-cygwin\jdk8u20\1074\hotspot\src\share\vm\prims\jvm.cpp, line 1275]
Event: 1.432 Thread 0x0000000002dc0800 Implicit null exception at 0x0000000003294fa2 to 0x0000000003295095

Events (10 events):
Event: 1.693 Thread 0x0000000002dc0800 DEOPT UNPACKING pc=0x0000000002f0556a sp=0x0000000002d7eb08 mode 2
Event: 1.785 Thread 0x0000000002dc0800 Uncommon trap: trap_request=0xffffffc6 fr.pc=0x00000000030c4690
Event: 1.785 Thread 0x0000000002dc0800 DEOPT PACKING pc=0x00000000030c4690 sp=0x0000000002d7ebd0
Event: 1.785 Thread 0x0000000002dc0800 DEOPT UNPACKING pc=0x0000000002f0556a sp=0x0000000002d7eb40 mode 2
Event: 1.785 Thread 0x0000000002dc0800 Uncommon trap: trap_request=0xffffffde fr.pc=0x0000000003337bbc
Event: 1.785 Thread 0x0000000002dc0800 DEOPT PACKING pc=0x0000000003337bbc sp=0x0000000002d7eba0
Event: 1.785 Thread 0x0000000002dc0800 DEOPT UNPACKING pc=0x0000000002f0556a sp=0x0000000002d7eb18 mode 2
Event: 1.785 Thread 0x0000000002dc0800 Uncommon trap: trap_request=0xffffffde fr.pc=0x0000000003337bbc
Event: 1.785 Thread 0x0000000002dc0800 DEOPT PACKING pc=0x0000000003337bbc sp=0x0000000002d7eba0
Event: 1.785 Thread 0x0000000002dc0800 DEOPT UNPACKING pc=0x0000000002f0556a sp=0x0000000002d7eb18 mode 2


Dynamic libraries:
0x00007ff6ec110000 - 0x00007ff6ec144000 	C:\Program Files\Java\jdk1.8.0_20\bin\java.exe
0x00007ffbeb580000 - 0x00007ffbeb741000 	C:\WINDOWS\SYSTEM32\ntdll.dll
0x00007ffbeae20000 - 0x00007ffbeaecd000 	C:\WINDOWS\system32\KERNEL32.DLL
0x00007ffbe8840000 - 0x00007ffbe8a1d000 	C:\WINDOWS\system32\KERNELBASE.dll
0x00007ffbe94e0000 - 0x00007ffbe9586000 	C:\WINDOWS\system32\ADVAPI32.dll
0x00007ffbe9590000 - 0x00007ffbe962d000 	C:\WINDOWS\system32\msvcrt.dll
0x00007ffbe8ff0000 - 0x00007ffbe904b000 	C:\WINDOWS\system32\sechost.dll
0x00007ffbe8c50000 - 0x00007ffbe8d76000 	C:\WINDOWS\system32\RPCRT4.dll
0x00007ffbeb190000 - 0x00007ffbeb2de000 	C:\WINDOWS\system32\USER32.dll
0x00007ffbeb2e0000 - 0x00007ffbeb466000 	C:\WINDOWS\system32\GDI32.dll
0x00007ffbdd030000 - 0x00007ffbdd2a4000 	C:\WINDOWS\WinSxS\amd64_microsoft.windows.common-controls_6595b64144ccf1df_6.0.10240.16384_none_f41f7b285750ef43\COMCTL32.dll
0x00007ffbe8e50000 - 0x00007ffbe8e86000 	C:\WINDOWS\system32\IMM32.DLL
0x00007ffbe8e90000 - 0x00007ffbe8fec000 	C:\WINDOWS\system32\MSCTF.dll
0x0000000060060000 - 0x0000000060132000 	C:\Program Files\Java\jdk1.8.0_20\jre\bin\msvcr100.dll
0x0000000060a70000 - 0x00000000612c8000 	C:\Program Files\Java\jdk1.8.0_20\jre\bin\server\jvm.dll
0x00007ffbe98e0000 - 0x00007ffbe98e8000 	C:\WINDOWS\system32\PSAPI.DLL
0x00007ffbe4430000 - 0x00007ffbe4439000 	C:\WINDOWS\SYSTEM32\WSOCK32.dll
0x00007ffbe6370000 - 0x00007ffbe6393000 	C:\WINDOWS\SYSTEM32\WINMM.dll
0x00007ffbe9630000 - 0x00007ffbe9699000 	C:\WINDOWS\system32\WS2_32.dll
0x00007ffbe9700000 - 0x00007ffbe9708000 	C:\WINDOWS\system32\NSI.dll
0x00007ffbe6110000 - 0x00007ffbe613c000 	C:\WINDOWS\SYSTEM32\WINMMBASE.dll
0x00007ffbe8050000 - 0x00007ffbe8094000 	C:\WINDOWS\system32\cfgmgr32.dll
0x00007ffbe6880000 - 0x00007ffbe68a7000 	C:\WINDOWS\SYSTEM32\DEVOBJ.dll
0x0000000060a60000 - 0x0000000060a6f000 	C:\Program Files\Java\jdk1.8.0_20\jre\bin\verify.dll
0x0000000060a30000 - 0x0000000060a58000 	C:\Program Files\Java\jdk1.8.0_20\jre\bin\java.dll
0x0000000060a10000 - 0x0000000060a26000 	C:\Program Files\Java\jdk1.8.0_20\jre\bin\zip.dll
0x00007ffbe98f0000 - 0x00007ffbeae12000 	C:\WINDOWS\system32\SHELL32.dll
0x00007ffbe8210000 - 0x00007ffbe8838000 	C:\WINDOWS\system32\windows.storage.dll
0x00007ffbe9050000 - 0x00007ffbe92cc000 	C:\WINDOWS\system32\combase.dll
0x00007ffbe8df0000 - 0x00007ffbe8e41000 	C:\WINDOWS\system32\shlwapi.dll
0x00007ffbe8040000 - 0x00007ffbe804f000 	C:\WINDOWS\system32\kernel.appcore.dll
0x00007ffbe8150000 - 0x00007ffbe8203000 	C:\WINDOWS\system32\shcore.dll
0x00007ffbe7ff0000 - 0x00007ffbe803a000 	C:\WINDOWS\system32\powrprof.dll
0x00007ffbe7fd0000 - 0x00007ffbe7fe3000 	C:\WINDOWS\system32\profapi.dll
0x00007ffbcf0a0000 - 0x00007ffbcf22a000 	C:\WINDOWS\SYSTEM32\dbghelp.dll

VM Arguments:
jvm_args: -Xmx1024M -Dfile.encoding=windows-1252 -Duser.country=US -Duser.language=en -Duser.variant 
java_command: com.android.dx.command.Main --dex --output C:\Users\Bharath\AndroidStudioProjects\Whale\app\build\intermediates\pre-dexed\debug\classes-95093461d10a88b1a7b2e819ee0ee30ec09358e3.jar C:\Users\Bharath\AndroidStudioProjects\Whale\app\build\intermediates\exploded-aar\com.android.support\design\23.1.0\jars\classes.jar
java_class_path (initial): C:\Users\Bharath\AppData\Local\Android\sdk\build-tools\22.0.1\lib\dx.jar
Launcher Type: SUN_STANDARD

Environment Variables:
JAVA_HOME=C:\Program Files\Java\jdk1.8.0_20
PATH=C:\ProgramData\Oracle\Java\javapath;C:\Program Files\Java\jdk1.8.0_25\bin;C:\WINDOWS\system32;C:\WINDOWS;C:\WINDOWS\System32\Wbem;C:\WINDOWS\System32\WindowsPowerShell\v1.0\;C:\Program Files (x86)\Skype\Phone\;%USERPROFILE%\.dnx\bin;C:\Program Files\Microsoft DNX\Dnvm\;C:\Program Files\Microsoft SQL Server\120\Tools\Binn\;C:\Strawberry\c\bin;C:\Strawberry\perl\site\bin;C:\Strawberry\perl\bin;C:\Program Files\nodejs\;C:\Users\Bharath\AppData\Roaming\npm
USERNAME=Bharath
OS=Windows_NT
PROCESSOR_IDENTIFIER=Intel64 Family 6 Model 60 Stepping 3, GenuineIntel



---------------  S Y S T E M  ---------------

OS: Windows 8.1 , 64 bit Build 9600 

CPU:total 8 (4 cores per cpu, 2 threads per core) family 6 model 60 stepping 3, cmov, cx8, fxsr, mmx, sse, sse2, sse3, ssse3, sse4.1, sse4.2, popcnt, avx, avx2, aes, clmul, erms, lzcnt, ht, tsc, tscinvbit, bmi1, bmi2

Memory: 4k page, physical 8134936k(1384832k free), swap 12790040k(5084k free)

vm_info: Java HotSpot(TM) 64-Bit Server VM (25.20-b23) for windows-amd64 JRE (1.8.0_20-b26), built on Jul 30 2014 13:51:23 by "java_re" with MS VC++ 10.0 (VS2010)

time: Tue Nov 24 00:00:12 2015
elapsed time: 1 seconds (0d 0h 0m 1s)

