#
# There is insufficient memory for the Java Runtime Environment to continue.
# Native memory allocation (malloc) failed to allocate 1081136 bytes for Chunk::new
# Possible reasons:
#   The system is out of physical RAM or swap space
#   In 32 bit mode, the process size limit was hit
# Possible solutions:
#   Reduce memory load on the system
#   Increase physical memory or swap space
#   Check if swap backing store is full
#   Use 64 bit Java on a 64 bit OS
#   Decrease Java heap size (-Xmx/-Xms)
#   Decrease number of Java threads
#   Decrease Java thread stack sizes (-Xss)
#   Set larger code cache with -XX:ReservedCodeCacheSize=
# This output file may be truncated or incomplete.
#
#  Out of Memory Error (allocation.cpp:390), pid=9724, tid=11808
#
# JRE version: Java(TM) SE Runtime Environment (8.0_20-b26) (build 1.8.0_20-b26)
# Java VM: Java HotSpot(TM) 64-Bit Server VM (25.20-b23 mixed mode windows-amd64 compressed oops)
# Failed to write core dump. Minidumps are not enabled by default on client versions of Windows
#

---------------  T H R E A D  ---------------

Current thread (0x0000000017a59000):  JavaThread "C2 CompilerThread1" daemon [_thread_in_native, id=11808, stack(0x0000000018130000,0x0000000018230000)]

Stack: [0x0000000018130000,0x0000000018230000]
Native frames: (J=compiled Java code, j=interpreted, Vv=VM code, C=native code)
V  [jvm.dll+0x3152fa]


Current CompileTask:
C2:   2022 1236   !   4      
[error occurred during error reporting (printing current compile task), id 0xe0000001]


---------------  P R O C E S S  ---------------

Java Threads: ( => current thread )
  0x0000000017a68800 JavaThread "Service Thread" daemon [_thread_blocked, id=8044, stack(0x0000000018430000,0x0000000018530000)]
  0x0000000017a60000 JavaThread "C1 CompilerThread3" daemon [_thread_in_native, id=4376, stack(0x0000000018330000,0x0000000018430000)]
  0x0000000017a5b000 JavaThread "C2 CompilerThread2" daemon [_thread_in_native, id=10872, stack(0x0000000018230000,0x0000000018330000)]
=>0x0000000017a59000 JavaThread "C2 CompilerThread1" daemon [_thread_in_native, id=11808, stack(0x0000000018130000,0x0000000018230000)]
  0x0000000017a55800 JavaThread "C2 CompilerThread0" daemon [_thread_in_native, id=7960, stack(0x0000000018030000,0x0000000018130000)]
  0x0000000017a54800 JavaThread "Attach Listener" daemon [_thread_blocked, id=11968, stack(0x0000000017f30000,0x0000000018030000)]
  0x0000000015a5e800 JavaThread "Signal Dispatcher" daemon [_thread_blocked, id=8824, stack(0x0000000017e30000,0x0000000017f30000)]
  0x0000000002f22000 JavaThread "Finalizer" daemon [_thread_blocked, id=11212, stack(0x0000000017930000,0x0000000017a30000)]
  0x0000000002f21000 JavaThread "Reference Handler" daemon [_thread_blocked, id=5724, stack(0x0000000017830000,0x0000000017930000)]
  0x0000000002e30800 JavaThread "main" [_thread_in_Java, id=7980, stack(0x0000000002ca0000,0x0000000002da0000)]

Other Threads:
  0x0000000015a49000 VMThread [stack: 0x0000000017730000,0x0000000017830000] [id=5580]
  0x0000000017a6b000 WatcherThread [stack: 0x0000000018530000,0x0000000018630000] [id=1836]

VM state:not at safepoint (normal execution)

VM Mutex/Monitor currently owned by a thread: None

Heap:
 PSYoungGen      total 37888K, used 30158K [0x00000000eab00000, 0x00000000ed500000, 0x0000000100000000)
  eden space 32768K, 92% used [0x00000000eab00000,0x00000000ec873af8,0x00000000ecb00000)
  from space 5120K, 0% used [0x00000000ed000000,0x00000000ed000000,0x00000000ed500000)
  to   space 5120K, 0% used [0x00000000ecb00000,0x00000000ecb00000,0x00000000ed000000)
 ParOldGen       total 86016K, used 0K [0x00000000c0000000, 0x00000000c5400000, 0x00000000eab00000)
  object space 86016K, 0% used [0x00000000c0000000,0x00000000c0000000,0x00000000c5400000)
 Metaspace       used 5637K, capacity 6896K, committed 7040K, reserved 1056768K
  class space    used 553K, capacity 616K, committed 640K, reserved 1048576K

Card table byte_map: [0x00000000122f0000,0x0000000012500000] byte_map_base: 0x0000000011cf0000

Marking Bits: (ParMarkBitMap*) 0x000000006124b460
 Begin Bits: [0x0000000012e60000, 0x0000000013e60000)
 End Bits:   [0x0000000013e60000, 0x0000000014e60000)

Polling page: 0x0000000001480000

CodeCache: size=245760Kb used=4931Kb max_used=4939Kb free=240828Kb
 bounds [0x0000000002f30000, 0x0000000003410000, 0x0000000011f30000]
 total_blobs=1497 nmethods=1237 adapters=174
 compilation: enabled

Compilation events (10 events):
Event: 1.910 Thread 0x0000000017a60000 nmethod 1232 0x00000000033ffc50 code [0x00000000033fff60, 0x0000000003401ab8]
Event: 1.910 Thread 0x0000000017a60000 1231       3       com.android.dx.util.Bits::isEmpty (26 bytes)
Event: 1.911 Thread 0x0000000017a60000 nmethod 1231 0x00000000033fde50 code [0x00000000033fdfc0, 0x00000000033fe210]
Event: 1.911 Thread 0x0000000017a60000 1234       3       com.android.dx.ssa.BasicRegisterMapper::<init> (17 bytes)
Event: 1.911 Thread 0x0000000017a60000 nmethod 1234 0x00000000033fd8d0 code [0x00000000033fda40, 0x00000000033fdd08]
Event: 1.911 Thread 0x0000000017a60000 1235       3       com.android.dx.cf.code.ConcreteMethod::getMaxLocals (8 bytes)
Event: 1.911 Thread 0x0000000017a60000 nmethod 1235 0x00000000033fd4d0 code [0x00000000033fd620, 0x00000000033fd810]
Event: 1.914 Thread 0x0000000017a60000 1237       3       com.android.dx.rop.cst.CstKnownNull::hashCode (3 bytes)
Event: 1.915 Thread 0x0000000017a60000 nmethod 1237 0x00000000033fd190 code [0x00000000033fd2e0, 0x00000000033fd430]
Event: 1.916 Thread 0x0000000017a55800 nmethod 1223 0x0000000003405e90 code [0x0000000003406020, 0x0000000003406908]

GC Heap History (0 events):
No events

Deoptimization events (1 events):
Event: 1.605 Thread 0x0000000002e30800 Uncommon trap: reason=unreached action=reinterpret pc=0x000000000329de10 method=com.android.dx.rop.code.LocalItem.hashCode()I @ 25

Internal exceptions (10 events):
Event: 0.708 Thread 0x0000000002e30800 Exception <a 'java/security/PrivilegedActionException'> (0x00000000eb432250) thrown at [D:\re\workspace\8-2-build-windows-amd64-cygwin\jdk8u20\1074\hotspot\src\share\vm\prims\jvm.cpp, line 1275]
Event: 0.709 Thread 0x0000000002e30800 Exception <a 'java/security/PrivilegedActionException'> (0x00000000eb437cc0) thrown at [D:\re\workspace\8-2-build-windows-amd64-cygwin\jdk8u20\1074\hotspot\src\share\vm\prims\jvm.cpp, line 1275]
Event: 0.711 Thread 0x0000000002e30800 Exception <a 'java/security/PrivilegedActionException'> (0x00000000eb43d4e8) thrown at [D:\re\workspace\8-2-build-windows-amd64-cygwin\jdk8u20\1074\hotspot\src\share\vm\prims\jvm.cpp, line 1275]
Event: 0.824 Thread 0x0000000002e30800 Exception <a 'java/security/PrivilegedActionException'> (0x00000000eb46bfa0) thrown at [D:\re\workspace\8-2-build-windows-amd64-cygwin\jdk8u20\1074\hotspot\src\share\vm\prims\jvm.cpp, line 1275]
Event: 0.961 Thread 0x0000000002e30800 Exception <a 'java/security/PrivilegedActionException'> (0x00000000eb538c00) thrown at [D:\re\workspace\8-2-build-windows-amd64-cygwin\jdk8u20\1074\hotspot\src\share\vm\prims\jvm.cpp, line 1275]
Event: 0.961 Thread 0x0000000002e30800 Exception <a 'java/security/PrivilegedActionException'> (0x00000000eb53b1d8) thrown at [D:\re\workspace\8-2-build-windows-amd64-cygwin\jdk8u20\1074\hotspot\src\share\vm\prims\jvm.cpp, line 1275]
Event: 1.146 Thread 0x0000000002e30800 Exception <a 'java/security/PrivilegedActionException'> (0x00000000eb7201d0) thrown at [D:\re\workspace\8-2-build-windows-amd64-cygwin\jdk8u20\1074\hotspot\src\share\vm\prims\jvm.cpp, line 1275]
Event: 1.297 Thread 0x0000000002e30800 Exception <a 'java/security/PrivilegedActionException'> (0x00000000eb8edb80) thrown at [D:\re\workspace\8-2-build-windows-amd64-cygwin\jdk8u20\1074\hotspot\src\share\vm\prims\jvm.cpp, line 1275]
Event: 1.307 Thread 0x0000000002e30800 Exception <a 'java/security/PrivilegedActionException'> (0x00000000eb92acd8) thrown at [D:\re\workspace\8-2-build-windows-amd64-cygwin\jdk8u20\1074\hotspot\src\share\vm\prims\jvm.cpp, line 1275]
Event: 1.812 Thread 0x0000000002e30800 Exception <a 'java/security/PrivilegedActionException'> (0x00000000ec0ac9c8) thrown at [D:\re\workspace\8-2-build-windows-amd64-cygwin\jdk8u20\1074\hotspot\src\share\vm\prims\jvm.cpp, line 1275]

Events (10 events):
Event: 1.297 loading class com/android/dx/cf/code/BytecodeArray$ConstantParserVisitor done
Event: 1.307 loading class com/android/dx/dex/file/FieldAnnotationStruct
Event: 1.307 loading class com/android/dx/dex/file/FieldAnnotationStruct done
Event: 1.605 Thread 0x0000000002e30800 Uncommon trap: trap_request=0xffffffad fr.pc=0x000000000329de10
Event: 1.606 Thread 0x0000000002e30800 DEOPT PACKING pc=0x000000000329de10 sp=0x0000000002d9e9d0
Event: 1.606 Thread 0x0000000002e30800 DEOPT UNPACKING pc=0x0000000002f7556a sp=0x0000000002d9e838 mode 2
Event: 1.793 Executing VM operation: ForceSafepoint
Event: 1.793 Executing VM operation: ForceSafepoint done
Event: 1.812 loading class com/android/dx/cf/attrib/AttConstantValue
Event: 1.812 loading class com/android/dx/cf/attrib/AttConstantValue done


Dynamic libraries:
0x00007ff6ec110000 - 0x00007ff6ec144000 	C:\Program Files\Java\jdk1.8.0_20\bin\java.exe
0x00007ffbeb580000 - 0x00007ffbeb741000 	C:\WINDOWS\SYSTEM32\ntdll.dll
0x00007ffbeae20000 - 0x00007ffbeaecd000 	C:\WINDOWS\system32\KERNEL32.DLL
0x00007ffbe8840000 - 0x00007ffbe8a1d000 	C:\WINDOWS\system32\KERNELBASE.dll
0x00007ffbe94e0000 - 0x00007ffbe9586000 	C:\WINDOWS\system32\ADVAPI32.dll
0x00007ffbe9590000 - 0x00007ffbe962d000 	C:\WINDOWS\system32\msvcrt.dll
0x00007ffbe8ff0000 - 0x00007ffbe904b000 	C:\WINDOWS\system32\sechost.dll
0x00007ffbe8c50000 - 0x00007ffbe8d76000 	C:\WINDOWS\system32\RPCRT4.dll
0x00007ffbeb190000 - 0x00007ffbeb2de000 	C:\WINDOWS\system32\USER32.dll
0x00007ffbeb2e0000 - 0x00007ffbeb466000 	C:\WINDOWS\system32\GDI32.dll
0x00007ffbdd030000 - 0x00007ffbdd2a4000 	C:\WINDOWS\WinSxS\amd64_microsoft.windows.common-controls_6595b64144ccf1df_6.0.10240.16384_none_f41f7b285750ef43\COMCTL32.dll
0x00007ffbe8e50000 - 0x00007ffbe8e86000 	C:\WINDOWS\system32\IMM32.DLL
0x00007ffbe8e90000 - 0x00007ffbe8fec000 	C:\WINDOWS\system32\MSCTF.dll
0x0000000060060000 - 0x0000000060132000 	C:\Program Files\Java\jdk1.8.0_20\jre\bin\msvcr100.dll
0x0000000060a70000 - 0x00000000612c8000 	C:\Program Files\Java\jdk1.8.0_20\jre\bin\server\jvm.dll
0x00007ffbe98e0000 - 0x00007ffbe98e8000 	C:\WINDOWS\system32\PSAPI.DLL
0x00007ffbe4430000 - 0x00007ffbe4439000 	C:\WINDOWS\SYSTEM32\WSOCK32.dll
0x00007ffbe9630000 - 0x00007ffbe9699000 	C:\WINDOWS\system32\WS2_32.dll
0x00007ffbe9700000 - 0x00007ffbe9708000 	C:\WINDOWS\system32\NSI.dll
0x00007ffbe6370000 - 0x00007ffbe6393000 	C:\WINDOWS\SYSTEM32\WINMM.dll
0x00007ffbe6110000 - 0x00007ffbe613c000 	C:\WINDOWS\SYSTEM32\WINMMBASE.dll
0x00007ffbe8050000 - 0x00007ffbe8094000 	C:\WINDOWS\system32\cfgmgr32.dll
0x00007ffbe6880000 - 0x00007ffbe68a7000 	C:\WINDOWS\SYSTEM32\DEVOBJ.dll
0x0000000060a60000 - 0x0000000060a6f000 	C:\Program Files\Java\jdk1.8.0_20\jre\bin\verify.dll
0x0000000060a30000 - 0x0000000060a58000 	C:\Program Files\Java\jdk1.8.0_20\jre\bin\java.dll
0x0000000060a10000 - 0x0000000060a26000 	C:\Program Files\Java\jdk1.8.0_20\jre\bin\zip.dll
0x00007ffbe98f0000 - 0x00007ffbeae12000 	C:\WINDOWS\system32\SHELL32.dll
0x00007ffbe8210000 - 0x00007ffbe8838000 	C:\WINDOWS\system32\windows.storage.dll
0x00007ffbe9050000 - 0x00007ffbe92cc000 	C:\WINDOWS\system32\combase.dll
0x00007ffbe8df0000 - 0x00007ffbe8e41000 	C:\WINDOWS\system32\shlwapi.dll
0x00007ffbe8040000 - 0x00007ffbe804f000 	C:\WINDOWS\system32\kernel.appcore.dll
0x00007ffbe8150000 - 0x00007ffbe8203000 	C:\WINDOWS\system32\shcore.dll
0x00007ffbe7ff0000 - 0x00007ffbe803a000 	C:\WINDOWS\system32\powrprof.dll
0x00007ffbe7fd0000 - 0x00007ffbe7fe3000 	C:\WINDOWS\system32\profapi.dll

VM Arguments:
jvm_args: -Xmx1024M -Dfile.encoding=windows-1252 -Duser.country=US -Duser.language=en -Duser.variant 
java_command: com.android.dx.command.Main --dex --output C:\Users\Bharath\AndroidStudioProjects\Whale\app\build\intermediates\pre-dexed\debug\classes-c38537075884c1bcbcb3d5574f7908bebd3ad99d.jar C:\Users\Bharath\AndroidStudioProjects\Whale\app\build\intermediates\exploded-aar\com.android.support\appcompat-v7\23.1.0\jars\classes.jar
java_class_path (initial): C:\Users\Bharath\AppData\Local\Android\sdk\build-tools\22.0.1\lib\dx.jar
Launcher Type: SUN_STANDARD

Environment Variables:
JAVA_HOME=C:\Program Files\Java\jdk1.8.0_20
PATH=C:\ProgramData\Oracle\Java\javapath;C:\Program Files\Java\jdk1.8.0_25\bin;C:\WINDOWS\system32;C:\WINDOWS;C:\WINDOWS\System32\Wbem;C:\WINDOWS\System32\WindowsPowerShell\v1.0\;C:\Program Files (x86)\Skype\Phone\;%USERPROFILE%\.dnx\bin;C:\Program Files\Microsoft DNX\Dnvm\;C:\Program Files\Microsoft SQL Server\120\Tools\Binn\;C:\Strawberry\c\bin;C:\Strawberry\perl\site\bin;C:\Strawberry\perl\bin;C:\Program Files\nodejs\;C:\Users\Bharath\AppData\Roaming\npm
USERNAME=Bharath
OS=Windows_NT
PROCESSOR_IDENTIFIER=Intel64 Family 6 Model 60 Stepping 3, GenuineIntel



---------------  S Y S T E M  ---------------

OS: Windows 8.1 , 64 bit Build 9600 

CPU:total 8 (4 cores per cpu, 2 threads per core) family 6 model 60 stepping 3, cmov, cx8, fxsr, mmx, sse, sse2, sse3, ssse3, sse4.1, sse4.2, popcnt, avx, avx2, aes, clmul, erms, lzcnt, ht, tsc, tscinvbit, bmi1, bmi2

Memory: 4k page, physical 8134936k(1283024k free), swap 12790040k(2124k free)

vm_info: Java HotSpot(TM) 64-Bit Server VM (25.20-b23) for windows-amd64 JRE (1.8.0_20-b26), built on Jul 30 2014 13:51:23 by "java_re" with MS VC++ 10.0 (VS2010)

time: Mon Nov 23 23:59:38 2015
elapsed time: 2 seconds (0d 0h 0m 2s)

