#
# There is insufficient memory for the Java Runtime Environment to continue.
# Native memory allocation (malloc) failed to allocate 1049776 bytes for Chunk::new
# Possible reasons:
#   The system is out of physical RAM or swap space
#   In 32 bit mode, the process size limit was hit
# Possible solutions:
#   Reduce memory load on the system
#   Increase physical memory or swap space
#   Check if swap backing store is full
#   Use 64 bit Java on a 64 bit OS
#   Decrease Java heap size (-Xmx/-Xms)
#   Decrease number of Java threads
#   Decrease Java thread stack sizes (-Xss)
#   Set larger code cache with -XX:ReservedCodeCacheSize=
# This output file may be truncated or incomplete.
#
#  Out of Memory Error (allocation.cpp:390), pid=8648, tid=13964
#
# JRE version: Java(TM) SE Runtime Environment (8.0_20-b26) (build 1.8.0_20-b26)
# Java VM: Java HotSpot(TM) 64-Bit Server VM (25.20-b23 mixed mode windows-amd64 compressed oops)
# Failed to write core dump. Minidumps are not enabled by default on client versions of Windows
#

---------------  T H R E A D  ---------------

Current thread (0x0000000017469800):  JavaThread "C2 CompilerThread0" daemon [_thread_in_native, id=13964, stack(0x0000000017a40000,0x0000000017b40000)]

Stack: [0x0000000017a40000,0x0000000017b40000]
Native frames: (J=compiled Java code, j=interpreted, Vv=VM code, C=native code)
V  [jvm.dll+0x3152fa]
V  [jvm.dll+0x265d03]
V  [jvm.dll+0x266943]
V  [jvm.dll+0x25e265]
V  [jvm.dll+0xbe255]
V  [jvm.dll+0xbe6fc]
V  [jvm.dll+0x477e2c]
V  [jvm.dll+0x445170]
V  [jvm.dll+0x4500de]
V  [jvm.dll+0x4526c8]
V  [jvm.dll+0x435fc2]
V  [jvm.dll+0x97b62]
V  [jvm.dll+0x98353]
V  [jvm.dll+0x22aac4]
V  [jvm.dll+0x283f5a]
C  [msvcr100.dll+0x21d9f]
C  [msvcr100.dll+0x21e3b]
C  [KERNEL32.DLL+0x12d92]
C  [ntdll.dll+0x9f64]


Current CompileTask:
C2:   2496 1539   !   4       com.android.dx.cf.code.RopperMachine::run (1550 bytes)


---------------  P R O C E S S  ---------------

Java Threads: ( => current thread )
  0x0000000017512000 JavaThread "Service Thread" daemon [_thread_blocked, id=13136, stack(0x0000000017e40000,0x0000000017f40000)]
  0x000000001747e800 JavaThread "C1 CompilerThread3" daemon [_thread_blocked, id=10372, stack(0x0000000017d40000,0x0000000017e40000)]
  0x000000001747b800 JavaThread "C2 CompilerThread2" daemon [_thread_in_native, id=11420, stack(0x0000000017c40000,0x0000000017d40000)]
  0x000000001746c800 JavaThread "C2 CompilerThread1" daemon [_thread_in_native, id=6080, stack(0x0000000017b40000,0x0000000017c40000)]
=>0x0000000017469800 JavaThread "C2 CompilerThread0" daemon [_thread_in_native, id=13964, stack(0x0000000017a40000,0x0000000017b40000)]
  0x0000000017464800 JavaThread "Attach Listener" daemon [_thread_blocked, id=8692, stack(0x0000000017940000,0x0000000017a40000)]
  0x0000000017463800 JavaThread "Signal Dispatcher" daemon [_thread_blocked, id=10848, stack(0x0000000017840000,0x0000000017940000)]
  0x0000000002948800 JavaThread "Finalizer" daemon [_thread_blocked, id=13652, stack(0x0000000017340000,0x0000000017440000)]
  0x0000000002942000 JavaThread "Reference Handler" daemon [_thread_blocked, id=9668, stack(0x0000000017240000,0x0000000017340000)]
  0x0000000002850800 JavaThread "main" [_thread_in_Java, id=5964, stack(0x0000000002750000,0x0000000002850000)]

Other Threads:
  0x0000000015468800 VMThread [stack: 0x0000000017140000,0x0000000017240000] [id=1748]
  0x0000000017516000 WatcherThread [stack: 0x0000000017f40000,0x0000000018040000] [id=9312]

VM state:not at safepoint (normal execution)

VM Mutex/Monitor currently owned by a thread: None

Heap:
 PSYoungGen      total 70656K, used 10316K [0x00000000eab00000, 0x00000000ef500000, 0x0000000100000000)
  eden space 65536K, 7% used [0x00000000eab00000,0x00000000eb019a18,0x00000000eeb00000)
  from space 5120K, 99% used [0x00000000ef000000,0x00000000ef4f9990,0x00000000ef500000)
  to   space 5120K, 0% used [0x00000000eeb00000,0x00000000eeb00000,0x00000000ef000000)
 ParOldGen       total 86016K, used 6256K [0x00000000c0000000, 0x00000000c5400000, 0x00000000eab00000)
  object space 86016K, 7% used [0x00000000c0000000,0x00000000c061c160,0x00000000c5400000)
 Metaspace       used 5936K, capacity 7088K, committed 7296K, reserved 1056768K
  class space    used 575K, capacity 616K, committed 640K, reserved 1048576K

Card table byte_map: [0x0000000011d10000,0x0000000011f20000] byte_map_base: 0x0000000011710000

Marking Bits: (ParMarkBitMap*) 0x000000006fc1b460
 Begin Bits: [0x0000000012880000, 0x0000000013880000)
 End Bits:   [0x0000000013880000, 0x0000000014880000)

Polling page: 0x0000000000b00000

CodeCache: size=245760Kb used=6722Kb max_used=6722Kb free=239037Kb
 bounds [0x0000000002950000, 0x0000000002ff0000, 0x0000000011950000]
 total_blobs=1859 nmethods=1599 adapters=174
 compilation: enabled

Compilation events (10 events):
Event: 2.395 Thread 0x000000001747e800 1579       3       com.android.dx.cf.direct.FieldListParser::set (30 bytes)
Event: 2.395 Thread 0x000000001747e800 nmethod 1579 0x0000000002fc02d0 code [0x0000000002fc04c0, 0x0000000002fc0ef8]
Event: 2.395 Thread 0x000000001747e800 1580       3       com.android.dx.cf.iface.StdField::<init> (10 bytes)
Event: 2.395 Thread 0x000000001747e800 nmethod 1580 0x0000000002fbff10 code [0x0000000002fc0080, 0x0000000002fc0208]
Event: 2.395 Thread 0x000000001747e800 1581       3       com.android.dx.cf.attrib.RawAttribute::byteLength (11 bytes)
Event: 2.396 Thread 0x000000001747e800 nmethod 1581 0x0000000002fbfb10 code [0x0000000002fbfc60, 0x0000000002fbfe50]
Event: 2.398 Thread 0x000000001747e800 1582       3       com.android.dx.cf.iface.StdFieldList::get (9 bytes)
Event: 2.399 Thread 0x000000001747e800 nmethod 1582 0x0000000002fbf5d0 code [0x0000000002fbf740, 0x0000000002fbfa48]
Event: 2.399 Thread 0x000000001747e800 1583       3       com.android.dx.dex.file.EncodedField::<init> (25 bytes)
Event: 2.399 Thread 0x000000001747e800 nmethod 1583 0x0000000002fbf010 code [0x0000000002fbf180, 0x0000000002fbf488]

GC Heap History (2 events):
Event: 1.555 GC heap before
{Heap before GC invocations=1 (full 0):
 PSYoungGen      total 37888K, used 32768K [0x00000000eab00000, 0x00000000ed500000, 0x0000000100000000)
  eden space 32768K, 100% used [0x00000000eab00000,0x00000000ecb00000,0x00000000ecb00000)
  from space 5120K, 0% used [0x00000000ed000000,0x00000000ed000000,0x00000000ed500000)
  to   space 5120K, 0% used [0x00000000ecb00000,0x00000000ecb00000,0x00000000ed000000)
 ParOldGen       total 86016K, used 0K [0x00000000c0000000, 0x00000000c5400000, 0x00000000eab00000)
  object space 86016K, 0% used [0x00000000c0000000,0x00000000c0000000,0x00000000c5400000)
 Metaspace       used 5746K, capacity 6960K, committed 7040K, reserved 1056768K
  class space    used 555K, capacity 616K, committed 640K, reserved 1048576K
Event: 1.584 GC heap after
Heap after GC invocations=1 (full 0):
 PSYoungGen      total 37888K, used 5106K [0x00000000eab00000, 0x00000000ef500000, 0x0000000100000000)
  eden space 32768K, 0% used [0x00000000eab00000,0x00000000eab00000,0x00000000ecb00000)
  from space 5120K, 99% used [0x00000000ecb00000,0x00000000ecffc8f8,0x00000000ed000000)
  to   space 5120K, 0% used [0x00000000ef000000,0x00000000ef000000,0x00000000ef500000)
 ParOldGen       total 86016K, used 1479K [0x00000000c0000000, 0x00000000c5400000, 0x00000000eab00000)
  object space 86016K, 1% used [0x00000000c0000000,0x00000000c0171fb8,0x00000000c5400000)
 Metaspace       used 5746K, capacity 6960K, committed 7040K, reserved 1056768K
  class space    used 555K, capacity 616K, committed 640K, reserved 1048576K
}

Deoptimization events (10 events):
Event: 1.737 Thread 0x0000000002850800 Uncommon trap: reason=class_check action=maybe_recompile pc=0x0000000002dd9fb8 method=com.android.dx.rop.cst.CstKnownNull.equals(Ljava/lang/Object;)Z @ 1
Event: 1.807 Thread 0x0000000002850800 Uncommon trap: reason=unreached action=reinterpret pc=0x0000000002d07840 method=java.util.HashMap.getNode(ILjava/lang/Object;)Ljava/util/HashMap$Node; @ 84
Event: 2.024 Thread 0x0000000002850800 Uncommon trap: reason=bimorphic action=maybe_recompile pc=0x0000000002f883bc method=com.android.dx.ssa.SCCP.setLatticeValueTo(IILcom/android/dx/rop/cst/Constant;)Z @ 43
Event: 2.028 Thread 0x0000000002850800 Uncommon trap: reason=bimorphic action=maybe_recompile pc=0x0000000002f883bc method=com.android.dx.ssa.SCCP.setLatticeValueTo(IILcom/android/dx/rop/cst/Constant;)Z @ 43
Event: 2.259 Thread 0x0000000002850800 Uncommon trap: reason=bimorphic action=maybe_recompile pc=0x0000000002fa513c method=com.android.dx.cf.code.BytecodeArray.parseInstruction(ILcom/android/dx/cf/code/BytecodeArray$Visitor;)I @ 1501
Event: 2.260 Thread 0x0000000002850800 Uncommon trap: reason=bimorphic action=maybe_recompile pc=0x0000000002fa513c method=com.android.dx.cf.code.BytecodeArray.parseInstruction(ILcom/android/dx/cf/code/BytecodeArray$Visitor;)I @ 1501
Event: 2.263 Thread 0x0000000002850800 Uncommon trap: reason=bimorphic action=maybe_recompile pc=0x0000000002f883bc method=com.android.dx.ssa.SCCP.setLatticeValueTo(IILcom/android/dx/rop/cst/Constant;)Z @ 43
Event: 2.263 Thread 0x0000000002850800 Uncommon trap: reason=bimorphic action=maybe_recompile pc=0x0000000002f883bc method=com.android.dx.ssa.SCCP.setLatticeValueTo(IILcom/android/dx/rop/cst/Constant;)Z @ 43
Event: 2.399 Thread 0x0000000002850800 Uncommon trap: reason=bimorphic action=maybe_recompile pc=0x0000000002fa59fc method=com.android.dx.cf.code.BytecodeArray.parseInstruction(ILcom/android/dx/cf/code/BytecodeArray$Visitor;)I @ 939
Event: 2.399 Thread 0x0000000002850800 Uncommon trap: reason=bimorphic action=maybe_recompile pc=0x0000000002fa59fc method=com.android.dx.cf.code.BytecodeArray.parseInstruction(ILcom/android/dx/cf/code/BytecodeArray$Visitor;)I @ 939

Internal exceptions (10 events):
Event: 0.734 Thread 0x0000000002850800 Exception <a 'java/security/PrivilegedActionException'> (0x00000000eb93e808) thrown at [D:\re\workspace\8-2-build-windows-amd64-cygwin\jdk8u20\1074\hotspot\src\share\vm\prims\jvm.cpp, line 1275]
Event: 0.765 Thread 0x0000000002850800 Exception <a 'java/security/PrivilegedActionException'> (0x00000000eb9bc738) thrown at [D:\re\workspace\8-2-build-windows-amd64-cygwin\jdk8u20\1074\hotspot\src\share\vm\prims\jvm.cpp, line 1275]
Event: 0.766 Thread 0x0000000002850800 Exception <a 'java/security/PrivilegedActionException'> (0x00000000eb9bece0) thrown at [D:\re\workspace\8-2-build-windows-amd64-cygwin\jdk8u20\1074\hotspot\src\share\vm\prims\jvm.cpp, line 1275]
Event: 0.787 Thread 0x0000000002850800 Implicit null exception at 0x0000000002cf6c26 to 0x0000000002cf9171
Event: 1.002 Thread 0x0000000002850800 Implicit null exception at 0x0000000002d83222 to 0x0000000002d83315
Event: 1.322 Thread 0x0000000002850800 Exception <a 'java/security/PrivilegedActionException'> (0x00000000ec8e43c0) thrown at [D:\re\workspace\8-2-build-windows-amd64-cygwin\jdk8u20\1074\hotspot\src\share\vm\prims\jvm.cpp, line 1275]
Event: 1.647 Thread 0x0000000002850800 Exception <a 'java/security/PrivilegedActionException'> (0x00000000ead60dd8) thrown at [D:\re\workspace\8-2-build-windows-amd64-cygwin\jdk8u20\1074\hotspot\src\share\vm\prims\jvm.cpp, line 1275]
Event: 1.732 Thread 0x0000000002850800 Exception <a 'java/lang/ArrayIndexOutOfBoundsException': 18> (0x00000000eb2d1098) thrown at [D:\re\workspace\8-2-build-windows-amd64-cygwin\jdk8u20\1074\hotspot\src\share\vm\interpreter\interpreterRuntime.cpp, line 366]
Event: 1.805 Thread 0x0000000002850800 Exception <a 'java/lang/ArrayIndexOutOfBoundsException': 145> (0x00000000eb6cff58) thrown at [D:\re\workspace\8-2-build-windows-amd64-cygwin\jdk8u20\1074\hotspot\src\share\vm\interpreter\interpreterRuntime.cpp, line 366]
Event: 1.806 Thread 0x0000000002850800 Exception <a 'java/lang/ArrayIndexOutOfBoundsException': 40> (0x00000000eb6d1170) thrown at [D:\re\workspace\8-2-build-windows-amd64-cygwin\jdk8u20\1074\hotspot\src\share\vm\interpreter\interpreterRuntime.cpp, line 366]

Events (10 events):
Event: 2.263 Thread 0x0000000002850800 DEOPT PACKING pc=0x0000000002f883bc sp=0x000000000284ea20
Event: 2.263 Thread 0x0000000002850800 DEOPT UNPACKING pc=0x000000000299556a sp=0x000000000284e978 mode 2
Event: 2.399 Thread 0x0000000002850800 Uncommon trap: trap_request=0xffffffc6 fr.pc=0x0000000002fa59fc
Event: 2.399 Thread 0x0000000002850800 DEOPT PACKING pc=0x0000000002fa59fc sp=0x000000000284e830
Event: 2.399 Thread 0x0000000002850800 DEOPT UNPACKING pc=0x000000000299556a sp=0x000000000284e7e8 mode 2
Event: 2.399 Thread 0x0000000002850800 Uncommon trap: trap_request=0xffffffc6 fr.pc=0x0000000002fa59fc
Event: 2.399 Thread 0x0000000002850800 DEOPT PACKING pc=0x0000000002fa59fc sp=0x000000000284e830
Event: 2.399 Thread 0x0000000002850800 DEOPT UNPACKING pc=0x000000000299556a sp=0x000000000284e7e8 mode 2
Event: 2.400 Thread 0x0000000002850800 DEOPT PACKING pc=0x0000000002d95941 sp=0x000000000284ea00
Event: 2.400 Thread 0x0000000002850800 DEOPT UNPACKING pc=0x00000000029975bf sp=0x000000000284e830 mode 0


Dynamic libraries:
0x00007ff611d50000 - 0x00007ff611d84000 	C:\Program Files\Java\jdk1.8.0_20\bin\java.exe
0x00007ff951670000 - 0x00007ff951831000 	C:\WINDOWS\SYSTEM32\ntdll.dll
0x00007ff950b10000 - 0x00007ff950bbd000 	C:\WINDOWS\system32\KERNEL32.DLL
0x00007ff94eb00000 - 0x00007ff94ecdd000 	C:\WINDOWS\system32\KERNELBASE.dll
0x00007ff951270000 - 0x00007ff951316000 	C:\WINDOWS\system32\ADVAPI32.dll
0x00007ff951170000 - 0x00007ff95120d000 	C:\WINDOWS\system32\msvcrt.dll
0x00007ff950c30000 - 0x00007ff950c8b000 	C:\WINDOWS\system32\sechost.dll
0x00007ff9514a0000 - 0x00007ff9515c6000 	C:\WINDOWS\system32\RPCRT4.dll
0x00007ff950f60000 - 0x00007ff9510ae000 	C:\WINDOWS\system32\USER32.dll
0x00007ff950980000 - 0x00007ff950b06000 	C:\WINDOWS\system32\GDI32.dll
0x00007ff9450e0000 - 0x00007ff945354000 	C:\WINDOWS\WinSxS\amd64_microsoft.windows.common-controls_6595b64144ccf1df_6.0.10240.16384_none_f41f7b285750ef43\COMCTL32.dll
0x00007ff951630000 - 0x00007ff951666000 	C:\WINDOWS\system32\IMM32.DLL
0x00007ff951320000 - 0x00007ff95147c000 	C:\WINDOWS\system32\MSCTF.dll
0x000000006efd0000 - 0x000000006f0a2000 	C:\Program Files\Java\jdk1.8.0_20\jre\bin\msvcr100.dll
0x000000006f440000 - 0x000000006fc98000 	C:\Program Files\Java\jdk1.8.0_20\jre\bin\server\jvm.dll
0x00007ff951490000 - 0x00007ff951498000 	C:\WINDOWS\system32\PSAPI.DLL
0x00007ff94bd00000 - 0x00007ff94bd09000 	C:\WINDOWS\SYSTEM32\WSOCK32.dll
0x00007ff950c90000 - 0x00007ff950cf9000 	C:\WINDOWS\system32\WS2_32.dll
0x00007ff950290000 - 0x00007ff950298000 	C:\WINDOWS\system32\NSI.dll
0x00007ff94c0b0000 - 0x00007ff94c0d3000 	C:\WINDOWS\SYSTEM32\WINMM.dll
0x00007ff94c080000 - 0x00007ff94c0ac000 	C:\WINDOWS\SYSTEM32\WINMMBASE.dll
0x00007ff94e770000 - 0x00007ff94e7b4000 	C:\WINDOWS\system32\cfgmgr32.dll
0x00007ff94c970000 - 0x00007ff94c997000 	C:\WINDOWS\SYSTEM32\DEVOBJ.dll
0x00000000711d0000 - 0x00000000711df000 	C:\Program Files\Java\jdk1.8.0_20\jre\bin\verify.dll
0x000000006f410000 - 0x000000006f438000 	C:\Program Files\Java\jdk1.8.0_20\jre\bin\java.dll
0x000000006f3f0000 - 0x000000006f406000 	C:\Program Files\Java\jdk1.8.0_20\jre\bin\zip.dll
0x00007ff94ed60000 - 0x00007ff950282000 	C:\WINDOWS\system32\SHELL32.dll
0x00007ff94e140000 - 0x00007ff94e768000 	C:\WINDOWS\system32\windows.storage.dll
0x00007ff9502a0000 - 0x00007ff95051c000 	C:\WINDOWS\system32\combase.dll
0x00007ff951210000 - 0x00007ff951261000 	C:\WINDOWS\system32\shlwapi.dll
0x00007ff94e130000 - 0x00007ff94e13f000 	C:\WINDOWS\system32\kernel.appcore.dll
0x00007ff94ea40000 - 0x00007ff94eaf3000 	C:\WINDOWS\system32\shcore.dll
0x00007ff94e0a0000 - 0x00007ff94e0ea000 	C:\WINDOWS\system32\powrprof.dll
0x00007ff94e0f0000 - 0x00007ff94e103000 	C:\WINDOWS\system32\profapi.dll
0x00007ff93e6b0000 - 0x00007ff93e83a000 	C:\WINDOWS\SYSTEM32\dbghelp.dll

VM Arguments:
jvm_args: -Xmx1024M -Dfile.encoding=windows-1252 -Duser.country=US -Duser.language=en -Duser.variant 
java_command: com.android.dx.command.Main --dex --output C:\Users\Bharath\AndroidStudioProjects\Whale\app\build\intermediates\pre-dexed\debug\classes-1a9347b2e97bb3a8488cf5e567719253b32d5ce2.jar C:\Users\Bharath\AndroidStudioProjects\Whale\app\build\intermediates\exploded-aar\com.android.support\support-v4\23.1.0\jars\classes.jar
java_class_path (initial): C:\Users\Bharath\AppData\Local\Android\sdk\build-tools\22.0.1\lib\dx.jar
Launcher Type: SUN_STANDARD

Environment Variables:
JAVA_HOME=C:\Program Files\Java\jdk1.8.0_20
PATH=C:\ProgramData\Oracle\Java\javapath;C:\Program Files\Java\jdk1.8.0_25\bin;C:\WINDOWS\system32;C:\WINDOWS;C:\WINDOWS\System32\Wbem;C:\WINDOWS\System32\WindowsPowerShell\v1.0\;C:\Program Files (x86)\Skype\Phone\;C:\WINDOWS\system32\config\systemprofile\.dnx\bin;C:\Program Files\Microsoft DNX\Dnvm\;C:\Program Files\Microsoft SQL Server\120\Tools\Binn\;C:\Strawberry\c\bin;C:\Strawberry\perl\site\bin;C:\Strawberry\perl\bin;C:\Program Files\nodejs\;C:\Users\Bharath\AppData\Roaming\npm
USERNAME=Bharath
OS=Windows_NT
PROCESSOR_IDENTIFIER=Intel64 Family 6 Model 60 Stepping 3, GenuineIntel



---------------  S Y S T E M  ---------------

OS: Windows 8.1 , 64 bit Build 9600 

CPU:total 8 (4 cores per cpu, 2 threads per core) family 6 model 60 stepping 3, cmov, cx8, fxsr, mmx, sse, sse2, sse3, ssse3, sse4.1, sse4.2, popcnt, avx, avx2, aes, clmul, erms, lzcnt, ht, tsc, tscinvbit, bmi1, bmi2

Memory: 4k page, physical 8134936k(1123544k free), swap 12790040k(4308k free)

vm_info: Java HotSpot(TM) 64-Bit Server VM (25.20-b23) for windows-amd64 JRE (1.8.0_20-b26), built on Jul 30 2014 13:51:23 by "java_re" with MS VC++ 10.0 (VS2010)

time: Wed Dec 02 01:03:37 2015
elapsed time: 2 seconds (0d 0h 0m 2s)

