#
# There is insufficient memory for the Java Runtime Environment to continue.
# Native memory allocation (malloc) failed to allocate 1151040 bytes for Chunk::new
# Possible reasons:
#   The system is out of physical RAM or swap space
#   In 32 bit mode, the process size limit was hit
# Possible solutions:
#   Reduce memory load on the system
#   Increase physical memory or swap space
#   Check if swap backing store is full
#   Use 64 bit Java on a 64 bit OS
#   Decrease Java heap size (-Xmx/-Xms)
#   Decrease number of Java threads
#   Decrease Java thread stack sizes (-Xss)
#   Set larger code cache with -XX:ReservedCodeCacheSize=
# This output file may be truncated or incomplete.
#
#  Out of Memory Error (allocation.cpp:390), pid=12912, tid=13988
#
# JRE version: Java(TM) SE Runtime Environment (8.0_20-b26) (build 1.8.0_20-b26)
# Java VM: Java HotSpot(TM) 64-Bit Server VM (25.20-b23 mixed mode windows-amd64 compressed oops)
# Failed to write core dump. Minidumps are not enabled by default on client versions of Windows
#

---------------  T H R E A D  ---------------

Current thread (0x00000000177fc000):  JavaThread "C2 CompilerThread1" daemon [_thread_in_native, id=13988, stack(0x0000000017ed0000,0x0000000017fd0000)]

Stack: [0x0000000017ed0000,0x0000000017fd0000]
[error occurred during error reporting (printing stack bounds), id 0xc0000005]

Native frames: (J=compiled Java code, j=interpreted, Vv=VM code, C=native code)
V  [jvm.dll+0x3152fa]
V  [jvm.dll+0x265d03]
V  [jvm.dll+0x266943]
V  [jvm.dll+0x27f586]
V  [jvm.dll+0x28311c]
V  [jvm.dll+0x5ad52f]
C  [msvcr100.dll+0x712e3]
V  [jvm.dll+0x5acc2d]
C  [ntdll.dll+0x9633d]
C  [ntdll.dll+0x13c00]
C  [ntdll.dll+0x9544a]
V  [jvm.dll+0x205611]


Current CompileTask:
C2:   2508 1409   !   4       com.android.dx.cf.cst.ConstantPoolParser::parse0 (731 bytes)


---------------  P R O C E S S  ---------------

Java Threads: ( => current thread )
  0x0000000017899000 JavaThread "Service Thread" daemon [_thread_blocked, id=8268, stack(0x00000000181d0000,0x00000000182d0000)]
  0x000000001781e800 JavaThread "C1 CompilerThread3" daemon [_thread_blocked, id=10596, stack(0x00000000180d0000,0x00000000181d0000)]
  0x0000000017803800 JavaThread "C2 CompilerThread2" daemon [_thread_in_native, id=11500, stack(0x0000000017fd0000,0x00000000180d0000)]
=>0x00000000177fc000 JavaThread "C2 CompilerThread1" daemon [_thread_in_native, id=13988, stack(0x0000000017ed0000,0x0000000017fd0000)]
  0x00000000177fa000 JavaThread "C2 CompilerThread0" daemon [_thread_in_native, id=6256, stack(0x0000000017dd0000,0x0000000017ed0000)]
  0x00000000177f5000 JavaThread "Attach Listener" daemon [_thread_blocked, id=7152, stack(0x0000000017cd0000,0x0000000017dd0000)]
  0x00000000157de800 JavaThread "Signal Dispatcher" daemon [_thread_blocked, id=10976, stack(0x0000000017bd0000,0x0000000017cd0000)]
  0x0000000002ca3800 JavaThread "Finalizer" daemon [_thread_blocked, id=8724, stack(0x00000000176d0000,0x00000000177d0000)]
  0x0000000002ca2800 JavaThread "Reference Handler" daemon [_thread_blocked, id=7196, stack(0x00000000175d0000,0x00000000176d0000)]
  0x0000000002bb0800 JavaThread "main" [_thread_in_Java, id=13248, stack(0x0000000002ab0000,0x0000000002bb0000)]

Other Threads:
  0x00000000157c9800 VMThread [stack: 0x00000000174d0000,0x00000000175d0000] [id=10660]
  0x000000001789a000 WatcherThread [stack: 0x00000000182d0000,0x00000000183d0000] [id=5880]

VM state:not at safepoint (normal execution)

VM Mutex/Monitor currently owned by a thread: None

Heap:
 PSYoungGen      total 70656K, used 7665K [0x00000000eab00000, 0x00000000ef500000, 0x0000000100000000)
  eden space 65536K, 3% used [0x00000000eab00000,0x00000000ead827b0,0x00000000eeb00000)
  from space 5120K, 99% used [0x00000000ef000000,0x00000000ef4f9c98,0x00000000ef500000)
  to   space 5120K, 0% used [0x00000000eeb00000,0x00000000eeb00000,0x00000000ef000000)
 ParOldGen       total 86016K, used 6328K [0x00000000c0000000, 0x00000000c5400000, 0x00000000eab00000)
  object space 86016K, 7% used [0x00000000c0000000,0x00000000c062e158,0x00000000c5400000)
 Metaspace       used 5840K, capacity 7088K, committed 7296K, reserved 1056768K
  class space    used 555K, capacity 616K, committed 640K, reserved 1048576K

Card table byte_map: [0x0000000012070000,0x0000000012280000] byte_map_base: 0x0000000011a70000

Marking Bits: (ParMarkBitMap*) 0x000000006fc1b460
 Begin Bits: [0x0000000012be0000, 0x0000000013be0000)
 End Bits:   [0x0000000013be0000, 0x0000000014be0000)

Polling page: 0x0000000002830000

CodeCache: size=245760Kb used=6805Kb max_used=6809Kb free=238954Kb
 bounds [0x0000000002cb0000, 0x0000000003360000, 0x0000000011cb0000]
 total_blobs=1866 nmethods=1606 adapters=174
 compilation: enabled

Compilation events (10 events):
Event: 2.289 Thread 0x000000001781e800 1564       3       com.android.dx.rop.cst.CstString::stringToUtf8Bytes (175 bytes)
Event: 2.290 Thread 0x000000001781e800 nmethod 1564 0x000000000331e1d0 code [0x000000000331e3a0, 0x000000000331ec18]
Event: 2.291 Thread 0x000000001781e800 1565       3       java.util.HashMap$HashIterator::nextNode (100 bytes)
Event: 2.292 Thread 0x000000001781e800 nmethod 1565 0x0000000003321c50 code [0x0000000003321de0, 0x0000000003322298]
Event: 2.301 Thread 0x000000001781e800 1568       3       java.util.Collections::unmodifiableCollection (9 bytes)
Event: 2.301 Thread 0x000000001781e800 nmethod 1568 0x0000000003321650 code [0x00000000033217c0, 0x0000000003321ae8]
Event: 2.301 Thread 0x000000001781e800 1569       3       com.android.dx.dex.file.ClassDefItem::addVirtualMethod (9 bytes)
Event: 2.302 Thread 0x000000001781e800 nmethod 1569 0x0000000003320a50 code [0x0000000003320c00, 0x0000000003321298]
Event: 2.302 Thread 0x000000001781e800 1570       3       com.android.dx.dex.file.ClassDataItem::addVirtualMethod (24 bytes)
Event: 2.302 Thread 0x000000001781e800 nmethod 1570 0x000000000331fed0 code [0x0000000003320080, 0x00000000033206f8]

GC Heap History (2 events):
Event: 1.564 GC heap before
{Heap before GC invocations=1 (full 0):
 PSYoungGen      total 37888K, used 32768K [0x00000000eab00000, 0x00000000ed500000, 0x0000000100000000)
  eden space 32768K, 100% used [0x00000000eab00000,0x00000000ecb00000,0x00000000ecb00000)
  from space 5120K, 0% used [0x00000000ed000000,0x00000000ed000000,0x00000000ed500000)
  to   space 5120K, 0% used [0x00000000ecb00000,0x00000000ecb00000,0x00000000ed000000)
 ParOldGen       total 86016K, used 0K [0x00000000c0000000, 0x00000000c5400000, 0x00000000eab00000)
  object space 86016K, 0% used [0x00000000c0000000,0x00000000c0000000,0x00000000c5400000)
 Metaspace       used 5717K, capacity 6960K, committed 7040K, reserved 1056768K
  class space    used 554K, capacity 616K, committed 640K, reserved 1048576K
Event: 1.594 GC heap after
Heap after GC invocations=1 (full 0):
 PSYoungGen      total 37888K, used 5109K [0x00000000eab00000, 0x00000000ef500000, 0x0000000100000000)
  eden space 32768K, 0% used [0x00000000eab00000,0x00000000eab00000,0x00000000ecb00000)
  from space 5120K, 99% used [0x00000000ecb00000,0x00000000ecffd420,0x00000000ed000000)
  to   space 5120K, 0% used [0x00000000ef000000,0x00000000ef000000,0x00000000ef500000)
 ParOldGen       total 86016K, used 1519K [0x00000000c0000000, 0x00000000c5400000, 0x00000000eab00000)
  object space 86016K, 1% used [0x00000000c0000000,0x00000000c017bc40,0x00000000c5400000)
 Metaspace       used 5717K, capacity 6960K, committed 7040K, reserved 1056768K
  class space    used 554K, capacity 616K, committed 640K, reserved 1048576K
}

Deoptimization events (7 events):
Event: 0.648 Thread 0x0000000002bb0800 Uncommon trap: reason=class_check action=maybe_recompile pc=0x0000000002f442ac method=com.android.dx.ssa.NormalSsaInsn.accept(Lcom/android/dx/ssa/SsaInsn$Visitor;)V @ 9
Event: 0.648 Thread 0x0000000002bb0800 Uncommon trap: reason=class_check action=maybe_recompile pc=0x0000000002effc30 method=com.android.dx.ssa.NormalSsaInsn.accept(Lcom/android/dx/ssa/SsaInsn$Visitor;)V @ 9
Event: 0.648 Thread 0x0000000002bb0800 Uncommon trap: reason=class_check action=maybe_recompile pc=0x0000000002f442ac method=com.android.dx.ssa.NormalSsaInsn.accept(Lcom/android/dx/ssa/SsaInsn$Visitor;)V @ 9
Event: 0.648 Thread 0x0000000002bb0800 Uncommon trap: reason=class_check action=maybe_recompile pc=0x0000000002effc30 method=com.android.dx.ssa.NormalSsaInsn.accept(Lcom/android/dx/ssa/SsaInsn$Visitor;)V @ 9
Event: 0.648 Thread 0x0000000002bb0800 Uncommon trap: reason=class_check action=maybe_recompile pc=0x0000000002f442ac method=com.android.dx.ssa.NormalSsaInsn.accept(Lcom/android/dx/ssa/SsaInsn$Visitor;)V @ 9
Event: 1.194 Thread 0x0000000002bb0800 Uncommon trap: reason=null_check action=make_not_entrant pc=0x00000000030c8dd0 method=com.android.dx.ssa.SsaRenamer.getLocalForNewReg(I)Lcom/android/dx/rop/code/LocalItem; @ 19
Event: 1.194 Thread 0x0000000002bb0800 Uncommon trap: reason=null_check action=make_not_entrant pc=0x00000000030a41b0 method=com.android.dx.ssa.SsaRenamer.getLocalForNewReg(I)Lcom/android/dx/rop/code/LocalItem; @ 19

Internal exceptions (10 events):
Event: 0.819 Thread 0x0000000002bb0800 Exception <a 'java/security/PrivilegedActionException'> (0x00000000eb897ab0) thrown at [D:\re\workspace\8-2-build-windows-amd64-cygwin\jdk8u20\1074\hotspot\src\share\vm\prims\jvm.cpp, line 1275]
Event: 0.855 Thread 0x0000000002bb0800 Exception <a 'java/security/PrivilegedActionException'> (0x00000000eb9e0ed0) thrown at [D:\re\workspace\8-2-build-windows-amd64-cygwin\jdk8u20\1074\hotspot\src\share\vm\prims\jvm.cpp, line 1275]
Event: 0.866 Thread 0x0000000002bb0800 Exception <a 'java/security/PrivilegedActionException'> (0x00000000eba32d40) thrown at [D:\re\workspace\8-2-build-windows-amd64-cygwin\jdk8u20\1074\hotspot\src\share\vm\prims\jvm.cpp, line 1275]
Event: 0.867 Thread 0x0000000002bb0800 Exception <a 'java/security/PrivilegedActionException'> (0x00000000eba3f170) thrown at [D:\re\workspace\8-2-build-windows-amd64-cygwin\jdk8u20\1074\hotspot\src\share\vm\prims\jvm.cpp, line 1275]
Event: 0.938 Thread 0x0000000002bb0800 Exception <a 'java/security/PrivilegedActionException'> (0x00000000ebce3f20) thrown at [D:\re\workspace\8-2-build-windows-amd64-cygwin\jdk8u20\1074\hotspot\src\share\vm\prims\jvm.cpp, line 1275]
Event: 1.106 Thread 0x0000000002bb0800 Exception <a 'java/security/PrivilegedActionException'> (0x00000000ec084c08) thrown at [D:\re\workspace\8-2-build-windows-amd64-cygwin\jdk8u20\1074\hotspot\src\share\vm\prims\jvm.cpp, line 1275]
Event: 1.173 Thread 0x0000000002bb0800 Exception <a 'java/security/PrivilegedActionException'> (0x00000000ec2356d8) thrown at [D:\re\workspace\8-2-build-windows-amd64-cygwin\jdk8u20\1074\hotspot\src\share\vm\prims\jvm.cpp, line 1275]
Event: 1.194 Thread 0x0000000002bb0800 Implicit null exception at 0x00000000030c7906 to 0x00000000030c8dad
Event: 1.194 Thread 0x0000000002bb0800 Implicit null exception at 0x00000000030a2d13 to 0x00000000030a4175
Event: 1.433 Thread 0x0000000002bb0800 Exception <a 'java/security/PrivilegedActionException'> (0x00000000ec8aa9f8) thrown at [D:\re\workspace\8-2-build-windows-amd64-cygwin\jdk8u20\1074\hotspot\src\share\vm\prims\jvm.cpp, line 1275]

Events (10 events):
Event: 1.194 Thread 0x0000000002bb0800 DEOPT UNPACKING pc=0x0000000002cf556a sp=0x0000000002bae728 mode 2
Event: 1.194 Thread 0x0000000002bb0800 Uncommon trap: trap_request=0xfffffff4 fr.pc=0x00000000030a41b0
Event: 1.194 Thread 0x0000000002bb0800 DEOPT PACKING pc=0x00000000030a41b0 sp=0x0000000002bae8b0
Event: 1.194 Thread 0x0000000002bb0800 DEOPT UNPACKING pc=0x0000000002cf556a sp=0x0000000002bae718 mode 2
Event: 1.433 loading class com/android/dx/cf/attrib/AttExceptions
Event: 1.433 loading class com/android/dx/cf/attrib/AttExceptions done
Event: 1.564 Executing VM operation: ParallelGCFailedAllocation
Event: 1.594 Executing VM operation: ParallelGCFailedAllocation done
Event: 1.598 loading class sun/misc/Cleaner
Event: 1.598 loading class sun/misc/Cleaner done


Dynamic libraries:
0x00007ff611d50000 - 0x00007ff611d84000 	C:\Program Files\Java\jdk1.8.0_20\bin\java.exe
0x00007ff951670000 - 0x00007ff951831000 	C:\WINDOWS\SYSTEM32\ntdll.dll
0x00007ff950b10000 - 0x00007ff950bbd000 	C:\WINDOWS\system32\KERNEL32.DLL
0x00007ff94eb00000 - 0x00007ff94ecdd000 	C:\WINDOWS\system32\KERNELBASE.dll
0x00007ff951270000 - 0x00007ff951316000 	C:\WINDOWS\system32\ADVAPI32.dll
0x00007ff951170000 - 0x00007ff95120d000 	C:\WINDOWS\system32\msvcrt.dll
0x00007ff950c30000 - 0x00007ff950c8b000 	C:\WINDOWS\system32\sechost.dll
0x00007ff9514a0000 - 0x00007ff9515c6000 	C:\WINDOWS\system32\RPCRT4.dll
0x00007ff950f60000 - 0x00007ff9510ae000 	C:\WINDOWS\system32\USER32.dll
0x00007ff950980000 - 0x00007ff950b06000 	C:\WINDOWS\system32\GDI32.dll
0x00007ff9450e0000 - 0x00007ff945354000 	C:\WINDOWS\WinSxS\amd64_microsoft.windows.common-controls_6595b64144ccf1df_6.0.10240.16384_none_f41f7b285750ef43\COMCTL32.dll
0x00007ff951630000 - 0x00007ff951666000 	C:\WINDOWS\system32\IMM32.DLL
0x00007ff951320000 - 0x00007ff95147c000 	C:\WINDOWS\system32\MSCTF.dll
0x000000006efd0000 - 0x000000006f0a2000 	C:\Program Files\Java\jdk1.8.0_20\jre\bin\msvcr100.dll
0x000000006f440000 - 0x000000006fc98000 	C:\Program Files\Java\jdk1.8.0_20\jre\bin\server\jvm.dll
0x00007ff951490000 - 0x00007ff951498000 	C:\WINDOWS\system32\PSAPI.DLL
0x00007ff94bd00000 - 0x00007ff94bd09000 	C:\WINDOWS\SYSTEM32\WSOCK32.dll
0x00007ff94c0b0000 - 0x00007ff94c0d3000 	C:\WINDOWS\SYSTEM32\WINMM.dll
0x00007ff950c90000 - 0x00007ff950cf9000 	C:\WINDOWS\system32\WS2_32.dll
0x00007ff950290000 - 0x00007ff950298000 	C:\WINDOWS\system32\NSI.dll
0x00007ff94c080000 - 0x00007ff94c0ac000 	C:\WINDOWS\SYSTEM32\winmmbase.dll
0x00007ff94e770000 - 0x00007ff94e7b4000 	C:\WINDOWS\system32\cfgmgr32.dll
0x00007ff94c970000 - 0x00007ff94c997000 	C:\WINDOWS\SYSTEM32\DEVOBJ.dll
0x00000000711d0000 - 0x00000000711df000 	C:\Program Files\Java\jdk1.8.0_20\jre\bin\verify.dll
0x000000006f410000 - 0x000000006f438000 	C:\Program Files\Java\jdk1.8.0_20\jre\bin\java.dll
0x000000006f3f0000 - 0x000000006f406000 	C:\Program Files\Java\jdk1.8.0_20\jre\bin\zip.dll
0x00007ff94ed60000 - 0x00007ff950282000 	C:\WINDOWS\system32\SHELL32.dll
0x00007ff94e140000 - 0x00007ff94e768000 	C:\WINDOWS\system32\windows.storage.dll
0x00007ff9502a0000 - 0x00007ff95051c000 	C:\WINDOWS\system32\combase.dll
0x00007ff951210000 - 0x00007ff951261000 	C:\WINDOWS\system32\shlwapi.dll
0x00007ff94e130000 - 0x00007ff94e13f000 	C:\WINDOWS\system32\kernel.appcore.dll
0x00007ff94ea40000 - 0x00007ff94eaf3000 	C:\WINDOWS\system32\shcore.dll
0x00007ff94e0a0000 - 0x00007ff94e0ea000 	C:\WINDOWS\system32\powrprof.dll
0x00007ff94e0f0000 - 0x00007ff94e103000 	C:\WINDOWS\system32\profapi.dll
0x00007ff93e6b0000 - 0x00007ff93e83a000 	C:\WINDOWS\SYSTEM32\dbghelp.dll

VM Arguments:
jvm_args: -Xmx1024M -Dfile.encoding=windows-1252 -Duser.country=US -Duser.language=en -Duser.variant 
java_command: com.android.dx.command.Main --dex --output C:\Users\Bharath\AndroidStudioProjects\Whale\app\build\intermediates\pre-dexed\debug\internal_impl-23.1.0-d196c4a8243d7c9695476cb1b8eec923043b1781.jar C:\Users\Bharath\AndroidStudioProjects\Whale\app\build\intermediates\exploded-aar\com.android.support\support-v4\23.1.0\jars\libs\internal_impl-23.1.0.jar
java_class_path (initial): C:\Users\Bharath\AppData\Local\Android\sdk\build-tools\22.0.1\lib\dx.jar
Launcher Type: SUN_STANDARD

Environment Variables:
JAVA_HOME=C:\Program Files\Java\jdk1.8.0_20
PATH=C:\ProgramData\Oracle\Java\javapath;C:\Program Files\Java\jdk1.8.0_25\bin;C:\WINDOWS\system32;C:\WINDOWS;C:\WINDOWS\System32\Wbem;C:\WINDOWS\System32\WindowsPowerShell\v1.0\;C:\Program Files (x86)\Skype\Phone\;C:\WINDOWS\system32\config\systemprofile\.dnx\bin;C:\Program Files\Microsoft DNX\Dnvm\;C:\Program Files\Microsoft SQL Server\120\Tools\Binn\;C:\Strawberry\c\bin;C:\Strawberry\perl\site\bin;C:\Strawberry\perl\bin;C:\Program Files\nodejs\;C:\Users\Bharath\AppData\Roaming\npm
USERNAME=Bharath
OS=Windows_NT
PROCESSOR_IDENTIFIER=Intel64 Family 6 Model 60 Stepping 3, GenuineIntel



---------------  S Y S T E M  ---------------

OS: Windows 8.1 , 64 bit Build 9600 

CPU:total 8 (4 cores per cpu, 2 threads per core) family 6 model 60 stepping 3, cmov, cx8, fxsr, mmx, sse, sse2, sse3, ssse3, sse4.1, sse4.2, popcnt, avx, avx2, aes, clmul, erms, lzcnt, ht, tsc, tscinvbit, bmi1, bmi2

Memory: 4k page, physical 8134936k(1123548k free), swap 12790040k(4308k free)

vm_info: Java HotSpot(TM) 64-Bit Server VM (25.20-b23) for windows-amd64 JRE (1.8.0_20-b26), built on Jul 30 2014 13:51:23 by "java_re" with MS VC++ 10.0 (VS2010)

time: Wed Dec 02 01:03:37 2015
elapsed time: 2 seconds (0d 0h 0m 2s)

