#
# There is insufficient memory for the Java Runtime Environment to continue.
# Native memory allocation (malloc) failed to allocate 1243376 bytes for Chunk::new
# Possible reasons:
#   The system is out of physical RAM or swap space
#   In 32 bit mode, the process size limit was hit
# Possible solutions:
#   Reduce memory load on the system
#   Increase physical memory or swap space
#   Check if swap backing store is full
#   Use 64 bit Java on a 64 bit OS
#   Decrease Java heap size (-Xmx/-Xms)
#   Decrease number of Java threads
#   Decrease Java thread stack sizes (-Xss)
#   Set larger code cache with -XX:ReservedCodeCacheSize=
# This output file may be truncated or incomplete.
#
#  Out of Memory Error (allocation.cpp:390), pid=5716, tid=3372
#
# JRE version: Java(TM) SE Runtime Environment (8.0_20-b26) (build 1.8.0_20-b26)
# Java VM: Java HotSpot(TM) 64-Bit Server VM (25.20-b23 mixed mode windows-amd64 compressed oops)
# Failed to write core dump. Minidumps are not enabled by default on client versions of Windows
#

---------------  T H R E A D  ---------------

Current thread (0x0000000017572800):  JavaThread "C2 CompilerThread2" daemon [_thread_in_native, id=3372, stack(0x0000000017d40000,0x0000000017e40000)]

Stack: [0x0000000017d40000,0x0000000017e40000]
Native frames: (J=compiled Java code, j=interpreted, Vv=VM code, C=native code)
V  [jvm.dll+0x3152fa]
V  [jvm.dll+0x265d03]
V  [jvm.dll+0x266943]
V  [jvm.dll+0x25e265]
V  [jvm.dll+0xbe255]
V  [jvm.dll+0xbe6fc]
V  [jvm.dll+0x477e2c]
V  [jvm.dll+0x444fab]
V  [jvm.dll+0x4500de]
V  [jvm.dll+0x4526c8]
V  [jvm.dll+0x435fc2]
V  [jvm.dll+0x97b62]
V  [jvm.dll+0x98353]
V  [jvm.dll+0x22aac4]
V  [jvm.dll+0x283f5a]
C  [msvcr100.dll+0x21d9f]
C  [msvcr100.dll+0x21e3b]
C  [KERNEL32.DLL+0x12d92]
C  [ntdll.dll+0x9f64]


Current CompileTask:
C2:   5145 1617   !   4       com.android.dx.cf.code.Ropper::processBlock (1101 bytes)


---------------  P R O C E S S  ---------------

Java Threads: ( => current thread )
  0x00000000175fe800 JavaThread "Service Thread" daemon [_thread_blocked, id=5412, stack(0x0000000017f40000,0x0000000018040000)]
  0x0000000017577800 JavaThread "C1 CompilerThread3" daemon [_thread_blocked, id=7024, stack(0x0000000017e40000,0x0000000017f40000)]
=>0x0000000017572800 JavaThread "C2 CompilerThread2" daemon [_thread_in_native, id=3372, stack(0x0000000017d40000,0x0000000017e40000)]
  0x000000001756b000 JavaThread "C2 CompilerThread1" daemon [_thread_in_native, id=11964, stack(0x0000000017c40000,0x0000000017d40000)]
  0x0000000017566000 JavaThread "C2 CompilerThread0" daemon [_thread_in_native, id=11164, stack(0x0000000017b40000,0x0000000017c40000)]
  0x0000000017564800 JavaThread "Attach Listener" daemon [_thread_blocked, id=8120, stack(0x0000000017a40000,0x0000000017b40000)]
  0x0000000017563800 JavaThread "Signal Dispatcher" daemon [_thread_blocked, id=7004, stack(0x0000000017940000,0x0000000017a40000)]
  0x0000000002a28000 JavaThread "Finalizer" daemon [_thread_blocked, id=7468, stack(0x0000000017440000,0x0000000017540000)]
  0x0000000002a21000 JavaThread "Reference Handler" daemon [_thread_blocked, id=7076, stack(0x0000000017340000,0x0000000017440000)]
  0x0000000002930800 JavaThread "main" [_thread_in_Java, id=6164, stack(0x0000000002830000,0x0000000002930000)]

Other Threads:
  0x0000000015569000 VMThread [stack: 0x0000000017240000,0x0000000017340000] [id=1096]
  0x0000000017600000 WatcherThread [stack: 0x0000000018040000,0x0000000018140000] [id=11600]

VM state:not at safepoint (normal execution)

VM Mutex/Monitor currently owned by a thread: None

Heap:
 PSYoungGen      total 70656K, used 19856K [0x00000000eab00000, 0x00000000ef500000, 0x0000000100000000)
  eden space 65536K, 22% used [0x00000000eab00000,0x00000000eb966ad8,0x00000000eeb00000)
  from space 5120K, 99% used [0x00000000ef000000,0x00000000ef4fd658,0x00000000ef500000)
  to   space 5120K, 0% used [0x00000000eeb00000,0x00000000eeb00000,0x00000000ef000000)
 ParOldGen       total 86016K, used 5601K [0x00000000c0000000, 0x00000000c5400000, 0x00000000eab00000)
  object space 86016K, 6% used [0x00000000c0000000,0x00000000c0578780,0x00000000c5400000)
 Metaspace       used 5901K, capacity 7024K, committed 7296K, reserved 1056768K
  class space    used 575K, capacity 616K, committed 640K, reserved 1048576K

Card table byte_map: [0x0000000011df0000,0x0000000012000000] byte_map_base: 0x00000000117f0000

Marking Bits: (ParMarkBitMap*) 0x000000006124b460
 Begin Bits: [0x0000000012960000, 0x0000000013960000)
 End Bits:   [0x0000000013960000, 0x0000000014960000)

Polling page: 0x0000000002690000

CodeCache: size=245760Kb used=7234Kb max_used=7234Kb free=238525Kb
 bounds [0x0000000002a30000, 0x0000000003150000, 0x0000000011a30000]
 total_blobs=1917 nmethods=1657 adapters=174
 compilation: enabled

Compilation events (10 events):
Event: 4.762 Thread 0x0000000017577800 1659       1       java.util.HashMap$Node::getKey (5 bytes)
Event: 4.762 Thread 0x0000000017577800 nmethod 1659 0x0000000003147410 code [0x0000000003147560, 0x0000000003147670]
Event: 4.763 Thread 0x0000000017577800 1660       3       java.util.Collections$UnmodifiableList::get (11 bytes)
Event: 4.763 Thread 0x0000000017577800 nmethod 1660 0x0000000003146fd0 code [0x0000000003147140, 0x0000000003147368]
Event: 4.842 Thread 0x0000000017577800 1662       3       com.android.dx.rop.code.Rops::opIfNe (17 bytes)
Event: 4.843 Thread 0x0000000017577800 nmethod 1662 0x0000000003146c50 code [0x0000000003146dc0, 0x0000000003146f48]
Event: 4.855 Thread 0x0000000017577800 1664       3       com.android.dx.ssa.SsaInsn::setResult (20 bytes)
Event: 4.855 Thread 0x0000000017577800 nmethod 1664 0x00000000031467d0 code [0x0000000003146940, 0x0000000003146b88]
Event: 4.860 Thread 0x0000000017577800 1665       3       com.android.dx.ssa.back.FirstFitLocalCombiningAllocator::getLocalItemForReg (97 bytes)
Event: 4.861 Thread 0x0000000017577800 nmethod 1665 0x0000000003145090 code [0x00000000031452e0, 0x0000000003146258]

GC Heap History (4 events):
Event: 2.092 GC heap before
{Heap before GC invocations=1 (full 0):
 PSYoungGen      total 37888K, used 32768K [0x00000000eab00000, 0x00000000ed500000, 0x0000000100000000)
  eden space 32768K, 100% used [0x00000000eab00000,0x00000000ecb00000,0x00000000ecb00000)
  from space 5120K, 0% used [0x00000000ed000000,0x00000000ed000000,0x00000000ed500000)
  to   space 5120K, 0% used [0x00000000ecb00000,0x00000000ecb00000,0x00000000ed000000)
 ParOldGen       total 86016K, used 0K [0x00000000c0000000, 0x00000000c5400000, 0x00000000eab00000)
  object space 86016K, 0% used [0x00000000c0000000,0x00000000c0000000,0x00000000c5400000)
 Metaspace       used 5664K, capacity 6960K, committed 7040K, reserved 1056768K
  class space    used 554K, capacity 616K, committed 640K, reserved 1048576K
Event: 2.255 GC heap after
Heap after GC invocations=1 (full 0):
 PSYoungGen      total 37888K, used 5113K [0x00000000eab00000, 0x00000000ef500000, 0x0000000100000000)
  eden space 32768K, 0% used [0x00000000eab00000,0x00000000eab00000,0x00000000ecb00000)
  from space 5120K, 99% used [0x00000000ecb00000,0x00000000ecffe780,0x00000000ed000000)
  to   space 5120K, 0% used [0x00000000ef000000,0x00000000ef000000,0x00000000ef500000)
 ParOldGen       total 86016K, used 1498K [0x00000000c0000000, 0x00000000c5400000, 0x00000000eab00000)
  object space 86016K, 1% used [0x00000000c0000000,0x00000000c01768e8,0x00000000c5400000)
 Metaspace       used 5664K, capacity 6960K, committed 7040K, reserved 1056768K
  class space    used 554K, capacity 616K, committed 640K, reserved 1048576K
}
Event: 4.239 GC heap before
{Heap before GC invocations=2 (full 0):
 PSYoungGen      total 37888K, used 37881K [0x00000000eab00000, 0x00000000ef500000, 0x0000000100000000)
  eden space 32768K, 100% used [0x00000000eab00000,0x00000000ecb00000,0x00000000ecb00000)
  from space 5120K, 99% used [0x00000000ecb00000,0x00000000ecffe780,0x00000000ed000000)
  to   space 5120K, 0% used [0x00000000ef000000,0x00000000ef000000,0x00000000ef500000)
 ParOldGen       total 86016K, used 1498K [0x00000000c0000000, 0x00000000c5400000, 0x00000000eab00000)
  object space 86016K, 1% used [0x00000000c0000000,0x00000000c01768e8,0x00000000c5400000)
 Metaspace       used 5890K, capacity 7024K, committed 7296K, reserved 1056768K
  class space    used 575K, capacity 616K, committed 640K, reserved 1048576K
Event: 4.639 GC heap after
Heap after GC invocations=2 (full 0):
 PSYoungGen      total 70656K, used 5109K [0x00000000eab00000, 0x00000000ef500000, 0x0000000100000000)
  eden space 65536K, 0% used [0x00000000eab00000,0x00000000eab00000,0x00000000eeb00000)
  from space 5120K, 99% used [0x00000000ef000000,0x00000000ef4fd658,0x00000000ef500000)
  to   space 5120K, 0% used [0x00000000eeb00000,0x00000000eeb00000,0x00000000ef000000)
 ParOldGen       total 86016K, used 5601K [0x00000000c0000000, 0x00000000c5400000, 0x00000000eab00000)
  object space 86016K, 6% used [0x00000000c0000000,0x00000000c0578780,0x00000000c5400000)
 Metaspace       used 5890K, capacity 7024K, committed 7296K, reserved 1056768K
  class space    used 575K, capacity 616K, committed 640K, reserved 1048576K
}

Deoptimization events (10 events):
Event: 4.144 Thread 0x0000000002930800 Uncommon trap: reason=unreached action=reinterpret pc=0x0000000003051e5c method=java.util.HashMap.getNode(ILjava/lang/Object;)Ljava/util/HashMap$Node; @ 84
Event: 4.145 Thread 0x0000000002930800 Uncommon trap: reason=unreached action=reinterpret pc=0x0000000002c353f4 method=java.util.HashMap.getNode(ILjava/lang/Object;)Ljava/util/HashMap$Node; @ 84
Event: 4.153 Thread 0x0000000002930800 Uncommon trap: reason=unreached action=reinterpret pc=0x0000000003064ea8 method=java.util.HashMap.resize()[Ljava/util/HashMap$Node; @ 206
Event: 4.655 Thread 0x0000000002930800 Uncommon trap: reason=unreached action=reinterpret pc=0x00000000031019e0 method=com.android.dx.cf.code.BytecodeArray.parseInstruction(ILcom/android/dx/cf/code/BytecodeArray$Visitor;)I @ 1198
Event: 4.854 Thread 0x0000000002930800 Uncommon trap: reason=bimorphic action=maybe_recompile pc=0x00000000030e4118 method=java.util.HashMap.getNode(ILjava/lang/Object;)Ljava/util/HashMap$Node; @ 126
Event: 4.854 Thread 0x0000000002930800 Uncommon trap: reason=class_check action=maybe_recompile pc=0x0000000002e9adfc method=java.util.HashMap.putVal(ILjava/lang/Object;Ljava/lang/Object;ZZ)Ljava/lang/Object; @ 203
Event: 4.854 Thread 0x0000000002930800 Uncommon trap: reason=bimorphic action=maybe_recompile pc=0x00000000030e4118 method=java.util.HashMap.getNode(ILjava/lang/Object;)Ljava/util/HashMap$Node; @ 126
Event: 4.854 Thread 0x0000000002930800 Uncommon trap: reason=class_check action=maybe_recompile pc=0x0000000002e9adfc method=java.util.HashMap.putVal(ILjava/lang/Object;Ljava/lang/Object;ZZ)Ljava/lang/Object; @ 203
Event: 4.854 Thread 0x0000000002930800 Uncommon trap: reason=bimorphic action=maybe_recompile pc=0x00000000030e4118 method=java.util.HashMap.getNode(ILjava/lang/Object;)Ljava/util/HashMap$Node; @ 126
Event: 4.854 Thread 0x0000000002930800 Uncommon trap: reason=class_check action=maybe_recompile pc=0x0000000002e9adfc method=java.util.HashMap.putVal(ILjava/lang/Object;Ljava/lang/Object;ZZ)Ljava/lang/Object; @ 203

Internal exceptions (10 events):
Event: 0.789 Thread 0x0000000002930800 Exception <a 'java/security/PrivilegedActionException'> (0x00000000eb7751b0) thrown at [D:\re\workspace\8-2-build-windows-amd64-cygwin\jdk8u20\1074\hotspot\src\share\vm\prims\jvm.cpp, line 1275]
Event: 0.985 Thread 0x0000000002930800 Exception <a 'java/security/PrivilegedActionException'> (0x00000000eba76130) thrown at [D:\re\workspace\8-2-build-windows-amd64-cygwin\jdk8u20\1074\hotspot\src\share\vm\prims\jvm.cpp, line 1275]
Event: 2.074 Thread 0x0000000002930800 Implicit null exception at 0x0000000002dd9662 to 0x0000000002dd9755
Event: 3.851 Thread 0x0000000002930800 Exception <a 'java/security/PrivilegedActionException'> (0x00000000ebc040e0) thrown at [D:\re\workspace\8-2-build-windows-amd64-cygwin\jdk8u20\1074\hotspot\src\share\vm\prims\jvm.cpp, line 1275]
Event: 4.016 Thread 0x0000000002930800 Implicit null exception at 0x0000000002dad328 to 0x0000000002daf7f9
Event: 4.123 Thread 0x0000000002930800 Exception <a 'java/security/PrivilegedActionException'> (0x00000000ec3ce708) thrown at [D:\re\workspace\8-2-build-windows-amd64-cygwin\jdk8u20\1074\hotspot\src\share\vm\prims\jvm.cpp, line 1275]
Event: 4.142 Thread 0x0000000002930800 Exception <a 'java/lang/ArrayIndexOutOfBoundsException': 18> (0x00000000ec46c2c0) thrown at [D:\re\workspace\8-2-build-windows-amd64-cygwin\jdk8u20\1074\hotspot\src\share\vm\interpreter\interpreterRuntime.cpp, line 366]
Event: 4.143 Thread 0x0000000002930800 Exception <a 'java/lang/ArrayIndexOutOfBoundsException'> (0x00000000ec46dd58) thrown at [D:\re\workspace\8-2-build-windows-amd64-cygwin\jdk8u20\1074\hotspot\src\share\vm\runtime\sharedRuntime.cpp, line 604]
Event: 4.144 Thread 0x0000000002930800 Exception <a 'java/lang/ArrayIndexOutOfBoundsException'> (0x00000000ec46ef70) thrown at [D:\re\workspace\8-2-build-windows-amd64-cygwin\jdk8u20\1074\hotspot\src\share\vm\runtime\sharedRuntime.cpp, line 604]
Event: 4.716 Thread 0x0000000002930800 Exception <a 'java/security/PrivilegedActionException'> (0x00000000eaee6d20) thrown at [D:\re\workspace\8-2-build-windows-amd64-cygwin\jdk8u20\1074\hotspot\src\share\vm\prims\jvm.cpp, line 1275]

Events (10 events):
Event: 4.854 Thread 0x0000000002930800 DEOPT UNPACKING pc=0x0000000002a7556a sp=0x000000000292e800 mode 2
Event: 4.854 Thread 0x0000000002930800 Uncommon trap: trap_request=0xffffffde fr.pc=0x0000000002e9adfc
Event: 4.854 Thread 0x0000000002930800 DEOPT PACKING pc=0x0000000002e9adfc sp=0x000000000292e860
Event: 4.854 Thread 0x0000000002930800 DEOPT UNPACKING pc=0x0000000002a7556a sp=0x000000000292e7d8 mode 2
Event: 4.854 Thread 0x0000000002930800 Uncommon trap: trap_request=0xffffffc6 fr.pc=0x00000000030e4118
Event: 4.854 Thread 0x0000000002930800 DEOPT PACKING pc=0x00000000030e4118 sp=0x000000000292e880
Event: 4.854 Thread 0x0000000002930800 DEOPT UNPACKING pc=0x0000000002a7556a sp=0x000000000292e800 mode 2
Event: 4.854 Thread 0x0000000002930800 Uncommon trap: trap_request=0xffffffde fr.pc=0x0000000002e9adfc
Event: 4.854 Thread 0x0000000002930800 DEOPT PACKING pc=0x0000000002e9adfc sp=0x000000000292e860
Event: 4.854 Thread 0x0000000002930800 DEOPT UNPACKING pc=0x0000000002a7556a sp=0x000000000292e7d8 mode 2


Dynamic libraries:
0x00007ff6ec110000 - 0x00007ff6ec144000 	C:\Program Files\Java\jdk1.8.0_20\bin\java.exe
0x00007ffbeb580000 - 0x00007ffbeb741000 	C:\WINDOWS\SYSTEM32\ntdll.dll
0x00007ffbeae20000 - 0x00007ffbeaecd000 	C:\WINDOWS\system32\KERNEL32.DLL
0x00007ffbe8840000 - 0x00007ffbe8a1d000 	C:\WINDOWS\system32\KERNELBASE.dll
0x00007ffbe94e0000 - 0x00007ffbe9586000 	C:\WINDOWS\system32\ADVAPI32.dll
0x00007ffbe9590000 - 0x00007ffbe962d000 	C:\WINDOWS\system32\msvcrt.dll
0x00007ffbe8ff0000 - 0x00007ffbe904b000 	C:\WINDOWS\system32\sechost.dll
0x00007ffbe8c50000 - 0x00007ffbe8d76000 	C:\WINDOWS\system32\RPCRT4.dll
0x00007ffbeb190000 - 0x00007ffbeb2de000 	C:\WINDOWS\system32\USER32.dll
0x00007ffbeb2e0000 - 0x00007ffbeb466000 	C:\WINDOWS\system32\GDI32.dll
0x00007ffbdd030000 - 0x00007ffbdd2a4000 	C:\WINDOWS\WinSxS\amd64_microsoft.windows.common-controls_6595b64144ccf1df_6.0.10240.16384_none_f41f7b285750ef43\COMCTL32.dll
0x00007ffbe8e50000 - 0x00007ffbe8e86000 	C:\WINDOWS\system32\IMM32.DLL
0x00007ffbe8e90000 - 0x00007ffbe8fec000 	C:\WINDOWS\system32\MSCTF.dll
0x0000000060060000 - 0x0000000060132000 	C:\Program Files\Java\jdk1.8.0_20\jre\bin\msvcr100.dll
0x0000000060a70000 - 0x00000000612c8000 	C:\Program Files\Java\jdk1.8.0_20\jre\bin\server\jvm.dll
0x00007ffbe98e0000 - 0x00007ffbe98e8000 	C:\WINDOWS\system32\PSAPI.DLL
0x00007ffbe4430000 - 0x00007ffbe4439000 	C:\WINDOWS\SYSTEM32\WSOCK32.dll
0x00007ffbe6370000 - 0x00007ffbe6393000 	C:\WINDOWS\SYSTEM32\WINMM.dll
0x00007ffbe9630000 - 0x00007ffbe9699000 	C:\WINDOWS\system32\WS2_32.dll
0x00007ffbe6110000 - 0x00007ffbe613c000 	C:\WINDOWS\SYSTEM32\WINMMBASE.dll
0x00007ffbe9700000 - 0x00007ffbe9708000 	C:\WINDOWS\system32\NSI.dll
0x00007ffbe8050000 - 0x00007ffbe8094000 	C:\WINDOWS\system32\cfgmgr32.dll
0x00007ffbe6880000 - 0x00007ffbe68a7000 	C:\WINDOWS\SYSTEM32\DEVOBJ.dll
0x0000000060a60000 - 0x0000000060a6f000 	C:\Program Files\Java\jdk1.8.0_20\jre\bin\verify.dll
0x0000000060a30000 - 0x0000000060a58000 	C:\Program Files\Java\jdk1.8.0_20\jre\bin\java.dll
0x0000000060a10000 - 0x0000000060a26000 	C:\Program Files\Java\jdk1.8.0_20\jre\bin\zip.dll
0x00007ffbe98f0000 - 0x00007ffbeae12000 	C:\WINDOWS\system32\SHELL32.dll
0x00007ffbe8210000 - 0x00007ffbe8838000 	C:\WINDOWS\system32\windows.storage.dll
0x00007ffbe9050000 - 0x00007ffbe92cc000 	C:\WINDOWS\system32\combase.dll
0x00007ffbe8df0000 - 0x00007ffbe8e41000 	C:\WINDOWS\system32\shlwapi.dll
0x00007ffbe8040000 - 0x00007ffbe804f000 	C:\WINDOWS\system32\kernel.appcore.dll
0x00007ffbe8150000 - 0x00007ffbe8203000 	C:\WINDOWS\system32\shcore.dll
0x00007ffbe7ff0000 - 0x00007ffbe803a000 	C:\WINDOWS\system32\powrprof.dll
0x00007ffbe7fd0000 - 0x00007ffbe7fe3000 	C:\WINDOWS\system32\profapi.dll
0x00007ffbcf0a0000 - 0x00007ffbcf22a000 	C:\WINDOWS\SYSTEM32\dbghelp.dll

VM Arguments:
jvm_args: -Xmx1024M -Dfile.encoding=windows-1252 -Duser.country=US -Duser.language=en -Duser.variant 
java_command: com.android.dx.command.Main --dex --output C:\Users\Bharath\AndroidStudioProjects\Whale\app\build\intermediates\pre-dexed\debug\classes-43b88266b455f34060f31318ba96fcc661c77750.jar C:\Users\Bharath\AndroidStudioProjects\Whale\app\build\intermediates\exploded-aar\com.android.support\recyclerview-v7\23.1.0\jars\classes.jar
java_class_path (initial): C:\Users\Bharath\AppData\Local\Android\sdk\build-tools\22.0.1\lib\dx.jar
Launcher Type: SUN_STANDARD

Environment Variables:
JAVA_HOME=C:\Program Files\Java\jdk1.8.0_20
PATH=C:\ProgramData\Oracle\Java\javapath;C:\Program Files\Java\jdk1.8.0_25\bin;C:\WINDOWS\system32;C:\WINDOWS;C:\WINDOWS\System32\Wbem;C:\WINDOWS\System32\WindowsPowerShell\v1.0\;C:\Program Files (x86)\Skype\Phone\;%USERPROFILE%\.dnx\bin;C:\Program Files\Microsoft DNX\Dnvm\;C:\Program Files\Microsoft SQL Server\120\Tools\Binn\;C:\Strawberry\c\bin;C:\Strawberry\perl\site\bin;C:\Strawberry\perl\bin;C:\Program Files\nodejs\;C:\Users\Bharath\AppData\Roaming\npm
USERNAME=Bharath
OS=Windows_NT
PROCESSOR_IDENTIFIER=Intel64 Family 6 Model 60 Stepping 3, GenuineIntel



---------------  S Y S T E M  ---------------

OS: Windows 8.1 , 64 bit Build 9600 

CPU:total 8 (4 cores per cpu, 2 threads per core) family 6 model 60 stepping 3, cmov, cx8, fxsr, mmx, sse, sse2, sse3, ssse3, sse4.1, sse4.2, popcnt, avx, avx2, aes, clmul, erms, lzcnt, ht, tsc, tscinvbit, bmi1, bmi2

Memory: 4k page, physical 8134936k(1488220k free), swap 12790040k(21680k free)

vm_info: Java HotSpot(TM) 64-Bit Server VM (25.20-b23) for windows-amd64 JRE (1.8.0_20-b26), built on Jul 30 2014 13:51:23 by "java_re" with MS VC++ 10.0 (VS2010)

time: Tue Nov 24 00:03:36 2015
elapsed time: 5 seconds (0d 0h 0m 5s)

