#
# There is insufficient memory for the Java Runtime Environment to continue.
# Native memory allocation (malloc) failed to allocate 44704 bytes for Chunk::new
# Possible reasons:
#   The system is out of physical RAM or swap space
#   In 32 bit mode, the process size limit was hit
# Possible solutions:
#   Reduce memory load on the system
#   Increase physical memory or swap space
#   Check if swap backing store is full
#   Use 64 bit Java on a 64 bit OS
#   Decrease Java heap size (-Xmx/-Xms)
#   Decrease number of Java threads
#   Decrease Java thread stack sizes (-Xss)
#   Set larger code cache with -XX:ReservedCodeCacheSize=
# This output file may be truncated or incomplete.
#
#  Out of Memory Error (allocation.cpp:390), pid=8040, tid=9212
#
# JRE version: Java(TM) SE Runtime Environment (8.0_20-b26) (build 1.8.0_20-b26)
# Java VM: Java HotSpot(TM) 64-Bit Server VM (25.20-b23 mixed mode windows-amd64 compressed oops)
# Failed to write core dump. Minidumps are not enabled by default on client versions of Windows
#

---------------  T H R E A D  ---------------

Current thread (0x00000000174c2800):  JavaThread "C2 CompilerThread2" daemon [_thread_in_native, id=9212, stack(0x0000000017c90000,0x0000000017d90000)]

Stack: [0x0000000017c90000,0x0000000017d90000]
Native frames: (J=compiled Java code, j=interpreted, Vv=VM code, C=native code)
V  [jvm.dll+0x3152fa]
V  [jvm.dll+0x265d03]
V  [jvm.dll+0x266943]
V  [jvm.dll+0x25e265]
V  [jvm.dll+0xbe255]
V  [jvm.dll+0xbe6fc]
V  [jvm.dll+0x477e87]
V  [jvm.dll+0x444fab]
V  [jvm.dll+0x4500de]
V  [jvm.dll+0x4526c8]
V  [jvm.dll+0x435fc2]
V  [jvm.dll+0x97b62]
V  [jvm.dll+0x98353]
V  [jvm.dll+0x22aac4]
V  [jvm.dll+0x283f5a]
C  [msvcr100.dll+0x21d9f]
C  [msvcr100.dll+0x21e3b]
C  [KERNEL32.DLL+0x12d92]
C  [ntdll.dll+0x9f64]


Current CompileTask:
C2:   2383 1129       4       com.android.dx.ssa.SsaBasicBlock::forEachPhiInsn (54 bytes)


---------------  P R O C E S S  ---------------

Java Threads: ( => current thread )
  0x0000000017555800 JavaThread "Service Thread" daemon [_thread_blocked, id=3908, stack(0x0000000017e90000,0x0000000017f90000)]
  0x00000000174c7800 JavaThread "C1 CompilerThread3" daemon [_thread_blocked, id=11004, stack(0x0000000017d90000,0x0000000017e90000)]
=>0x00000000174c2800 JavaThread "C2 CompilerThread2" daemon [_thread_in_native, id=9212, stack(0x0000000017c90000,0x0000000017d90000)]
  0x00000000174b9000 JavaThread "C2 CompilerThread1" daemon [_thread_in_native, id=4676, stack(0x0000000017b90000,0x0000000017c90000)]
  0x00000000174b6000 JavaThread "C2 CompilerThread0" daemon [_thread_in_native, id=9544, stack(0x0000000017a90000,0x0000000017b90000)]
  0x00000000174b4800 JavaThread "Attach Listener" daemon [_thread_blocked, id=5136, stack(0x0000000017990000,0x0000000017a90000)]
  0x00000000174b3800 JavaThread "Signal Dispatcher" daemon [_thread_blocked, id=9632, stack(0x0000000017890000,0x0000000017990000)]
  0x00000000029a8000 JavaThread "Finalizer" daemon [_thread_blocked, id=4452, stack(0x0000000017390000,0x0000000017490000)]
  0x00000000029a1000 JavaThread "Reference Handler" daemon [_thread_blocked, id=10112, stack(0x0000000017290000,0x0000000017390000)]
  0x00000000028b0800 JavaThread "main" [_thread_in_Java, id=3116, stack(0x00000000027b0000,0x00000000028b0000)]

Other Threads:
  0x00000000154c9000 VMThread [stack: 0x0000000017190000,0x0000000017290000] [id=9008]
  0x0000000017558800 WatcherThread [stack: 0x0000000017f90000,0x0000000018090000] [id=7772]

VM state:not at safepoint (normal execution)

VM Mutex/Monitor currently owned by a thread: None

Heap:
 PSYoungGen      total 37888K, used 29100K [0x00000000eab00000, 0x00000000ed500000, 0x0000000100000000)
  eden space 32768K, 73% used [0x00000000eab00000,0x00000000ec271cb0,0x00000000ecb00000)
  from space 5120K, 99% used [0x00000000ecb00000,0x00000000ecff9668,0x00000000ed000000)
  to   space 5120K, 0% used [0x00000000ed000000,0x00000000ed000000,0x00000000ed500000)
 ParOldGen       total 86016K, used 1626K [0x00000000c0000000, 0x00000000c5400000, 0x00000000eab00000)
  object space 86016K, 1% used [0x00000000c0000000,0x00000000c0196a98,0x00000000c5400000)
 Metaspace       used 5652K, capacity 6960K, committed 7040K, reserved 1056768K
  class space    used 555K, capacity 616K, committed 640K, reserved 1048576K

Card table byte_map: [0x0000000011d70000,0x0000000011f80000] byte_map_base: 0x0000000011770000

Marking Bits: (ParMarkBitMap*) 0x000000006124b460
 Begin Bits: [0x00000000128e0000, 0x00000000138e0000)
 End Bits:   [0x00000000138e0000, 0x00000000148e0000)

Polling page: 0x0000000000ea0000

CodeCache: size=245760Kb used=4652Kb max_used=4652Kb free=241107Kb
 bounds [0x00000000029b0000, 0x0000000002e40000, 0x00000000119b0000]
 total_blobs=1413 nmethods=1152 adapters=174
 compilation: disabled (not enough contiguous free space left)

Compilation events (10 events):
Event: 1.976 Thread 0x00000000174c7800 nmethod 1126 0x0000000002e13150 code [0x0000000002e13340, 0x0000000002e13cf8]
Event: 1.985 Thread 0x00000000174c7800 1127       3       com.android.dx.ssa.Dominators::run (506 bytes)
Event: 1.986 Thread 0x00000000174c2800 1129       4       com.android.dx.ssa.SsaBasicBlock::forEachPhiInsn (54 bytes)
Event: 1.987 Thread 0x00000000174b6000 1130       4       java.util.Collections$UnmodifiableCollection::iterator (9 bytes)
Event: 1.989 Thread 0x00000000174c7800 nmethod 1127 0x0000000002e16590 code [0x0000000002e16b80, 0x0000000002e1ac98]
Event: 1.989 Thread 0x00000000174c7800 1128       3       com.android.dx.ssa.SsaConverter::placePhiFunctions (394 bytes)
Event: 1.991 Thread 0x00000000174b6000 nmethod 1130 0x0000000002e0f350 code [0x0000000002e0f4c0, 0x0000000002e0f778]
Event: 1.993 Thread 0x00000000174c7800 nmethod 1128 0x0000000002e1fd90 code [0x0000000002e20340, 0x0000000002e238e8]
Event: 1.995 Thread 0x00000000174c7800 1131       3       com.android.dx.ssa.SCCP::run (298 bytes)
Event: 1.995 Thread 0x00000000174b9000 1132       4       com.android.dx.ssa.SCCP::simulateStmt (481 bytes)

GC Heap History (0 events):
No events

Deoptimization events (5 events):
Event: 1.017 Thread 0x00000000028b0800 Uncommon trap: reason=class_check action=maybe_recompile pc=0x0000000002cbd60c method=com.android.dx.rop.type.Type.equals(Ljava/lang/Object;)Z @ 8
Event: 1.018 Thread 0x00000000028b0800 Uncommon trap: reason=class_check action=maybe_recompile pc=0x0000000002cbd60c method=com.android.dx.rop.type.Type.equals(Ljava/lang/Object;)Z @ 8
Event: 1.027 Thread 0x00000000028b0800 Uncommon trap: reason=class_check action=maybe_recompile pc=0x0000000002cbd60c method=com.android.dx.rop.type.Type.equals(Ljava/lang/Object;)Z @ 8
Event: 1.027 Thread 0x00000000028b0800 Uncommon trap: reason=class_check action=maybe_recompile pc=0x0000000002cbd60c method=com.android.dx.rop.type.Type.equals(Ljava/lang/Object;)Z @ 8
Event: 1.689 Thread 0x00000000028b0800 Uncommon trap: reason=unreached action=reinterpret pc=0x0000000002d1a55c method=com.android.dx.rop.cst.Constant.compareTo(Lcom/android/dx/rop/cst/Constant;)I @ 12

Internal exceptions (10 events):
Event: 0.826 Thread 0x00000000028b0800 Exception <a 'java/security/PrivilegedActionException'> (0x00000000eb6dcfe8) thrown at [D:\re\workspace\8-2-build-windows-amd64-cygwin\jdk8u20\1074\hotspot\src\share\vm\prims\jvm.cpp, line 1275]
Event: 0.826 Thread 0x00000000028b0800 Exception <a 'java/security/PrivilegedActionException'> (0x00000000eb6df7d0) thrown at [D:\re\workspace\8-2-build-windows-amd64-cygwin\jdk8u20\1074\hotspot\src\share\vm\prims\jvm.cpp, line 1275]
Event: 0.828 Thread 0x00000000028b0800 Exception <a 'java/security/PrivilegedActionException'> (0x00000000eb6f6e80) thrown at [D:\re\workspace\8-2-build-windows-amd64-cygwin\jdk8u20\1074\hotspot\src\share\vm\prims\jvm.cpp, line 1275]
Event: 0.829 Thread 0x00000000028b0800 Exception <a 'java/security/PrivilegedActionException'> (0x00000000eb6f94f8) thrown at [D:\re\workspace\8-2-build-windows-amd64-cygwin\jdk8u20\1074\hotspot\src\share\vm\prims\jvm.cpp, line 1275]
Event: 0.829 Thread 0x00000000028b0800 Exception <a 'java/security/PrivilegedActionException'> (0x00000000eb6fba78) thrown at [D:\re\workspace\8-2-build-windows-amd64-cygwin\jdk8u20\1074\hotspot\src\share\vm\prims\jvm.cpp, line 1275]
Event: 0.865 Thread 0x00000000028b0800 Exception <a 'java/security/PrivilegedActionException'> (0x00000000eb7506d0) thrown at [D:\re\workspace\8-2-build-windows-amd64-cygwin\jdk8u20\1074\hotspot\src\share\vm\prims\jvm.cpp, line 1275]
Event: 0.967 Thread 0x00000000028b0800 Exception <a 'java/security/PrivilegedActionException'> (0x00000000eb769f98) thrown at [D:\re\workspace\8-2-build-windows-amd64-cygwin\jdk8u20\1074\hotspot\src\share\vm\prims\jvm.cpp, line 1275]
Event: 0.968 Thread 0x00000000028b0800 Exception <a 'java/security/PrivilegedActionException'> (0x00000000eb76fa08) thrown at [D:\re\workspace\8-2-build-windows-amd64-cygwin\jdk8u20\1074\hotspot\src\share\vm\prims\jvm.cpp, line 1275]
Event: 0.968 Thread 0x00000000028b0800 Exception <a 'java/security/PrivilegedActionException'> (0x00000000eb775168) thrown at [D:\re\workspace\8-2-build-windows-amd64-cygwin\jdk8u20\1074\hotspot\src\share\vm\prims\jvm.cpp, line 1275]
Event: 1.356 Thread 0x00000000028b0800 Exception <a 'java/security/PrivilegedActionException'> (0x00000000eba76238) thrown at [D:\re\workspace\8-2-build-windows-amd64-cygwin\jdk8u20\1074\hotspot\src\share\vm\prims\jvm.cpp, line 1275]

Events (10 events):
Event: 1.027 Thread 0x00000000028b0800 DEOPT UNPACKING pc=0x00000000029f556a sp=0x00000000028ae4d8 mode 2
Event: 1.350 loading class java/util/DualPivotQuicksort
Event: 1.350 loading class java/util/DualPivotQuicksort done
Event: 1.356 loading class com/android/dx/cf/code/SwitchList
Event: 1.356 loading class com/android/dx/cf/code/SwitchList done
Event: 1.689 Thread 0x00000000028b0800 Uncommon trap: trap_request=0xffffffad fr.pc=0x0000000002d1a55c
Event: 1.689 Thread 0x00000000028b0800 DEOPT PACKING pc=0x0000000002d1a55c sp=0x00000000028ae1f0
Event: 1.689 Thread 0x00000000028b0800 DEOPT UNPACKING pc=0x00000000029f556a sp=0x00000000028ae190 mode 2
Event: 1.691 Executing VM operation: ForceSafepoint
Event: 1.691 Executing VM operation: ForceSafepoint done


Dynamic libraries:
0x00007ff6ec110000 - 0x00007ff6ec144000 	C:\Program Files\Java\jdk1.8.0_20\bin\java.exe
0x00007ffbeb580000 - 0x00007ffbeb741000 	C:\WINDOWS\SYSTEM32\ntdll.dll
0x00007ffbeae20000 - 0x00007ffbeaecd000 	C:\WINDOWS\system32\KERNEL32.DLL
0x00007ffbe8840000 - 0x00007ffbe8a1d000 	C:\WINDOWS\system32\KERNELBASE.dll
0x00007ffbe94e0000 - 0x00007ffbe9586000 	C:\WINDOWS\system32\ADVAPI32.dll
0x00007ffbe9590000 - 0x00007ffbe962d000 	C:\WINDOWS\system32\msvcrt.dll
0x00007ffbe8ff0000 - 0x00007ffbe904b000 	C:\WINDOWS\system32\sechost.dll
0x00007ffbe8c50000 - 0x00007ffbe8d76000 	C:\WINDOWS\system32\RPCRT4.dll
0x00007ffbeb190000 - 0x00007ffbeb2de000 	C:\WINDOWS\system32\USER32.dll
0x00007ffbeb2e0000 - 0x00007ffbeb466000 	C:\WINDOWS\system32\GDI32.dll
0x00007ffbdd030000 - 0x00007ffbdd2a4000 	C:\WINDOWS\WinSxS\amd64_microsoft.windows.common-controls_6595b64144ccf1df_6.0.10240.16384_none_f41f7b285750ef43\COMCTL32.dll
0x00007ffbe8e50000 - 0x00007ffbe8e86000 	C:\WINDOWS\system32\IMM32.DLL
0x00007ffbe8e90000 - 0x00007ffbe8fec000 	C:\WINDOWS\system32\MSCTF.dll
0x0000000060060000 - 0x0000000060132000 	C:\Program Files\Java\jdk1.8.0_20\jre\bin\msvcr100.dll
0x0000000060a70000 - 0x00000000612c8000 	C:\Program Files\Java\jdk1.8.0_20\jre\bin\server\jvm.dll
0x00007ffbe98e0000 - 0x00007ffbe98e8000 	C:\WINDOWS\system32\PSAPI.DLL
0x00007ffbe4430000 - 0x00007ffbe4439000 	C:\WINDOWS\SYSTEM32\WSOCK32.dll
0x00007ffbe9630000 - 0x00007ffbe9699000 	C:\WINDOWS\system32\WS2_32.dll
0x00007ffbe9700000 - 0x00007ffbe9708000 	C:\WINDOWS\system32\NSI.dll
0x00007ffbe6370000 - 0x00007ffbe6393000 	C:\WINDOWS\SYSTEM32\WINMM.dll
0x00007ffbe6110000 - 0x00007ffbe613c000 	C:\WINDOWS\SYSTEM32\WINMMBASE.dll
0x00007ffbe8050000 - 0x00007ffbe8094000 	C:\WINDOWS\system32\cfgmgr32.dll
0x00007ffbe6880000 - 0x00007ffbe68a7000 	C:\WINDOWS\SYSTEM32\DEVOBJ.dll
0x0000000060a60000 - 0x0000000060a6f000 	C:\Program Files\Java\jdk1.8.0_20\jre\bin\verify.dll
0x0000000060a30000 - 0x0000000060a58000 	C:\Program Files\Java\jdk1.8.0_20\jre\bin\java.dll
0x0000000060a10000 - 0x0000000060a26000 	C:\Program Files\Java\jdk1.8.0_20\jre\bin\zip.dll
0x00007ffbe98f0000 - 0x00007ffbeae12000 	C:\WINDOWS\system32\SHELL32.dll
0x00007ffbe8210000 - 0x00007ffbe8838000 	C:\WINDOWS\system32\windows.storage.dll
0x00007ffbe9050000 - 0x00007ffbe92cc000 	C:\WINDOWS\system32\combase.dll
0x00007ffbe8df0000 - 0x00007ffbe8e41000 	C:\WINDOWS\system32\shlwapi.dll
0x00007ffbe8040000 - 0x00007ffbe804f000 	C:\WINDOWS\system32\kernel.appcore.dll
0x00007ffbe8150000 - 0x00007ffbe8203000 	C:\WINDOWS\system32\shcore.dll
0x00007ffbe7ff0000 - 0x00007ffbe803a000 	C:\WINDOWS\system32\powrprof.dll
0x00007ffbe7fd0000 - 0x00007ffbe7fe3000 	C:\WINDOWS\system32\profapi.dll
0x00007ffbcf0a0000 - 0x00007ffbcf22a000 	C:\WINDOWS\SYSTEM32\dbghelp.dll

VM Arguments:
jvm_args: -Xmx1024M -Dfile.encoding=windows-1252 -Duser.country=US -Duser.language=en -Duser.variant 
java_command: com.android.dx.command.Main --dex --output C:\Users\Bharath\AndroidStudioProjects\Whale\app\build\intermediates\pre-dexed\debug\classes-43b88266b455f34060f31318ba96fcc661c77750.jar C:\Users\Bharath\AndroidStudioProjects\Whale\app\build\intermediates\exploded-aar\com.android.support\recyclerview-v7\23.1.0\jars\classes.jar
java_class_path (initial): C:\Users\Bharath\AppData\Local\Android\sdk\build-tools\22.0.1\lib\dx.jar
Launcher Type: SUN_STANDARD

Environment Variables:
JAVA_HOME=C:\Program Files\Java\jdk1.8.0_20
PATH=C:\ProgramData\Oracle\Java\javapath;C:\Program Files\Java\jdk1.8.0_25\bin;C:\WINDOWS\system32;C:\WINDOWS;C:\WINDOWS\System32\Wbem;C:\WINDOWS\System32\WindowsPowerShell\v1.0\;C:\Program Files (x86)\Skype\Phone\;%USERPROFILE%\.dnx\bin;C:\Program Files\Microsoft DNX\Dnvm\;C:\Program Files\Microsoft SQL Server\120\Tools\Binn\;C:\Strawberry\c\bin;C:\Strawberry\perl\site\bin;C:\Strawberry\perl\bin;C:\Program Files\nodejs\;C:\Users\Bharath\AppData\Roaming\npm
USERNAME=Bharath
OS=Windows_NT
PROCESSOR_IDENTIFIER=Intel64 Family 6 Model 60 Stepping 3, GenuineIntel



---------------  S Y S T E M  ---------------

OS: Windows 8.1 , 64 bit Build 9600 

CPU:total 8 (4 cores per cpu, 2 threads per core) family 6 model 60 stepping 3, cmov, cx8, fxsr, mmx, sse, sse2, sse3, ssse3, sse4.1, sse4.2, popcnt, avx, avx2, aes, clmul, erms, lzcnt, ht, tsc, tscinvbit, bmi1, bmi2

Memory: 4k page, physical 8134936k(1344464k free), swap 12790040k(167664k free)

vm_info: Java HotSpot(TM) 64-Bit Server VM (25.20-b23) for windows-amd64 JRE (1.8.0_20-b26), built on Jul 30 2014 13:51:23 by "java_re" with MS VC++ 10.0 (VS2010)

time: Mon Nov 23 23:59:38 2015
elapsed time: 2 seconds (0d 0h 0m 2s)

