#
# There is insufficient memory for the Java Runtime Environment to continue.
# Native memory allocation (malloc) failed to allocate 1363696 bytes for Chunk::new
# Possible reasons:
#   The system is out of physical RAM or swap space
#   In 32 bit mode, the process size limit was hit
# Possible solutions:
#   Reduce memory load on the system
#   Increase physical memory or swap space
#   Check if swap backing store is full
#   Use 64 bit Java on a 64 bit OS
#   Decrease Java heap size (-Xmx/-Xms)
#   Decrease number of Java threads
#   Decrease Java thread stack sizes (-Xss)
#   Set larger code cache with -XX:ReservedCodeCacheSize=
# This output file may be truncated or incomplete.
#
#  Out of Memory Error (allocation.cpp:390), pid=11936, tid=6288
#
# JRE version: Java(TM) SE Runtime Environment (8.0_20-b26) (build 1.8.0_20-b26)
# Java VM: Java HotSpot(TM) 64-Bit Server VM (25.20-b23 mixed mode windows-amd64 compressed oops)
# Failed to write core dump. Minidumps are not enabled by default on client versions of Windows
#

---------------  T H R E A D  ---------------

Current thread (0x0000000017c7e800):  JavaThread "C2 CompilerThread2" daemon [_thread_in_native, id=6288, stack(0x0000000018450000,0x0000000018550000)]

Stack: [0x0000000018450000,0x0000000018550000]
[error occurred during error reporting (printing stack bounds), id 0xc0000005]

Native frames: (J=compiled Java code, j=interpreted, Vv=VM code, C=native code)
V  [jvm.dll+0x3152fa]
V  [jvm.dll+0x265d03]
V  [jvm.dll+0x266943]
V  [jvm.dll+0x27f586]
V  [jvm.dll+0x28311c]
V  [jvm.dll+0x5ad52f]
C  [msvcr100.dll+0x712e3]
V  [jvm.dll+0x5acc2d]
C  [ntdll.dll+0x9633d]
C  [ntdll.dll+0x13c00]
C  [ntdll.dll+0x9544a]
V  [jvm.dll+0x205611]


Current CompileTask:
C2:   2370 1317   !   4       com.android.dx.cf.code.BytecodeArray::parseInstruction (2764 bytes)


---------------  P R O C E S S  ---------------

Java Threads: ( => current thread )
  0x0000000017d1c000 JavaThread "Service Thread" daemon [_thread_blocked, id=9488, stack(0x0000000018650000,0x0000000018750000)]
  0x0000000017c94000 JavaThread "C1 CompilerThread3" daemon [_thread_in_native, id=11476, stack(0x0000000018550000,0x0000000018650000)]
=>0x0000000017c7e800 JavaThread "C2 CompilerThread2" daemon [_thread_in_native, id=6288, stack(0x0000000018450000,0x0000000018550000)]
  0x0000000017c7b000 JavaThread "C2 CompilerThread1" daemon [_thread_in_native, id=8948, stack(0x0000000018350000,0x0000000018450000)]
  0x0000000017c76000 JavaThread "C2 CompilerThread0" daemon [_thread_in_native, id=4356, stack(0x0000000018250000,0x0000000018350000)]
  0x0000000017c74800 JavaThread "Attach Listener" daemon [_thread_blocked, id=6536, stack(0x0000000018150000,0x0000000018250000)]
  0x0000000017c73800 JavaThread "Signal Dispatcher" daemon [_thread_blocked, id=9940, stack(0x0000000018050000,0x0000000018150000)]
  0x0000000003138000 JavaThread "Finalizer" daemon [_thread_blocked, id=12108, stack(0x0000000017b50000,0x0000000017c50000)]
  0x0000000003131000 JavaThread "Reference Handler" daemon [_thread_blocked, id=6932, stack(0x0000000017a50000,0x0000000017b50000)]
  0x0000000003040800 JavaThread "main" [_thread_in_Java, id=11308, stack(0x0000000002ef0000,0x0000000002ff0000)]

Other Threads:
  0x0000000015c59000 VMThread [stack: 0x0000000017950000,0x0000000017a50000] [id=8996]
  0x0000000017d1e800 WatcherThread [stack: 0x0000000018750000,0x0000000018850000] [id=7964]

VM state:not at safepoint (normal execution)

VM Mutex/Monitor currently owned by a thread: None

Heap:
 PSYoungGen      total 37888K, used 7685K [0x00000000eab00000, 0x00000000ef500000, 0x0000000100000000)
  eden space 32768K, 7% used [0x00000000eab00000,0x00000000ead86b58,0x00000000ecb00000)
  from space 5120K, 99% used [0x00000000ed000000,0x00000000ed4faab8,0x00000000ed500000)
  to   space 5120K, 0% used [0x00000000ecb00000,0x00000000ecb00000,0x00000000ed000000)
 ParOldGen       total 86016K, used 6243K [0x00000000c0000000, 0x00000000c5400000, 0x00000000eab00000)
  object space 86016K, 7% used [0x00000000c0000000,0x00000000c0618cb0,0x00000000c5400000)
 Metaspace       used 5777K, capacity 7024K, committed 7296K, reserved 1058816K
  class space    used 556K, capacity 616K, committed 640K, reserved 1048576K

Card table byte_map: [0x0000000012500000,0x0000000012710000] byte_map_base: 0x0000000011f00000

Marking Bits: (ParMarkBitMap*) 0x000000006124b460
 Begin Bits: [0x0000000013070000, 0x0000000014070000)
 End Bits:   [0x0000000014070000, 0x0000000015070000)

Polling page: 0x0000000002e40000

CodeCache: size=245760Kb used=5402Kb max_used=5402Kb free=240357Kb
 bounds [0x0000000003140000, 0x0000000003690000, 0x0000000012140000]
 total_blobs=1589 nmethods=1329 adapters=174
 compilation: enabled

Compilation events (10 events):
Event: 1.901 Thread 0x0000000017c94000 nmethod 1313 0x0000000003676e50 code [0x0000000003677180, 0x0000000003678668]
Event: 1.901 Thread 0x0000000017c94000 1312       3       com.android.dx.cf.code.Frame::mergeSubroutineLists (90 bytes)
Event: 1.902 Thread 0x0000000017c94000 nmethod 1312 0x000000000367fc90 code [0x000000000367fe60, 0x0000000003680748]
Event: 1.906 Thread 0x0000000017c7e800 1314       4       com.android.dx.rop.code.PlainInsn::withNewRegisters (18 bytes)
Event: 1.908 Thread 0x0000000017c7e800 nmethod 1314 0x0000000003676950 code [0x0000000003676aa0, 0x0000000003676c58]
Event: 1.909 Thread 0x0000000017c76000 1315   !   4       com.android.dx.rop.cst.StdConstantPool::get (24 bytes)
Event: 1.910 Thread 0x0000000017c76000 nmethod 1315 0x0000000003672b90 code [0x0000000003672cc0, 0x0000000003672d78]
Event: 1.911 Thread 0x0000000017c94000 1316       3       com.android.dx.cf.code.RopperMachine::updateReturnOp (115 bytes)
Event: 1.912 Thread 0x0000000017c94000 nmethod 1316 0x0000000003681c10 code [0x0000000003681ea0, 0x0000000003683078]
Event: 1.917 Thread 0x0000000017c7e800 1317   !   4       com.android.dx.cf.code.BytecodeArray::parseInstruction (2764 bytes)

GC Heap History (0 events):
No events

Deoptimization events (7 events):
Event: 0.909 Thread 0x0000000003040800 Uncommon trap: reason=class_check action=maybe_recompile pc=0x000000000346a7ac method=com.android.dx.ssa.NormalSsaInsn.accept(Lcom/android/dx/ssa/SsaInsn$Visitor;)V @ 9
Event: 0.909 Thread 0x0000000003040800 Uncommon trap: reason=class_check action=maybe_recompile pc=0x00000000033c8130 method=com.android.dx.ssa.NormalSsaInsn.accept(Lcom/android/dx/ssa/SsaInsn$Visitor;)V @ 9
Event: 0.910 Thread 0x0000000003040800 Uncommon trap: reason=class_check action=maybe_recompile pc=0x000000000346a7ac method=com.android.dx.ssa.NormalSsaInsn.accept(Lcom/android/dx/ssa/SsaInsn$Visitor;)V @ 9
Event: 0.910 Thread 0x0000000003040800 Uncommon trap: reason=class_check action=maybe_recompile pc=0x00000000033c8130 method=com.android.dx.ssa.NormalSsaInsn.accept(Lcom/android/dx/ssa/SsaInsn$Visitor;)V @ 9
Event: 0.910 Thread 0x0000000003040800 Uncommon trap: reason=class_check action=maybe_recompile pc=0x000000000346a7ac method=com.android.dx.ssa.NormalSsaInsn.accept(Lcom/android/dx/ssa/SsaInsn$Visitor;)V @ 9
Event: 1.802 Thread 0x0000000003040800 Uncommon trap: reason=null_check action=make_not_entrant pc=0x000000000359f708 method=com.android.dx.ssa.SsaRenamer.getLocalForNewReg(I)Lcom/android/dx/rop/code/LocalItem; @ 19
Event: 1.802 Thread 0x0000000003040800 Uncommon trap: reason=null_check action=make_not_entrant pc=0x00000000035b6fb4 method=com.android.dx.ssa.SsaRenamer.getLocalForNewReg(I)Lcom/android/dx/rop/code/LocalItem; @ 19

Internal exceptions (10 events):
Event: 1.093 Thread 0x0000000003040800 Exception <a 'java/security/PrivilegedActionException'> (0x00000000eb893048) thrown at [D:\re\workspace\8-2-build-windows-amd64-cygwin\jdk8u20\1074\hotspot\src\share\vm\prims\jvm.cpp, line 1275]
Event: 1.093 Thread 0x0000000003040800 Exception <a 'java/security/PrivilegedActionException'> (0x00000000eb8975f8) thrown at [D:\re\workspace\8-2-build-windows-amd64-cygwin\jdk8u20\1074\hotspot\src\share\vm\prims\jvm.cpp, line 1275]
Event: 1.160 Thread 0x0000000003040800 Exception <a 'java/security/PrivilegedActionException'> (0x00000000eb9e0b58) thrown at [D:\re\workspace\8-2-build-windows-amd64-cygwin\jdk8u20\1074\hotspot\src\share\vm\prims\jvm.cpp, line 1275]
Event: 1.198 Thread 0x0000000003040800 Exception <a 'java/security/PrivilegedActionException'> (0x00000000eba329c8) thrown at [D:\re\workspace\8-2-build-windows-amd64-cygwin\jdk8u20\1074\hotspot\src\share\vm\prims\jvm.cpp, line 1275]
Event: 1.200 Thread 0x0000000003040800 Exception <a 'java/security/PrivilegedActionException'> (0x00000000eba3edf8) thrown at [D:\re\workspace\8-2-build-windows-amd64-cygwin\jdk8u20\1074\hotspot\src\share\vm\prims\jvm.cpp, line 1275]
Event: 1.297 Thread 0x0000000003040800 Exception <a 'java/security/PrivilegedActionException'> (0x00000000ebce3bf0) thrown at [D:\re\workspace\8-2-build-windows-amd64-cygwin\jdk8u20\1074\hotspot\src\share\vm\prims\jvm.cpp, line 1275]
Event: 1.516 Thread 0x0000000003040800 Exception <a 'java/security/PrivilegedActionException'> (0x00000000ec084b98) thrown at [D:\re\workspace\8-2-build-windows-amd64-cygwin\jdk8u20\1074\hotspot\src\share\vm\prims\jvm.cpp, line 1275]
Event: 1.723 Thread 0x0000000003040800 Exception <a 'java/security/PrivilegedActionException'> (0x00000000ec2353c0) thrown at [D:\re\workspace\8-2-build-windows-amd64-cygwin\jdk8u20\1074\hotspot\src\share\vm\prims\jvm.cpp, line 1275]
Event: 1.802 Thread 0x0000000003040800 Implicit null exception at 0x000000000359d6ed to 0x000000000359f6e1
Event: 1.802 Thread 0x0000000003040800 Implicit null exception at 0x00000000035b4a5d to 0x00000000035b6f91

Events (10 events):
Event: 1.516 loading class com/android/dx/cf/code/SwitchList
Event: 1.516 loading class com/android/dx/cf/code/SwitchList done
Event: 1.723 loading class com/android/dx/cf/attrib/AttLocalVariableTypeTable
Event: 1.723 loading class com/android/dx/cf/attrib/AttLocalVariableTypeTable done
Event: 1.802 Thread 0x0000000003040800 Uncommon trap: trap_request=0xfffffff4 fr.pc=0x000000000359f708
Event: 1.802 Thread 0x0000000003040800 DEOPT PACKING pc=0x000000000359f708 sp=0x0000000002fee8c0
Event: 1.802 Thread 0x0000000003040800 DEOPT UNPACKING pc=0x000000000318556a sp=0x0000000002fee6f8 mode 2
Event: 1.802 Thread 0x0000000003040800 Uncommon trap: trap_request=0xfffffff4 fr.pc=0x00000000035b6fb4
Event: 1.802 Thread 0x0000000003040800 DEOPT PACKING pc=0x00000000035b6fb4 sp=0x0000000002fee840
Event: 1.802 Thread 0x0000000003040800 DEOPT UNPACKING pc=0x000000000318556a sp=0x0000000002fee6e8 mode 2


Dynamic libraries:
0x00007ff6ec110000 - 0x00007ff6ec144000 	C:\Program Files\Java\jdk1.8.0_20\bin\java.exe
0x00007ffbeb580000 - 0x00007ffbeb741000 	C:\WINDOWS\SYSTEM32\ntdll.dll
0x00007ffbeae20000 - 0x00007ffbeaecd000 	C:\WINDOWS\system32\KERNEL32.DLL
0x00007ffbe8840000 - 0x00007ffbe8a1d000 	C:\WINDOWS\system32\KERNELBASE.dll
0x00007ffbe94e0000 - 0x00007ffbe9586000 	C:\WINDOWS\system32\ADVAPI32.dll
0x00007ffbe9590000 - 0x00007ffbe962d000 	C:\WINDOWS\system32\msvcrt.dll
0x00007ffbe8ff0000 - 0x00007ffbe904b000 	C:\WINDOWS\system32\sechost.dll
0x00007ffbe8c50000 - 0x00007ffbe8d76000 	C:\WINDOWS\system32\RPCRT4.dll
0x00007ffbeb190000 - 0x00007ffbeb2de000 	C:\WINDOWS\system32\USER32.dll
0x00007ffbeb2e0000 - 0x00007ffbeb466000 	C:\WINDOWS\system32\GDI32.dll
0x00007ffbdd030000 - 0x00007ffbdd2a4000 	C:\WINDOWS\WinSxS\amd64_microsoft.windows.common-controls_6595b64144ccf1df_6.0.10240.16384_none_f41f7b285750ef43\COMCTL32.dll
0x00007ffbe8e50000 - 0x00007ffbe8e86000 	C:\WINDOWS\system32\IMM32.DLL
0x00007ffbe8e90000 - 0x00007ffbe8fec000 	C:\WINDOWS\system32\MSCTF.dll
0x0000000060060000 - 0x0000000060132000 	C:\Program Files\Java\jdk1.8.0_20\jre\bin\msvcr100.dll
0x0000000060a70000 - 0x00000000612c8000 	C:\Program Files\Java\jdk1.8.0_20\jre\bin\server\jvm.dll
0x00007ffbe98e0000 - 0x00007ffbe98e8000 	C:\WINDOWS\system32\PSAPI.DLL
0x00007ffbe4430000 - 0x00007ffbe4439000 	C:\WINDOWS\SYSTEM32\WSOCK32.dll
0x00007ffbe6370000 - 0x00007ffbe6393000 	C:\WINDOWS\SYSTEM32\WINMM.dll
0x00007ffbe6110000 - 0x00007ffbe613c000 	C:\WINDOWS\SYSTEM32\WINMMBASE.dll
0x00007ffbe9630000 - 0x00007ffbe9699000 	C:\WINDOWS\system32\WS2_32.dll
0x00007ffbe8050000 - 0x00007ffbe8094000 	C:\WINDOWS\system32\cfgmgr32.dll
0x00007ffbe9700000 - 0x00007ffbe9708000 	C:\WINDOWS\system32\NSI.dll
0x00007ffbe6880000 - 0x00007ffbe68a7000 	C:\WINDOWS\SYSTEM32\DEVOBJ.dll
0x0000000060a60000 - 0x0000000060a6f000 	C:\Program Files\Java\jdk1.8.0_20\jre\bin\verify.dll
0x0000000060a30000 - 0x0000000060a58000 	C:\Program Files\Java\jdk1.8.0_20\jre\bin\java.dll
0x0000000060a10000 - 0x0000000060a26000 	C:\Program Files\Java\jdk1.8.0_20\jre\bin\zip.dll
0x00007ffbe98f0000 - 0x00007ffbeae12000 	C:\WINDOWS\system32\SHELL32.dll
0x00007ffbe8210000 - 0x00007ffbe8838000 	C:\WINDOWS\system32\windows.storage.dll
0x00007ffbe9050000 - 0x00007ffbe92cc000 	C:\WINDOWS\system32\combase.dll
0x00007ffbe8df0000 - 0x00007ffbe8e41000 	C:\WINDOWS\system32\shlwapi.dll
0x00007ffbe8040000 - 0x00007ffbe804f000 	C:\WINDOWS\system32\kernel.appcore.dll
0x00007ffbe8150000 - 0x00007ffbe8203000 	C:\WINDOWS\system32\shcore.dll
0x00007ffbe7ff0000 - 0x00007ffbe803a000 	C:\WINDOWS\system32\powrprof.dll
0x00007ffbe7fd0000 - 0x00007ffbe7fe3000 	C:\WINDOWS\system32\profapi.dll
0x00007ffbcf0a0000 - 0x00007ffbcf22a000 	C:\WINDOWS\SYSTEM32\dbghelp.dll

VM Arguments:
jvm_args: -Xmx1024M -Dfile.encoding=windows-1252 -Duser.country=US -Duser.language=en -Duser.variant 
java_command: com.android.dx.command.Main --dex --output C:\Users\Bharath\AndroidStudioProjects\Whale\app\build\intermediates\pre-dexed\debug\internal_impl-23.1.0-d196c4a8243d7c9695476cb1b8eec923043b1781.jar C:\Users\Bharath\AndroidStudioProjects\Whale\app\build\intermediates\exploded-aar\com.android.support\support-v4\23.1.0\jars\libs\internal_impl-23.1.0.jar
java_class_path (initial): C:\Users\Bharath\AppData\Local\Android\sdk\build-tools\22.0.1\lib\dx.jar
Launcher Type: SUN_STANDARD

Environment Variables:
JAVA_HOME=C:\Program Files\Java\jdk1.8.0_20
PATH=C:\ProgramData\Oracle\Java\javapath;C:\Program Files\Java\jdk1.8.0_25\bin;C:\WINDOWS\system32;C:\WINDOWS;C:\WINDOWS\System32\Wbem;C:\WINDOWS\System32\WindowsPowerShell\v1.0\;C:\Program Files (x86)\Skype\Phone\;%USERPROFILE%\.dnx\bin;C:\Program Files\Microsoft DNX\Dnvm\;C:\Program Files\Microsoft SQL Server\120\Tools\Binn\;C:\Strawberry\c\bin;C:\Strawberry\perl\site\bin;C:\Strawberry\perl\bin;C:\Program Files\nodejs\;C:\Users\Bharath\AppData\Roaming\npm
USERNAME=Bharath
OS=Windows_NT
PROCESSOR_IDENTIFIER=Intel64 Family 6 Model 60 Stepping 3, GenuineIntel



---------------  S Y S T E M  ---------------

OS: Windows 8.1 , 64 bit Build 9600 

CPU:total 8 (4 cores per cpu, 2 threads per core) family 6 model 60 stepping 3, cmov, cx8, fxsr, mmx, sse, sse2, sse3, ssse3, sse4.1, sse4.2, popcnt, avx, avx2, aes, clmul, erms, lzcnt, ht, tsc, tscinvbit, bmi1, bmi2

Memory: 4k page, physical 8134936k(1344464k free), swap 12790040k(167676k free)

vm_info: Java HotSpot(TM) 64-Bit Server VM (25.20-b23) for windows-amd64 JRE (1.8.0_20-b26), built on Jul 30 2014 13:51:23 by "java_re" with MS VC++ 10.0 (VS2010)

time: Mon Nov 23 23:59:38 2015
elapsed time: 2 seconds (0d 0h 0m 2s)

