#
# There is insufficient memory for the Java Runtime Environment to continue.
# Native memory allocation (malloc) failed to allocate 411344 bytes for Chunk::new
# Possible reasons:
#   The system is out of physical RAM or swap space
#   In 32 bit mode, the process size limit was hit
# Possible solutions:
#   Reduce memory load on the system
#   Increase physical memory or swap space
#   Check if swap backing store is full
#   Use 64 bit Java on a 64 bit OS
#   Decrease Java heap size (-Xmx/-Xms)
#   Decrease number of Java threads
#   Decrease Java thread stack sizes (-Xss)
#   Set larger code cache with -XX:ReservedCodeCacheSize=
# This output file may be truncated or incomplete.
#
#  Out of Memory Error (allocation.cpp:390), pid=4324, tid=8636
#
# JRE version: Java(TM) SE Runtime Environment (8.0_20-b26) (build 1.8.0_20-b26)
# Java VM: Java HotSpot(TM) 64-Bit Server VM (25.20-b23 mixed mode windows-amd64 compressed oops)
# Failed to write core dump. Minidumps are not enabled by default on client versions of Windows
#

---------------  T H R E A D  ---------------

Current thread (0x00000000176af000):  JavaThread "C2 CompilerThread2" daemon [_thread_in_native, id=8636, stack(0x0000000017e30000,0x0000000017f30000)]

Stack: [0x0000000017e30000,0x0000000017f30000]
Native frames: (J=compiled Java code, j=interpreted, Vv=VM code, C=native code)
V  [jvm.dll+0x3152fa]


Current CompileTask:
C2:   2087 1284       4       com.android.dx.ssa.SCCP::simulateBranch (666 bytes)


---------------  P R O C E S S  ---------------

Java Threads: ( => current thread )
  0x00000000176ba800 JavaThread "Service Thread" daemon [_thread_blocked, id=10028, stack(0x0000000018030000,0x0000000018130000)]
  0x00000000176af800 JavaThread "C1 CompilerThread3" daemon [_thread_blocked, id=8812, stack(0x0000000017f30000,0x0000000018030000)]
=>0x00000000176af000 JavaThread "C2 CompilerThread2" daemon [_thread_in_native, id=8636, stack(0x0000000017e30000,0x0000000017f30000)]
  0x0000000017659000 JavaThread "C2 CompilerThread1" daemon [_thread_in_native, id=10188, stack(0x0000000017d30000,0x0000000017e30000)]
  0x0000000017655800 JavaThread "C2 CompilerThread0" daemon [_thread_in_native, id=11176, stack(0x0000000017c30000,0x0000000017d30000)]
  0x0000000017654800 JavaThread "Attach Listener" daemon [_thread_blocked, id=7140, stack(0x0000000017b30000,0x0000000017c30000)]
  0x0000000017653800 JavaThread "Signal Dispatcher" daemon [_thread_blocked, id=9172, stack(0x0000000017a30000,0x0000000017b30000)]
  0x0000000002b38000 JavaThread "Finalizer" daemon [_thread_blocked, id=9812, stack(0x0000000017530000,0x0000000017630000)]
  0x0000000002b31000 JavaThread "Reference Handler" daemon [_thread_blocked, id=11068, stack(0x0000000017430000,0x0000000017530000)]
  0x0000000002a40800 JavaThread "main" [_thread_in_Java, id=10268, stack(0x0000000002940000,0x0000000002a40000)]

Other Threads:
  0x0000000015659000 VMThread [stack: 0x0000000017330000,0x0000000017430000] [id=6068]
  0x00000000176bc800 WatcherThread [stack: 0x0000000018130000,0x0000000018230000] [id=3168]

VM state:not at safepoint (normal execution)

VM Mutex/Monitor currently owned by a thread: None

Heap:
 PSYoungGen      total 37888K, used 17101K [0x00000000eab00000, 0x00000000ed500000, 0x0000000100000000)
  eden space 32768K, 36% used [0x00000000eab00000,0x00000000eb6bb3b0,0x00000000ecb00000)
  from space 5120K, 99% used [0x00000000ecb00000,0x00000000ecff83e8,0x00000000ed000000)
  to   space 5120K, 0% used [0x00000000ed000000,0x00000000ed000000,0x00000000ed500000)
 ParOldGen       total 86016K, used 1424K [0x00000000c0000000, 0x00000000c5400000, 0x00000000eab00000)
  object space 86016K, 1% used [0x00000000c0000000,0x00000000c0164388,0x00000000c5400000)
 Metaspace       used 5726K, capacity 6960K, committed 7040K, reserved 1056768K
  class space    used 555K, capacity 616K, committed 640K, reserved 1048576K

Card table byte_map: [0x0000000011f00000,0x0000000012110000] byte_map_base: 0x0000000011900000

Marking Bits: (ParMarkBitMap*) 0x000000006124b460
 Begin Bits: [0x0000000012a70000, 0x0000000013a70000)
 End Bits:   [0x0000000013a70000, 0x0000000014a70000)

Polling page: 0x0000000001020000

CodeCache: size=245760Kb used=5513Kb max_used=5513Kb free=240246Kb
 bounds [0x0000000002b40000, 0x00000000030b0000, 0x0000000011b40000]
 total_blobs=1635 nmethods=1374 adapters=174
 compilation: disabled (not enough contiguous free space left)

Compilation events (10 events):
Event: 1.861 Thread 0x0000000017655800 1305       4       com.android.dx.rop.code.Insn::getLocalAssignment (48 bytes)
Event: 1.862 Thread 0x0000000017655800 nmethod 1305 0x000000000304f790 code [0x000000000304f8e0, 0x000000000304f9d8]
Event: 1.862 Thread 0x00000000176af800 1304       3       com.android.dx.ssa.back.FirstFitLocalCombiningAllocator$Multiset::add (68 bytes)
Event: 1.863 Thread 0x00000000176af800 nmethod 1304 0x000000000304f090 code [0x000000000304f220, 0x000000000304f510]
Event: 1.864 Thread 0x00000000176af800 1306       3       com.android.dx.rop.code.RegisterSpec::withType (13 bytes)
Event: 1.864 Thread 0x00000000176af800 nmethod 1306 0x000000000304ec50 code [0x000000000304edc0, 0x000000000304efa8]
Event: 1.873 Thread 0x0000000017655800 1308       4       com.android.dx.ssa.NormalSsaInsn::toRopInsn (19 bytes)
Event: 1.874 Thread 0x00000000176af800 1307       3       com.android.dx.cf.direct.DirectClassFile::getSourceFile (31 bytes)
Event: 1.874 Thread 0x0000000017655800 nmethod 1308 0x00000000030180d0 code [0x0000000003018220, 0x00000000030182b8]
Event: 1.874 Thread 0x00000000176af800 nmethod 1307 0x0000000003050790 code [0x0000000003050940, 0x0000000003050ef8]

GC Heap History (2 events):
Event: 1.875 GC heap before
{Heap before GC invocations=1 (full 0):
 PSYoungGen      total 37888K, used 32768K [0x00000000eab00000, 0x00000000ed500000, 0x0000000100000000)
  eden space 32768K, 100% used [0x00000000eab00000,0x00000000ecb00000,0x00000000ecb00000)
  from space 5120K, 0% used [0x00000000ed000000,0x00000000ed000000,0x00000000ed500000)
  to   space 5120K, 0% used [0x00000000ecb00000,0x00000000ecb00000,0x00000000ed000000)
 ParOldGen       total 86016K, used 0K [0x00000000c0000000, 0x00000000c5400000, 0x00000000eab00000)
  object space 86016K, 0% used [0x00000000c0000000,0x00000000c0000000,0x00000000c5400000)
 Metaspace       used 5680K, capacity 6960K, committed 7040K, reserved 1056768K
  class space    used 554K, capacity 616K, committed 640K, reserved 1048576K
Event: 1.966 GC heap after
Heap after GC invocations=1 (full 0):
 PSYoungGen      total 37888K, used 5088K [0x00000000eab00000, 0x00000000ed500000, 0x0000000100000000)
  eden space 32768K, 0% used [0x00000000eab00000,0x00000000eab00000,0x00000000ecb00000)
  from space 5120K, 99% used [0x00000000ecb00000,0x00000000ecff83e8,0x00000000ed000000)
  to   space 5120K, 0% used [0x00000000ed000000,0x00000000ed000000,0x00000000ed500000)
 ParOldGen       total 86016K, used 1424K [0x00000000c0000000, 0x00000000c5400000, 0x00000000eab00000)
  object space 86016K, 1% used [0x00000000c0000000,0x00000000c0164388,0x00000000c5400000)
 Metaspace       used 5680K, capacity 6960K, committed 7040K, reserved 1056768K
  class space    used 554K, capacity 616K, committed 640K, reserved 1048576K
}

Deoptimization events (6 events):
Event: 0.839 Thread 0x0000000002a40800 Uncommon trap: reason=class_check action=maybe_recompile pc=0x0000000002dc0370 method=com.android.dx.ssa.NormalSsaInsn.accept(Lcom/android/dx/ssa/SsaInsn$Visitor;)V @ 9
Event: 0.839 Thread 0x0000000002a40800 Uncommon trap: reason=class_check action=maybe_recompile pc=0x0000000002dc0370 method=com.android.dx.ssa.NormalSsaInsn.accept(Lcom/android/dx/ssa/SsaInsn$Visitor;)V @ 9
Event: 0.839 Thread 0x0000000002a40800 Uncommon trap: reason=class_check action=maybe_recompile pc=0x0000000002dc0370 method=com.android.dx.ssa.NormalSsaInsn.accept(Lcom/android/dx/ssa/SsaInsn$Visitor;)V @ 9
Event: 0.839 Thread 0x0000000002a40800 Uncommon trap: reason=class_check action=maybe_recompile pc=0x0000000002dc0370 method=com.android.dx.ssa.NormalSsaInsn.accept(Lcom/android/dx/ssa/SsaInsn$Visitor;)V @ 9
Event: 1.429 Thread 0x0000000002a40800 Uncommon trap: reason=null_check action=make_not_entrant pc=0x0000000002e7c81c method=com.android.dx.ssa.SsaRenamer.getLocalForNewReg(I)Lcom/android/dx/rop/code/LocalItem; @ 19
Event: 1.647 Thread 0x0000000002a40800 Uncommon trap: reason=unreached action=reinterpret pc=0x0000000002fe586c method=com.android.dx.util.LabeledList.set(ILcom/android/dx/util/LabeledItem;)V @ 16

Internal exceptions (10 events):
Event: 1.146 Thread 0x0000000002a40800 Exception <a 'java/security/PrivilegedActionException'> (0x00000000eb9a5e78) thrown at [D:\re\workspace\8-2-build-windows-amd64-cygwin\jdk8u20\1074\hotspot\src\share\vm\prims\jvm.cpp, line 1275]
Event: 1.218 Thread 0x0000000002a40800 Exception <a 'java/security/PrivilegedActionException'> (0x00000000ebb88348) thrown at [D:\re\workspace\8-2-build-windows-amd64-cygwin\jdk8u20\1074\hotspot\src\share\vm\prims\jvm.cpp, line 1275]
Event: 1.219 Thread 0x0000000002a40800 Exception <a 'java/security/PrivilegedActionException'> (0x00000000ebb8d760) thrown at [D:\re\workspace\8-2-build-windows-amd64-cygwin\jdk8u20\1074\hotspot\src\share\vm\prims\jvm.cpp, line 1275]
Event: 1.364 Thread 0x0000000002a40800 Exception <a 'java/security/PrivilegedActionException'> (0x00000000ebe50070) thrown at [D:\re\workspace\8-2-build-windows-amd64-cygwin\jdk8u20\1074\hotspot\src\share\vm\prims\jvm.cpp, line 1275]
Event: 1.383 Thread 0x0000000002a40800 Exception <a 'java/security/PrivilegedActionException'> (0x00000000ebe8c960) thrown at [D:\re\workspace\8-2-build-windows-amd64-cygwin\jdk8u20\1074\hotspot\src\share\vm\prims\jvm.cpp, line 1275]
Event: 1.424 Thread 0x0000000002a40800 Exception <a 'java/security/PrivilegedActionException'> (0x00000000ebf85650) thrown at [D:\re\workspace\8-2-build-windows-amd64-cygwin\jdk8u20\1074\hotspot\src\share\vm\prims\jvm.cpp, line 1275]
Event: 1.426 Thread 0x0000000002a40800 Exception <a 'java/security/PrivilegedActionException'> (0x00000000ebf89b80) thrown at [D:\re\workspace\8-2-build-windows-amd64-cygwin\jdk8u20\1074\hotspot\src\share\vm\prims\jvm.cpp, line 1275]
Event: 1.429 Thread 0x0000000002a40800 Implicit null exception at 0x0000000002e7a768 to 0x0000000002e7c7f5
Event: 1.454 Thread 0x0000000002a40800 Exception <a 'java/security/PrivilegedActionException'> (0x00000000ebffd7b0) thrown at [D:\re\workspace\8-2-build-windows-amd64-cygwin\jdk8u20\1074\hotspot\src\share\vm\prims\jvm.cpp, line 1275]
Event: 1.632 Thread 0x0000000002a40800 Exception <a 'java/security/PrivilegedActionException'> (0x00000000ec3b7bb0) thrown at [D:\re\workspace\8-2-build-windows-amd64-cygwin\jdk8u20\1074\hotspot\src\share\vm\prims\jvm.cpp, line 1275]

Events (10 events):
Event: 1.636 loading class java/util/HashMap$Values
Event: 1.636 loading class java/util/HashMap$Values done
Event: 1.636 loading class java/util/HashMap$ValueIterator
Event: 1.636 loading class java/util/HashMap$ValueIterator done
Event: 1.647 Thread 0x0000000002a40800 Uncommon trap: trap_request=0xffffffad fr.pc=0x0000000002fe586c
Event: 1.647 Thread 0x0000000002a40800 DEOPT PACKING pc=0x0000000002fe586c sp=0x0000000002a3e750
Event: 1.647 Thread 0x0000000002a40800 DEOPT UNPACKING pc=0x0000000002b8556a sp=0x0000000002a3e738 mode 2
Event: 1.875 Executing VM operation: ParallelGCFailedAllocation
Event: 1.966 Executing VM operation: ParallelGCFailedAllocation done
Event: 1.966 loading class sun/misc/Cleaner


Dynamic libraries:
0x00007ff6ec110000 - 0x00007ff6ec144000 	C:\Program Files\Java\jdk1.8.0_20\bin\java.exe
0x00007ffbeb580000 - 0x00007ffbeb741000 	C:\WINDOWS\SYSTEM32\ntdll.dll
0x00007ffbeae20000 - 0x00007ffbeaecd000 	C:\WINDOWS\system32\KERNEL32.DLL
0x00007ffbe8840000 - 0x00007ffbe8a1d000 	C:\WINDOWS\system32\KERNELBASE.dll
0x00007ffbe94e0000 - 0x00007ffbe9586000 	C:\WINDOWS\system32\ADVAPI32.dll
0x00007ffbe9590000 - 0x00007ffbe962d000 	C:\WINDOWS\system32\msvcrt.dll
0x00007ffbe8ff0000 - 0x00007ffbe904b000 	C:\WINDOWS\system32\sechost.dll
0x00007ffbe8c50000 - 0x00007ffbe8d76000 	C:\WINDOWS\system32\RPCRT4.dll
0x00007ffbeb190000 - 0x00007ffbeb2de000 	C:\WINDOWS\system32\USER32.dll
0x00007ffbeb2e0000 - 0x00007ffbeb466000 	C:\WINDOWS\system32\GDI32.dll
0x00007ffbdd030000 - 0x00007ffbdd2a4000 	C:\WINDOWS\WinSxS\amd64_microsoft.windows.common-controls_6595b64144ccf1df_6.0.10240.16384_none_f41f7b285750ef43\COMCTL32.dll
0x00007ffbe8e50000 - 0x00007ffbe8e86000 	C:\WINDOWS\system32\IMM32.DLL
0x00007ffbe8e90000 - 0x00007ffbe8fec000 	C:\WINDOWS\system32\MSCTF.dll
0x0000000060060000 - 0x0000000060132000 	C:\Program Files\Java\jdk1.8.0_20\jre\bin\msvcr100.dll
0x0000000060a70000 - 0x00000000612c8000 	C:\Program Files\Java\jdk1.8.0_20\jre\bin\server\jvm.dll
0x00007ffbe98e0000 - 0x00007ffbe98e8000 	C:\WINDOWS\system32\PSAPI.DLL
0x00007ffbe4430000 - 0x00007ffbe4439000 	C:\WINDOWS\SYSTEM32\WSOCK32.dll
0x00007ffbe6370000 - 0x00007ffbe6393000 	C:\WINDOWS\SYSTEM32\WINMM.dll
0x00007ffbe6110000 - 0x00007ffbe613c000 	C:\WINDOWS\SYSTEM32\WINMMBASE.dll
0x00007ffbe8050000 - 0x00007ffbe8094000 	C:\WINDOWS\system32\cfgmgr32.dll
0x00007ffbe9630000 - 0x00007ffbe9699000 	C:\WINDOWS\system32\WS2_32.dll
0x00007ffbe9700000 - 0x00007ffbe9708000 	C:\WINDOWS\system32\NSI.dll
0x00007ffbe6880000 - 0x00007ffbe68a7000 	C:\WINDOWS\SYSTEM32\DEVOBJ.dll
0x0000000060a60000 - 0x0000000060a6f000 	C:\Program Files\Java\jdk1.8.0_20\jre\bin\verify.dll
0x0000000060a30000 - 0x0000000060a58000 	C:\Program Files\Java\jdk1.8.0_20\jre\bin\java.dll
0x0000000060a10000 - 0x0000000060a26000 	C:\Program Files\Java\jdk1.8.0_20\jre\bin\zip.dll
0x00007ffbe98f0000 - 0x00007ffbeae12000 	C:\WINDOWS\system32\SHELL32.dll
0x00007ffbe8210000 - 0x00007ffbe8838000 	C:\WINDOWS\system32\windows.storage.dll
0x00007ffbe9050000 - 0x00007ffbe92cc000 	C:\WINDOWS\system32\combase.dll
0x00007ffbe8df0000 - 0x00007ffbe8e41000 	C:\WINDOWS\system32\shlwapi.dll
0x00007ffbe8040000 - 0x00007ffbe804f000 	C:\WINDOWS\system32\kernel.appcore.dll
0x00007ffbe8150000 - 0x00007ffbe8203000 	C:\WINDOWS\system32\shcore.dll
0x00007ffbe7ff0000 - 0x00007ffbe803a000 	C:\WINDOWS\system32\powrprof.dll
0x00007ffbe7fd0000 - 0x00007ffbe7fe3000 	C:\WINDOWS\system32\profapi.dll

VM Arguments:
jvm_args: -Xmx1024M -Dfile.encoding=windows-1252 -Duser.country=US -Duser.language=en -Duser.variant 
java_command: com.android.dx.command.Main --dex --output C:\Users\Bharath\AndroidStudioProjects\Whale\app\build\intermediates\pre-dexed\debug\classes-95093461d10a88b1a7b2e819ee0ee30ec09358e3.jar C:\Users\Bharath\AndroidStudioProjects\Whale\app\build\intermediates\exploded-aar\com.android.support\design\23.1.0\jars\classes.jar
java_class_path (initial): C:\Users\Bharath\AppData\Local\Android\sdk\build-tools\22.0.1\lib\dx.jar
Launcher Type: SUN_STANDARD

Environment Variables:
JAVA_HOME=C:\Program Files\Java\jdk1.8.0_20
PATH=C:\ProgramData\Oracle\Java\javapath;C:\Program Files\Java\jdk1.8.0_25\bin;C:\WINDOWS\system32;C:\WINDOWS;C:\WINDOWS\System32\Wbem;C:\WINDOWS\System32\WindowsPowerShell\v1.0\;C:\Program Files (x86)\Skype\Phone\;%USERPROFILE%\.dnx\bin;C:\Program Files\Microsoft DNX\Dnvm\;C:\Program Files\Microsoft SQL Server\120\Tools\Binn\;C:\Strawberry\c\bin;C:\Strawberry\perl\site\bin;C:\Strawberry\perl\bin;C:\Program Files\nodejs\;C:\Users\Bharath\AppData\Roaming\npm
USERNAME=Bharath
OS=Windows_NT
PROCESSOR_IDENTIFIER=Intel64 Family 6 Model 60 Stepping 3, GenuineIntel



---------------  S Y S T E M  ---------------

OS: Windows 8.1 , 64 bit Build 9600 

CPU:total 8 (4 cores per cpu, 2 threads per core) family 6 model 60 stepping 3, cmov, cx8, fxsr, mmx, sse, sse2, sse3, ssse3, sse4.1, sse4.2, popcnt, avx, avx2, aes, clmul, erms, lzcnt, ht, tsc, tscinvbit, bmi1, bmi2

Memory: 4k page, physical 8134936k(1283024k free), swap 12790040k(2124k free)

vm_info: Java HotSpot(TM) 64-Bit Server VM (25.20-b23) for windows-amd64 JRE (1.8.0_20-b26), built on Jul 30 2014 13:51:23 by "java_re" with MS VC++ 10.0 (VS2010)

time: Mon Nov 23 23:59:38 2015
elapsed time: 2 seconds (0d 0h 0m 2s)

